  1        1  (16)      1 :  0.1612 0.5564 0.0167 0.2657 
  2        2   (7)      1 :  0.2296 0.7023 0.0354 0.0327 
  3        3  (16)      1 :  0.1692 0.7169 0.0261 0.0878 
  4        4  (10)      1 :  0.2127 0.7127 0.0204 0.0541 
  5        5  (71)      1 :  0.1140 0.7492 0.0318 0.1051 
  6        6  (17)      1 :  0.3061 0.5958 0.0409 0.0572 
  7        7  (18)      1 :  0.0492 0.5958 0.3175 0.0375 
  8        8  (32)      1 :  0.1751 0.6511 0.0226 0.1512 
  9        9  (20)      1 :  0.1124 0.8044 0.0286 0.0546 
 10       10  (26)      1 :  0.1955 0.6171 0.0267 0.1607 
 11       11  (22)      1 :  0.1631 0.7800 0.0206 0.0362 
 12       12  (22)      1 :  0.1622 0.6008 0.0668 0.1702 
 13       13   (6)      1 :  0.2213 0.6875 0.0390 0.0522 
 14       14  (46)      1 :  0.2089 0.7282 0.0399 0.0229 
 15       15  (12)      1 :  0.1777 0.5689 0.0309 0.2225 
 16       16  (13)      2 :  0.1234 0.7474 0.0311 0.0980 
 17       17  (11)      2 :  0.1647 0.6717 0.0259 0.1377 
 18       18   (9)      2 :  0.1218 0.7891 0.0382 0.0509 
 19       19  (11)      2 :  0.2936 0.6371 0.0325 0.0368 
 20       20   (6)      2 :  0.1667 0.6496 0.0240 0.1596 
 21       21  (27)      2 :  0.0943 0.7914 0.0356 0.0787 
 22       22   (8)      2 :  0.2065 0.6979 0.0261 0.0696 
 23       23   (9)      2 :  0.2457 0.6966 0.0260 0.0317 
 24       24  (12)      2 :  0.1968 0.6712 0.0694 0.0627 
 25       25  (42)      2 :  0.0456 0.6992 0.0601 0.1951 
 26       26  (11)      2 :  0.1359 0.7865 0.0302 0.0474 
 27       27  (26)      2 :  0.2158 0.5906 0.0396 0.1540 
 28       28  (15)      2 :  0.1823 0.7383 0.0316 0.0478 
 29       29  (27)      2 :  0.0918 0.7896 0.0402 0.0784 
 30       30  (14)      2 :  0.1215 0.7420 0.0532 0.0832 
 31       31   (6)      2 :  0.2141 0.6820 0.0518 0.0521 
 32       32  (28)      3 :  0.1125 0.8081 0.0369 0.0425 
 33       33   (8)      3 :  0.3028 0.6330 0.0254 0.0388 
 34       34  (27)      3 :  0.1279 0.7887 0.0317 0.0518 
 35       35  (10)      3 :  0.1263 0.7607 0.0389 0.0741 
 36       36  (18)      3 :  0.2176 0.6698 0.0316 0.0811 
 37       37  (51)      3 :  0.0240 0.5658 0.3596 0.0506 
 38       38  (38)      3 :  0.2001 0.7244 0.0216 0.0539 
 39       39  (23)      3 :  0.1469 0.7810 0.0270 0.0451 
 40       40  (10)      3 :  0.2180 0.6876 0.0404 0.0540 
 41       41  (17)      3 :  0.2864 0.6167 0.0600 0.0370 
 42       42  (61)      3 :  0.1709 0.7112 0.0372 0.0807 
 43       43  (11)      3 :  0.1510 0.6263 0.0359 0.1869 
 44       44  (20)      3 :  0.1891 0.6569 0.0346 0.1194 
 45       45  (15)      3 :  0.1424 0.7634 0.0341 0.0600 
 46       46  (19)      3 :  0.1203 0.6104 0.0608 0.2085 
 47       47   (9)      4 :  0.1335 0.7878 0.0278 0.0509 
 48       48   (8)      4 :  0.1530 0.7555 0.0244 0.0671 
 49       49   (7)      4 :  0.2228 0.6789 0.0245 0.0738 
 50       50  (23)      4 :  0.2189 0.6866 0.0275 0.0670 
 51       51   (6)      4 :  0.1804 0.6459 0.0271 0.1467 
 52       52   (5)      4 :  0.1594 0.7742 0.0221 0.0443 
 53       53  (40)      4 :  0.0149 0.5537 0.4247 0.0067 
 54       54  (15)      4 :  0.2714 0.6304 0.0565 0.0418 
 55       55  (14)      4 :  0.0934 0.6771 0.0710 0.1585 
 56       56   (6)      4 :  0.1311 0.7848 0.0316 0.0525 
 57       57  (14)      4 :  0.0301 0.6609 0.1298 0.1792 
 58       58   (8)      4 :  0.3376 0.6036 0.0221 0.0367 
 59       59  (12)      4 :  0.1438 0.7670 0.0260 0.0633 
 60       60   (7)      4 :  0.1493 0.7515 0.0301 0.0690 
 61       61  (30)      5 :  0.2326 0.7058 0.0269 0.0347 
 62       62  (11)      5 :  0.2173 0.7205 0.0266 0.0356 
 63       63  (48)      5 :  0.2858 0.6477 0.0329 0.0336 
 64       64  (18)      5 :  0.1266 0.6907 0.0748 0.1079 
 65       65  (23)      5 :  0.2135 0.5913 0.0217 0.1734 
 66       66  (13)      5 :  0.3217 0.6183 0.0280 0.0320 
 67       67   (8)      5 :  0.2540 0.6339 0.0260 0.0861 
 68       68   (5)      5 :  0.2049 0.7035 0.0478 0.0438 
 69       69  (36)      5 :  0.1912 0.6375 0.0238 0.1475 
 70       70  (14)      5 :  0.2578 0.6761 0.0256 0.0405 
 71       71  (23)      5 :  0.2726 0.6199 0.0196 0.0879 
 72       72  (47)      5 :  0.1455 0.7626 0.0588 0.0331 
 73       73  (17)      5 :  0.1745 0.6433 0.0368 0.1454 
 74       74   (9)      5 :  0.2191 0.6422 0.0237 0.1149 
 75       75  (13)      5 :  0.1967 0.6698 0.0789 0.0545 
 76       76  (18)      6 :  0.2031 0.5962 0.0222 0.1784 
 77       77   (8)      6 :  0.2371 0.7095 0.0284 0.0249 
 78       78  (16)      6 :  0.2142 0.6779 0.0406 0.0672 
 79       79  (11)      6 :  0.2533 0.6811 0.0198 0.0457 
 80       80  (16)      6 :  0.1568 0.7854 0.0219 0.0360 
 81       81   (7)      6 :  0.1750 0.7469 0.0349 0.0433 
 82       82  (20)      6 :  0.2435 0.6985 0.0263 0.0317 
 83       83  (11)      6 :  0.1266 0.7281 0.0443 0.1010 
 84       84  (13)      6 :  0.2424 0.6929 0.0355 0.0292 
 85       85   (7)      6 :  0.1525 0.7668 0.0308 0.0499 
 86       86  (19)      6 :  0.0534 0.6995 0.0928 0.1544 
 87       87  (43)      6 :  0.1956 0.6219 0.0348 0.1476 
 88       88  (21)      6 :  0.1699 0.7163 0.0341 0.0797 
 89       89  (11)      6 :  0.2370 0.6894 0.0411 0.0325 
 90       90  (20)      6 :  0.2031 0.7046 0.0370 0.0553 
 91       91  (14)      6 :  0.2019 0.7094 0.0250 0.0637 
 92       92   (9)      7 :  0.1264 0.7710 0.0342 0.0684 
 93       93  (16)      7 :  0.2301 0.6596 0.0399 0.0703 
 94       94  (24)      7 :  0.0309 0.6070 0.0716 0.2905 
 95       95   (6)      7 :  0.1856 0.7604 0.0242 0.0298 
 96       96  (33)      7 :  0.1529 0.6798 0.0341 0.1332 
 97       97  (21)      7 :  0.1698 0.6178 0.0332 0.1793 
 98       98  (11)      7 :  0.2223 0.6511 0.0193 0.1074 
 99       99  (17)      7 :  0.1378 0.7766 0.0460 0.0396 
100      100  (15)      7 :  0.1577 0.6102 0.1877 0.0444 
101      101  (55)      7 :  0.1016 0.7834 0.0272 0.0878 
102      102  (12)      7 :  0.1401 0.6749 0.0206 0.1644 
103      103  (14)      7 :  0.1714 0.7475 0.0336 0.0475 
104      104  (17)      7 :  0.2696 0.6736 0.0284 0.0284 
105      105  (14)      7 :  0.1397 0.7946 0.0300 0.0358 
