  1        1  (16)      1 :  0.1997 0.2130 0.5873 
  2        2   (7)      1 :  0.1165 0.2360 0.6475 
  3        3  (16)      1 :  0.1156 0.2347 0.6497 
  4        4  (10)      1 :  0.1210 0.2127 0.6662 
  5        5  (71)      1 :  0.1158 0.2424 0.6418 
  6        6  (17)      1 :  0.1213 0.2570 0.6217 
  7        7  (18)      1 :  0.2385 0.1337 0.6278 
  8        8  (32)      1 :  0.1100 0.2140 0.6759 
  9        9  (20)      1 :  0.1133 0.2440 0.6427 
 10       10  (26)      1 :  0.1123 0.2450 0.6427 
 11       11  (22)      1 :  0.1024 0.2021 0.6955 
 12       12  (22)      1 :  0.1222 0.2468 0.6310 
 13       13   (6)      1 :  0.1451 0.2364 0.6185 
 14       14  (46)      1 :  0.1067 0.2315 0.6617 
 15       15  (12)      1 :  0.1346 0.2625 0.6030 
 16       16  (13)      2 :  0.1152 0.2411 0.6436 
 17       17  (11)      2 :  0.1159 0.2293 0.6548 
 18       18   (9)      2 :  0.1332 0.2047 0.6621 
 19       19  (11)      2 :  0.1089 0.2378 0.6533 
 20       20   (6)      2 :  0.1284 0.2492 0.6224 
 21       21  (27)      2 :  0.1206 0.2276 0.6518 
 22       22   (8)      2 :  0.1302 0.2327 0.6371 
 23       23   (9)      2 :  0.1181 0.2319 0.6501 
 24       24  (12)      2 :  0.1420 0.2353 0.6227 
 25       25  (42)      2 :  0.1854 0.1827 0.6319 
 26       26  (11)      2 :  0.1182 0.2423 0.6395 
 27       27  (26)      2 :  0.1290 0.2572 0.6138 
 28       28  (15)      2 :  0.1448 0.2076 0.6476 
 29       29  (27)      2 :  0.0998 0.2239 0.6762 
 30       30  (14)      2 :  0.1429 0.2326 0.6245 
 31       31   (6)      2 :  0.1190 0.2482 0.6328 
 32       32  (28)      3 :  0.1171 0.2138 0.6690 
 33       33   (8)      3 :  0.1147 0.2215 0.6638 
 34       34  (27)      3 :  0.1193 0.2206 0.6601 
 35       35  (10)      3 :  0.1348 0.2334 0.6317 
 36       36  (18)      3 :  0.1289 0.2089 0.6621 
 37       37  (51)      3 :  0.2425 0.1625 0.5951 
 38       38  (38)      3 :  0.1105 0.2340 0.6555 
 39       39  (23)      3 :  0.1301 0.2327 0.6371 
 40       40  (10)      3 :  0.1130 0.2348 0.6523 
 41       41  (17)      3 :  0.1273 0.2326 0.6401 
 42       42  (61)      3 :  0.1370 0.2151 0.6479 
 43       43  (11)      3 :  0.1361 0.2184 0.6456 
 44       44  (20)      3 :  0.1306 0.2289 0.6405 
 45       45  (15)      3 :  0.1091 0.2559 0.6350 
 46       46  (19)      3 :  0.1645 0.2207 0.6148 
 47       47   (9)      4 :  0.1193 0.2344 0.6463 
 48       48   (8)      4 :  0.1205 0.2364 0.6430 
 49       49   (7)      4 :  0.1301 0.2541 0.6158 
 50       50  (23)      4 :  0.1238 0.2509 0.6253 
 51       51   (6)      4 :  0.1319 0.2372 0.6309 
 52       52   (5)      4 :  0.1340 0.2328 0.6332 
 53       53  (40)      4 :  0.2344 0.1923 0.5733 
 54       54  (15)      4 :  0.1286 0.2534 0.6179 
 55       55  (14)      4 :  0.1476 0.2381 0.6142 
 56       56   (6)      4 :  0.1203 0.2423 0.6374 
 57       57  (14)      4 :  0.2464 0.1467 0.6068 
 58       58   (8)      4 :  0.1271 0.2377 0.6352 
 59       59  (12)      4 :  0.1236 0.2428 0.6336 
 60       60   (7)      4 :  0.1384 0.2403 0.6213 
 61       61  (30)      5 :  0.0995 0.2203 0.6803 
 62       62  (11)      5 :  0.1142 0.2568 0.6290 
 63       63  (48)      5 :  0.1010 0.2276 0.6714 
 64       64  (18)      5 :  0.1598 0.2071 0.6331 
 65       65  (23)      5 :  0.1228 0.2244 0.6528 
 66       66  (13)      5 :  0.1185 0.2344 0.6471 
 67       67   (8)      5 :  0.1272 0.2431 0.6297 
 68       68   (5)      5 :  0.1337 0.2406 0.6257 
 69       69  (36)      5 :  0.1142 0.2239 0.6620 
 70       70  (14)      5 :  0.1084 0.2389 0.6527 
 71       71  (23)      5 :  0.1120 0.2467 0.6413 
 72       72  (47)      5 :  0.1365 0.2154 0.6481 
 73       73  (17)      5 :  0.1411 0.2184 0.6404 
 74       74   (9)      5 :  0.1088 0.2449 0.6463 
 75       75  (13)      5 :  0.1796 0.2025 0.6179 
 76       76  (18)      6 :  0.1164 0.2456 0.6380 
 77       77   (8)      6 :  0.1129 0.2545 0.6326 
 78       78  (16)      6 :  0.1366 0.2409 0.6225 
 79       79  (11)      6 :  0.1078 0.2255 0.6668 
 80       80  (16)      6 :  0.1122 0.2319 0.6560 
 81       81   (7)      6 :  0.1161 0.2513 0.6326 
 82       82  (20)      6 :  0.1136 0.2586 0.6278 
 83       83  (11)      6 :  0.1449 0.2435 0.6116 
 84       84  (13)      6 :  0.1329 0.2459 0.6211 
 85       85   (7)      6 :  0.1161 0.2101 0.6738 
 86       86  (19)      6 :  0.2024 0.1295 0.6680 
 87       87  (43)      6 :  0.1196 0.2499 0.6305 
 88       88  (21)      6 :  0.1318 0.2047 0.6636 
 89       89  (11)      6 :  0.1162 0.2643 0.6195 
 90       90  (20)      6 :  0.1038 0.2304 0.6658 
 91       91  (14)      6 :  0.1101 0.2322 0.6577 
 92       92   (9)      7 :  0.1245 0.2405 0.6350 
 93       93  (16)      7 :  0.1276 0.2158 0.6566 
 94       94  (24)      7 :  0.1486 0.2283 0.6231 
 95       95   (6)      7 :  0.1126 0.2427 0.6447 
 96       96  (33)      7 :  0.1118 0.2302 0.6581 
 97       97  (21)      7 :  0.1319 0.2108 0.6574 
 98       98  (11)      7 :  0.1300 0.2280 0.6420 
 99       99  (17)      7 :  0.1372 0.2214 0.6414 
100      100  (15)      7 :  0.1877 0.2053 0.6070 
101      101  (55)      7 :  0.1084 0.2254 0.6662 
102      102  (12)      7 :  0.1135 0.2295 0.6570 
103      103  (14)      7 :  0.1335 0.2354 0.6311 
104      104  (17)      7 :  0.1106 0.2417 0.6478 
105      105  (14)      7 :  0.1245 0.2194 0.6561 
