  1        1  (16)      1 :  0.2196 0.7804 
  2        2   (7)      1 :  0.1676 0.8324 
  3        3  (16)      1 :  0.1675 0.8325 
  4        4  (10)      1 :  0.1783 0.8217 
  5        5  (71)      1 :  0.1622 0.8378 
  6        6  (17)      1 :  0.1768 0.8232 
  7        7  (18)      1 :  0.1779 0.8221 
  8        8  (32)      1 :  0.1386 0.8614 
  9        9  (20)      1 :  0.1553 0.8447 
 10       10  (26)      1 :  0.1631 0.8369 
 11       11  (22)      1 :  0.1373 0.8627 
 12       12  (22)      1 :  0.1579 0.8421 
 13       13   (6)      1 :  0.1954 0.8046 
 14       14  (46)      1 :  0.1454 0.8546 
 15       15  (12)      1 :  0.2093 0.7907 
 16       16  (13)      2 :  0.1676 0.8324 
 17       17  (11)      2 :  0.1625 0.8375 
 18       18   (9)      2 :  0.1720 0.8280 
 19       19  (11)      2 :  0.1569 0.8431 
 20       20   (6)      2 :  0.1818 0.8182 
 21       21  (27)      2 :  0.1552 0.8448 
 22       22   (8)      2 :  0.1882 0.8118 
 23       23   (9)      2 :  0.1717 0.8283 
 24       24  (12)      2 :  0.1735 0.8265 
 25       25  (42)      2 :  0.1580 0.8420 
 26       26  (11)      2 :  0.1760 0.8240 
 27       27  (26)      2 :  0.1799 0.8201 
 28       28  (15)      2 :  0.1849 0.8151 
 29       29  (27)      2 :  0.1376 0.8624 
 30       30  (14)      2 :  0.1781 0.8219 
 31       31   (6)      2 :  0.1713 0.8287 
 32       32  (28)      3 :  0.1541 0.8459 
 33       33   (8)      3 :  0.1659 0.8341 
 34       34  (27)      3 :  0.1684 0.8316 
 35       35  (10)      3 :  0.1856 0.8144 
 36       36  (18)      3 :  0.1665 0.8335 
 37       37  (51)      3 :  0.1795 0.8205 
 38       38  (38)      3 :  0.1564 0.8436 
 39       39  (23)      3 :  0.1919 0.8081 
 40       40  (10)      3 :  0.1453 0.8547 
 41       41  (17)      3 :  0.1707 0.8293 
 42       42  (61)      3 :  0.1787 0.8213 
 43       43  (11)      3 :  0.1729 0.8271 
 44       44  (20)      3 :  0.1713 0.8287 
 45       45  (15)      3 :  0.1604 0.8396 
 46       46  (19)      3 :  0.1940 0.8060 
 47       47   (9)      4 :  0.1757 0.8243 
 48       48   (8)      4 :  0.1771 0.8229 
 49       49   (7)      4 :  0.1954 0.8046 
 50       50  (23)      4 :  0.1794 0.8206 
 51       51   (6)      4 :  0.1892 0.8108 
 52       52   (5)      4 :  0.1880 0.8120 
 53       53  (40)      4 :  0.1822 0.8178 
 54       54  (15)      4 :  0.1734 0.8266 
 55       55  (14)      4 :  0.1759 0.8241 
 56       56   (6)      4 :  0.1762 0.8238 
 57       57  (14)      4 :  0.1922 0.8078 
 58       58   (8)      4 :  0.1795 0.8205 
 59       59  (12)      4 :  0.1747 0.8253 
 60       60   (7)      4 :  0.1968 0.8032 
 61       61  (30)      5 :  0.1428 0.8572 
 62       62  (11)      5 :  0.1681 0.8319 
 63       63  (48)      5 :  0.1325 0.8675 
 64       64  (18)      5 :  0.1654 0.8346 
 65       65  (23)      5 :  0.1893 0.8107 
 66       66  (13)      5 :  0.1681 0.8319 
 67       67   (8)      5 :  0.1866 0.8134 
 68       68   (5)      5 :  0.1908 0.8092 
 69       69  (36)      5 :  0.1517 0.8483 
 70       70  (14)      5 :  0.1564 0.8436 
 71       71  (23)      5 :  0.1611 0.8389 
 72       72  (47)      5 :  0.1727 0.8273 
 73       73  (17)      5 :  0.1709 0.8291 
 74       74   (9)      5 :  0.1594 0.8406 
 75       75  (13)      5 :  0.1929 0.8071 
 76       76  (18)      6 :  0.1805 0.8195 
 77       77   (8)      6 :  0.1692 0.8308 
 78       78  (16)      6 :  0.1978 0.8022 
 79       79  (11)      6 :  0.1600 0.8400 
 80       80  (16)      6 :  0.1683 0.8317 
 81       81   (7)      6 :  0.1798 0.8202 
 82       82  (20)      6 :  0.1761 0.8239 
 83       83  (11)      6 :  0.1918 0.8082 
 84       84  (13)      6 :  0.1853 0.8147 
 85       85   (7)      6 :  0.1605 0.8395 
 86       86  (19)      6 :  0.1620 0.8380 
 87       87  (43)      6 :  0.1672 0.8328 
 88       88  (21)      6 :  0.1431 0.8569 
 89       89  (11)      6 :  0.1768 0.8232 
 90       90  (20)      6 :  0.1464 0.8536 
 91       91  (14)      6 :  0.1621 0.8379 
 92       92   (9)      7 :  0.1755 0.8245 
 93       93  (16)      7 :  0.1723 0.8277 
 94       94  (24)      7 :  0.1412 0.8588 
 95       95   (6)      7 :  0.1730 0.8270 
 96       96  (33)      7 :  0.1445 0.8555 
 97       97  (21)      7 :  0.1553 0.8447 
 98       98  (11)      7 :  0.1882 0.8118 
 99       99  (17)      7 :  0.1724 0.8276 
100      100  (15)      7 :  0.1856 0.8144 
101      101  (55)      7 :  0.1587 0.8413 
102      102  (12)      7 :  0.1582 0.8418 
103      103  (14)      7 :  0.1756 0.8244 
104      104  (17)      7 :  0.1570 0.8430 
105      105  (14)      7 :  0.1774 0.8226 
