 1        1   (8)      1 :  0.9972 0.0028 
 2        2   (9)      1 :  0.8821 0.1179 
 3        3   (9)      1 :  0.8904 0.1096 
 4        4  (18)      1 :  0.8404 0.1596 
 5        5  (22)      1 :  0.9955 0.0045 
 6        6   (9)      1 :  0.3007 0.6993 
 7        7  (13)      1 :  0.9605 0.0395 
 8        8  (14)      1 :  0.7970 0.2030 
 9        9   (5)      1 :  0.7768 0.2232 
10       10  (10)      1 :  0.9089 0.0911 
11       11  (21)      1 :  0.3643 0.6357 
12       12   (7)      1 :  0.3879 0.6121 
13       13  (26)      1 :  0.9945 0.0055 
14       14   (8)      2 :  0.0081 0.9919 
15       15   (7)      2 :  0.0855 0.9145 
16       16   (7)      2 :  0.0104 0.9896 
17       17   (8)      2 :  0.2334 0.7666 
18       18  (13)      2 :  0.1999 0.8001 
19       19  (15)      2 :  0.0799 0.9201 
20       20   (6)      2 :  0.0095 0.9905 
21       21   (6)      2 :  0.0032 0.9968 
22       22   (8)      2 :  0.1226 0.8774 
23       23   (5)      2 :  0.0401 0.9599 
24       24  (13)      2 :  0.0045 0.9955 
25       25  (10)      2 :  0.0086 0.9914 
26       26   (9)      2 :  0.0020 0.9980 
27       27  (49)      2 :  0.0151 0.9849 
28       28  (20)      2 :  0.0884 0.9116 
29       29   (9)      3 :  0.9925 0.0075 
30       30   (8)      3 :  0.9980 0.0020 
31       31  (18)      3 :  0.9680 0.0320 
32       32  (13)      3 :  0.7337 0.2663 
33       33   (6)      3 :  0.9951 0.0049 
34       34  (10)      3 :  0.8665 0.1335 
35       35   (4)      3 :  0.6716 0.3284 
36       36  (17)      3 :  0.9952 0.0048 
37       37   (8)      3 :  0.7754 0.2246 
38       38   (9)      3 :  0.9229 0.0771 
39       39  (14)      3 :  0.8591 0.1409 
40       40  (15)      3 :  0.9896 0.0104 
41       41   (5)      4 :  0.0056 0.9944 
42       42   (8)      4 :  0.0044 0.9956 
43       43  (17)      4 :  0.0138 0.9862 
44       44  (33)      4 :  0.1612 0.8388 
45       45  (17)      4 :  0.0064 0.9936 
46       46  (14)      4 :  0.3360 0.6640 
47       47   (5)      4 :  0.0030 0.9970 
48       48  (24)      4 :  0.0155 0.9845 
49       49  (32)      4 :  0.0153 0.9847 
50       50  (24)      4 :  0.0075 0.9925 
51       51  (17)      4 :  0.0628 0.9372 
52       52   (5)      4 :  0.1692 0.8308 
53       53  (10)      4 :  0.0083 0.9917 
54       54   (9)      4 :  0.1743 0.8257 
55       55  (27)      5 :  0.3201 0.6799 
56       56  (15)      5 :  0.8010 0.1990 
57       57  (15)      5 :  0.8293 0.1707 
58       58   (5)      5 :  0.9984 0.0016 
59       59   (7)      5 :  0.6456 0.3544 
60       60   (9)      5 :  0.8558 0.1442 
61       61  (17)      5 :  0.6024 0.3976 
62       62  (10)      5 :  0.8399 0.1601 
63       63  (12)      5 :  0.6232 0.3768 
64       64  (16)      5 :  0.6556 0.3444 
65       65  (17)      5 :  0.6413 0.3587 
66       66  (15)      5 :  0.7564 0.2436 
67       67  (12)      5 :  0.7099 0.2901 
68       68   (8)      5 :  0.6536 0.3464 
69       69  (13)      5 :  0.7343 0.2657 
70       70   (8)      5 :  0.6552 0.3448 
71       71  (20)      6 :  0.0056 0.9944 
72       72   (6)      6 :  0.0020 0.9980 
73       73  (40)      6 :  0.0104 0.9896 
74       74  (25)      6 :  0.0030 0.9970 
75       75  (15)      6 :  0.0082 0.9918 
76       76  (36)      6 :  0.1514 0.8486 
77       77   (8)      6 :  0.0054 0.9946 
78       78   (9)      6 :  0.0039 0.9961 
79       79   (8)      6 :  0.0124 0.9876 
80       80   (8)      6 :  0.1747 0.8253 
81       81   (8)      6 :  0.0816 0.9184 
82       82   (9)      6 :  0.0034 0.9966 
83       83   (9)      5 :  0.6694 0.3306 
