  1        1  (21)      1 :  0.0197 0.9703 0.0100 
  2        2   (8)      2 :  0.8502 0.0450 0.1048 
  3        3  (22)      3 :  0.5495 0.0386 0.4119 
  4        4  (12)      4 :  0.5425 0.1508 0.3067 
  5        5  (75)      5 :  0.1065 0.2314 0.6621 
  6        6  (23)      6 :  0.0309 0.5695 0.3996 
  7        7  (24)      7 :  0.0095 0.1884 0.8021 
  8        8  (40)      1 :  0.0292 0.8091 0.1617 
  9        9  (22)      2 :  0.9080 0.0529 0.0391 
 10       10  (33)      3 :  0.1963 0.5556 0.2481 
 11       11  (29)      4 :  0.5520 0.0058 0.4422 
 12       12  (25)      5 :  0.2186 0.5762 0.2052 
 13       13   (9)      6 :  0.0100 0.4791 0.5109 
 14       14  (52)      7 :  0.3227 0.0820 0.5953 
 15       15  (14)      1 :  0.0060 0.9693 0.0247 
 16       16  (17)      2 :  0.9451 0.0402 0.0147 
 17       17  (18)      3 :  0.6364 0.0162 0.3474 
 18       18  (14)      4 :  0.5094 0.0083 0.4823 
 19       19  (17)      5 :  0.3243 0.4632 0.2125 
 20       20   (9)      6 :  0.0623 0.4184 0.5193 
 21       21  (32)      7 :  0.0296 0.0157 0.9547 
 22       22  (12)      1 :  0.0159 0.9688 0.0153 
 23       23  (14)      2 :  0.9823 0.0049 0.0128 
 24       24  (16)      3 :  0.6136 0.0209 0.3655 
 25       25  (46)      4 :  0.5136 0.0095 0.4769 
 26       26  (10)      5 :  0.2501 0.5635 0.1864 
 27       27  (32)      6 :  0.0398 0.4436 0.5166 
 28       28  (18)      7 :  0.1956 0.0561 0.7483 
 29       29  (32)      1 :  0.1922 0.7583 0.0495 
 30       30  (18)      2 :  0.9166 0.0548 0.0286 
 31       31   (9)      3 :  0.5186 0.0149 0.4665 
 32       32  (32)      4 :  0.4737 0.0139 0.5124 
 33       33  (14)      5 :  0.2910 0.5288 0.1802 
 34       34  (30)      6 :  0.0384 0.4948 0.4668 
 35       35  (14)      7 :  0.1326 0.0275 0.8399 
 36       36  (21)      1 :  0.0201 0.9664 0.0135 
 37       37  (54)      2 :  0.9373 0.0549 0.0078 
 38       38  (45)      3 :  0.7702 0.0156 0.2142 
 39       39  (27)      4 :  0.6703 0.0524 0.2773 
 40       40  (13)      5 :  0.1725 0.6723 0.1553 
 41       41  (18)      6 :  0.1552 0.3673 0.4775 
 42       42  (66)      7 :  0.0563 0.0441 0.8996 
 43       43  (14)      1 :  0.0479 0.9443 0.0078 
 44       44  (22)      2 :  0.8383 0.1043 0.0574 
 45       45  (19)      3 :  0.6117 0.0653 0.3230 
 46       46  (22)      4 :  0.3517 0.0161 0.6322 
 47       47  (12)      5 :  0.1755 0.4667 0.3578 
 48       48  (11)      6 :  0.1047 0.2879 0.6074 
 49       49   (9)      7 :  0.2723 0.0140 0.7137 
 50       50  (30)      1 :  0.0151 0.9706 0.0143 
 51       51   (8)      2 :  0.9337 0.0380 0.0283 
 52       52   (9)      3 :  0.4543 0.1682 0.3774 
 53       53  (43)      4 :  0.4356 0.1499 0.4145 
 54       54  (21)      5 :  0.1969 0.6088 0.1943 
 55       55  (20)      6 :  0.0076 0.5049 0.4875 
 56       56   (6)      7 :  0.0148 0.0124 0.9728 
 57       57  (15)      1 :  0.0373 0.9470 0.0157 
 58       58   (7)      2 :  0.9494 0.0304 0.0202 
 59       59  (15)      3 :  0.5715 0.1751 0.2534 
 60       60   (9)      4 :  0.3793 0.0600 0.5607 
 61       61  (33)      5 :  0.2581 0.5134 0.2285 
 62       62  (12)      6 :  0.0230 0.4478 0.5292 
 63       63  (57)      7 :  0.0630 0.0825 0.8545 
 64       64  (23)      1 :  0.0091 0.9787 0.0122 
 65       65  (31)      2 :  0.9776 0.0108 0.0116 
 66       66  (17)      3 :  0.4899 0.2277 0.2824 
 67       67  (10)      4 :  0.4917 0.0166 0.4917 
 68       68   (8)      5 :  0.2563 0.3685 0.3752 
 69       69  (41)      6 :  0.1615 0.1754 0.6631 
 70       70  (17)      7 :  0.0230 0.0490 0.9280 
 71       71  (29)      1 :  0.0188 0.9664 0.0148 
 72       72  (51)      2 :  0.9638 0.0092 0.0270 
 73       73  (22)      3 :  0.8464 0.0177 0.1359 
 74       74  (14)      4 :  0.4449 0.0647 0.4904 
 75       75  (18)      5 :  0.1903 0.6296 0.1801 
 76       76  (25)      6 :  0.0514 0.5008 0.4478 
 77       77  (12)      7 :  0.0596 0.0343 0.9061 
 78       78  (21)      1 :  0.0078 0.9798 0.0124 
 79       79  (14)      2 :  0.9371 0.0105 0.0524 
 80       80  (22)      3 :  0.6214 0.0177 0.3609 
 81       81  (11)      4 :  0.5524 0.0599 0.3877 
 82       82  (25)      5 :  0.2667 0.4851 0.2482 
 83       83  (12)      6 :  0.0779 0.3414 0.5807 
 84       84  (18)      7 :  0.0182 0.0151 0.9667 
 85       85   (9)      1 :  0.0147 0.9623 0.0230 
 86       86  (24)      2 :  0.7979 0.1056 0.0965 
 87       87  (47)      3 :  0.8340 0.0269 0.1391 
 88       88  (27)      4 :  0.4608 0.0212 0.5180 
 89       89  (14)      5 :  0.2513 0.5360 0.2127 
 90       90  (24)      6 :  0.0226 0.4770 0.5004 
 91       91  (20)      7 :  0.0120 0.0233 0.9647 
 92       92  (10)      1 :  0.0101 0.9773 0.0126 
 93       93  (21)      2 :  0.6085 0.3676 0.0239 
 94       94  (27)      3 :  0.8723 0.0084 0.1193 
 95       95   (9)      4 :  0.3071 0.0200 0.6729 
 96       96  (40)      5 :  0.2949 0.4038 0.3013 
 97       97  (26)      6 :  0.0141 0.6595 0.3264 
 98       98  (15)      7 :  0.0916 0.0708 0.8376 
 99       99  (23)      1 :  0.0301 0.9124 0.0575 
100      100  (19)      2 :  0.9339 0.0049 0.0612 
101      101  (60)      3 :  0.2415 0.2255 0.5330 
102      102  (17)      4 :  0.4563 0.0290 0.5147 
103      103  (18)      5 :  0.3192 0.5042 0.1765 
104      104  (23)      6 :  0.0429 0.3923 0.5648 
105      105  (20)      7 :  0.0794 0.0350 0.8856 
