

-----------------------------------------------------------------
-----------------------------------------------------------------
CLUMPP by M. Jakobsson and N. A. Rosenberg (2007)
              Code by M. Jakobsson
           Version 1.1.2 (May 2009)
-----------------------------------------------------------------
-----------------------------------------------------------------


Parameter settings 
----------------------- Main parameters -------------------------
DATATYPE = 0
INDFILE = sint_bi_rand_2f_fst90_100_1470704897/clumpp_K7.ind
POPFILE = 
OUTFILE = sint_bi_rand_2f_fst90_100_1470704897/clumpp_K7.out
MISCFILE = sint_bi_rand_2f_fst90_100_1470704897/clumpp_K7.misc
K = 7
C = 105
R = 10
M = 2
W = 0
S = 2
- Additional options for the Greedy and LargeKGreedy algorithms -
GREEDY_OPTION = 2
REPEATS = 1000
PERMUTATIONFILE = 
----------------------- Optional outputs ------------------------
PRINT_PERMUTED_DATA = 2
PERMUTED_DATAFILE = sint_bi_rand_2f_fst90_100_1470704897/clumpp_K7_perm
PRINT_EVERY_PERM = 0
EVERY_PERMFILE = 
PRINT_RANDOM_INPUTORDERFILE = 0
RANDOM_INPUTORDERFILE = 
----------------------- Advanced options ------------------------
OVERRIDE_WARNINGS = 0
ORDER_BY_RUN = 1


In total, 1000 configurations of runs and clusters will be tested.

Running... 
----------------------------------
Best estimate of H'  Repeat number (of 1000)
0.929789590403939    1
0.929789590403939    30
0.929789590403939    75


Results 
----------------------------------
The highest value of H' is: 0.929789590403939

The list of permutation of the clusters that produces that
H' value is (each run is on a separate row)
1 2 3 4 5 6 7 
7 3 6 1 5 2 4 
4 1 5 3 7 2 6 
2 6 3 4 5 7 1 
4 2 1 6 7 3 5 
1 6 2 5 3 4 7 
5 1 3 2 6 7 4 
4 6 1 3 7 5 2 
1 2 5 7 6 3 4 
6 2 3 4 7 1 5 

The program finished in (days:hours:minutes:seconds)
0:0:25:38

