  1        1  (21)      1 :  0.0040 0.9337 0.0361 0.0157 0.0040 0.0019 0.0019 0.0027 
  2        2   (8)      2 :  0.0662 0.0060 0.0065 0.0096 0.7506 0.1225 0.0043 0.0343 
  3        3  (22)      3 :  0.0019 0.0029 0.9781 0.0028 0.0041 0.0027 0.0037 0.0038 
  4        4  (12)      4 :  0.7302 0.1224 0.1082 0.0042 0.0140 0.0030 0.0119 0.0061 
  5        5  (75)      5 :  0.0201 0.0250 0.0640 0.0394 0.0164 0.3008 0.0194 0.5149 
  6        6  (23)      6 :  0.0235 0.0140 0.0158 0.0162 0.0032 0.0725 0.8500 0.0047 
  7        7  (24)      7 :  0.0062 0.0127 0.0024 0.2066 0.0010 0.0046 0.0034 0.7631 
  8        8  (40)      1 :  0.0122 0.7384 0.0537 0.0489 0.0074 0.0424 0.0105 0.0866 
  9        9  (22)      2 :  0.0279 0.0122 0.0056 0.0111 0.9128 0.0078 0.0179 0.0047 
 10       10  (33)      3 :  0.0055 0.1127 0.7043 0.0062 0.0031 0.1447 0.0152 0.0083 
 11       11  (29)      4 :  0.9124 0.0023 0.0150 0.0271 0.0251 0.0034 0.0030 0.0117 
 12       12  (25)      5 :  0.0019 0.0019 0.0039 0.0017 0.0017 0.9848 0.0014 0.0027 
 13       13   (9)      6 :  0.0020 0.0030 0.0028 0.0080 0.0012 0.0026 0.9779 0.0025 
 14       14  (52)      7 :  0.0050 0.0126 0.1333 0.0240 0.0690 0.1349 0.0213 0.5999 
 15       15  (14)      1 :  0.0021 0.9632 0.0037 0.0098 0.0022 0.0027 0.0108 0.0055 
 16       16  (17)      2 :  0.0061 0.0103 0.0032 0.0734 0.8949 0.0047 0.0032 0.0042 
 17       17  (18)      3 :  0.0024 0.0029 0.9640 0.0058 0.0041 0.0042 0.0063 0.0103 
 18       18  (14)      4 :  0.9585 0.0023 0.0029 0.0067 0.0102 0.0054 0.0072 0.0068 
 19       19  (17)      5 :  0.0956 0.0066 0.0053 0.0096 0.0562 0.7990 0.0176 0.0101 
 20       20   (9)      6 :  0.0381 0.0154 0.0057 0.0120 0.0148 0.0034 0.8963 0.0143 
 21       21  (32)      7 :  0.0044 0.0027 0.0093 0.0273 0.0048 0.0136 0.0123 0.9256 
 22       22  (12)      1 :  0.0060 0.9115 0.0033 0.0633 0.0026 0.0035 0.0073 0.0025 
 23       23  (14)      2 :  0.0021 0.0011 0.0074 0.0049 0.9773 0.0025 0.0017 0.0030 
 24       24  (16)      3 :  0.0394 0.0019 0.6778 0.0102 0.0096 0.2369 0.0083 0.0159 
 25       25  (46)      4 :  0.9806 0.0020 0.0021 0.0030 0.0030 0.0044 0.0023 0.0026 
 26       26  (10)      5 :  0.0062 0.0107 0.0187 0.0027 0.0082 0.9477 0.0035 0.0023 
 27       27  (32)      6 :  0.0050 0.0042 0.0086 0.0049 0.0067 0.0036 0.9543 0.0127 
 28       28  (18)      7 :  0.0081 0.0101 0.0034 0.0145 0.1115 0.0036 0.0092 0.8396 
 29       29  (32)      1 :  0.0069 0.6755 0.0583 0.1565 0.0521 0.0114 0.0237 0.0157 
 30       30  (18)      2 :  0.0032 0.0136 0.0151 0.0102 0.9370 0.0029 0.0136 0.0044 
 31       31   (9)      3 :  0.0429 0.0025 0.9106 0.0099 0.0037 0.0041 0.0114 0.0150 
 32       32  (32)      4 :  0.9303 0.0029 0.0136 0.0146 0.0066 0.0041 0.0076 0.0203 
 33       33  (14)      5 :  0.0142 0.0970 0.1450 0.0261 0.0150 0.6757 0.0160 0.0111 
 34       34  (30)      6 :  0.0143 0.0074 0.0030 0.0109 0.0071 0.0115 0.9407 0.0051 
 35       35  (14)      7 :  0.0824 0.0056 0.0034 0.0153 0.0055 0.0127 0.0019 0.8732 
 36       36  (21)      1 :  0.0040 0.9094 0.0066 0.0465 0.0110 0.0087 0.0098 0.0040 
 37       37  (54)      2 :  0.0025 0.0119 0.0025 0.1846 0.7924 0.0024 0.0021 0.0016 
 38       38  (45)      3 :  0.1264 0.0045 0.8208 0.0065 0.0178 0.0124 0.0069 0.0047 
 39       39  (27)      4 :  0.7619 0.0120 0.0175 0.0258 0.1471 0.0123 0.0157 0.0077 
 40       40  (13)      5 :  0.0078 0.0164 0.0059 0.0113 0.0062 0.8867 0.0628 0.0029 
 41       41  (18)      6 :  0.0037 0.0022 0.0050 0.0083 0.0411 0.0013 0.9324 0.0060 
 42       42  (66)      7 :  0.0346 0.0077 0.0060 0.0052 0.0231 0.1149 0.0796 0.7289 
 43       43  (14)      1 :  0.0033 0.7517 0.0373 0.1874 0.0096 0.0047 0.0042 0.0018 
 44       44  (22)      2 :  0.0054 0.0082 0.0920 0.0162 0.7559 0.0982 0.0097 0.0144 
 45       45  (19)      3 :  0.0029 0.0207 0.8933 0.0213 0.0043 0.0046 0.0072 0.0457 
 46       46  (22)      4 :  0.8507 0.0023 0.0023 0.1189 0.0020 0.0022 0.0052 0.0164 
 47       47  (12)      5 :  0.0100 0.0148 0.0085 0.0092 0.0098 0.6928 0.0170 0.2379 
 48       48  (11)      6 :  0.0344 0.0060 0.0223 0.0072 0.0190 0.0113 0.8721 0.0277 
 49       49   (9)      7 :  0.0227 0.0038 0.0208 0.0029 0.1956 0.0029 0.0110 0.7403 
 50       50  (30)      1 :  0.0052 0.8949 0.0037 0.0299 0.0041 0.0514 0.0054 0.0054 
 51       51   (8)      2 :  0.0045 0.0169 0.1394 0.0089 0.7969 0.0091 0.0055 0.0188 
 52       52   (9)      3 :  0.0022 0.0157 0.8714 0.0029 0.0103 0.0158 0.0063 0.0754 
 53       53  (43)      4 :  0.7498 0.0057 0.0078 0.1987 0.0021 0.0155 0.0176 0.0028 
 54       54  (21)      5 :  0.0011 0.0039 0.0021 0.0093 0.0011 0.9779 0.0022 0.0024 
 55       55  (20)      6 :  0.0012 0.0025 0.0013 0.0067 0.0030 0.0022 0.9804 0.0027 
 56       56   (6)      7 :  0.0041 0.0030 0.0127 0.0024 0.0021 0.0060 0.0026 0.9671 
 57       57  (15)      1 :  0.0029 0.9199 0.0178 0.0237 0.0114 0.0034 0.0025 0.0184 
 58       58   (7)      2 :  0.0388 0.0140 0.0066 0.0719 0.8580 0.0038 0.0042 0.0027 
 59       59  (15)      3 :  0.0083 0.0174 0.8444 0.0038 0.0055 0.1051 0.0098 0.0057 
 60       60   (9)      4 :  0.9563 0.0117 0.0025 0.0091 0.0023 0.0018 0.0082 0.0081 
 61       61  (33)      5 :  0.0042 0.0035 0.0221 0.0018 0.0097 0.9450 0.0036 0.0101 
 62       62  (12)      6 :  0.0107 0.0170 0.0148 0.0042 0.0043 0.2978 0.6054 0.0458 
 63       63  (57)      7 :  0.0058 0.0056 0.0073 0.0894 0.0115 0.1458 0.0259 0.7086 
 64       64  (23)      1 :  0.0027 0.9564 0.0023 0.0218 0.0048 0.0028 0.0057 0.0035 
 65       65  (31)      2 :  0.0074 0.0025 0.0025 0.2077 0.7724 0.0034 0.0020 0.0021 
 66       66  (17)      3 :  0.0104 0.0157 0.8792 0.0139 0.0029 0.0697 0.0045 0.0037 
 67       67  (10)      4 :  0.8734 0.0057 0.0187 0.0330 0.0188 0.0057 0.0076 0.0371 
 68       68   (8)      5 :  0.0769 0.0025 0.0024 0.0109 0.0058 0.8745 0.0085 0.0185 
 69       69  (41)      6 :  0.0061 0.0024 0.0321 0.0229 0.0117 0.0041 0.9105 0.0102 
 70       70  (17)      7 :  0.0059 0.0071 0.0087 0.0106 0.0106 0.0040 0.0451 0.9080 
 71       71  (29)      1 :  0.0170 0.8789 0.0059 0.0470 0.0095 0.0210 0.0120 0.0087 
 72       72  (51)      2 :  0.0213 0.0026 0.0505 0.0059 0.8919 0.0121 0.0042 0.0115 
 73       73  (22)      3 :  0.0300 0.0079 0.8461 0.0106 0.0886 0.0096 0.0033 0.0039 
 74       74  (14)      4 :  0.9563 0.0130 0.0063 0.0046 0.0036 0.0049 0.0064 0.0049 
 75       75  (18)      5 :  0.0056 0.0102 0.0022 0.0027 0.0062 0.9610 0.0075 0.0046 
 76       76  (25)      6 :  0.0026 0.0057 0.0030 0.0088 0.0119 0.0036 0.9624 0.0020 
 77       77  (12)      7 :  0.0076 0.0049 0.0317 0.0078 0.0052 0.0229 0.0033 0.9166 
 78       78  (21)      1 :  0.0021 0.8520 0.0020 0.1332 0.0023 0.0018 0.0035 0.0031 
 79       79  (14)      2 :  0.0051 0.0031 0.0055 0.0554 0.8829 0.0103 0.0245 0.0132 
 80       80  (22)      3 :  0.0134 0.0042 0.8889 0.0076 0.0271 0.0108 0.0159 0.0321 
 81       81  (11)      4 :  0.8469 0.0147 0.0086 0.0154 0.0283 0.0710 0.0115 0.0036 
 82       82  (25)      5 :  0.0133 0.0040 0.0272 0.0025 0.0078 0.9286 0.0063 0.0103 
 83       83  (12)      6 :  0.0266 0.0130 0.0190 0.0056 0.0237 0.0049 0.8023 0.1049 
 84       84  (18)      7 :  0.0027 0.0025 0.0037 0.0021 0.0027 0.0055 0.0035 0.9773 
 85       85   (9)      1 :  0.0081 0.7434 0.0034 0.1107 0.0112 0.0254 0.0917 0.0062 
 86       86  (24)      2 :  0.0160 0.0062 0.0025 0.0084 0.9363 0.0026 0.0242 0.0038 
 87       87  (47)      3 :  0.0140 0.0035 0.9280 0.0274 0.0090 0.0086 0.0071 0.0024 
 88       88  (27)      4 :  0.7950 0.0067 0.0367 0.0054 0.0210 0.0149 0.0060 0.1144 
 89       89  (14)      5 :  0.0095 0.0054 0.0120 0.0082 0.0115 0.9347 0.0040 0.0147 
 90       90  (24)      6 :  0.0393 0.0166 0.0119 0.0222 0.0075 0.0040 0.8871 0.0114 
 91       91  (20)      7 :  0.0054 0.0045 0.0057 0.0024 0.0031 0.0045 0.0146 0.9598 
 92       92  (10)      1 :  0.0046 0.9493 0.0025 0.0246 0.0030 0.0093 0.0029 0.0038 
 93       93  (21)      2 :  0.0043 0.1750 0.0031 0.0193 0.7310 0.0494 0.0062 0.0116 
 94       94  (27)      3 :  0.0047 0.0020 0.9763 0.0072 0.0036 0.0021 0.0019 0.0022 
 95       95   (9)      4 :  0.6839 0.0159 0.0158 0.0103 0.0028 0.0053 0.0052 0.2607 
 96       96  (40)      5 :  0.0046 0.0047 0.0165 0.0094 0.0113 0.9179 0.0293 0.0063 
 97       97  (26)      6 :  0.0068 0.0456 0.0029 0.0116 0.0068 0.0474 0.8670 0.0119 
 98       98  (15)      7 :  0.0142 0.0084 0.0082 0.0090 0.0868 0.0037 0.2300 0.6397 
 99       99  (23)      1 :  0.0865 0.7668 0.0155 0.0505 0.0054 0.0460 0.0229 0.0065 
100      100  (19)      2 :  0.0137 0.0023 0.0029 0.0094 0.9594 0.0019 0.0011 0.0093 
101      101  (60)      3 :  0.0328 0.0115 0.6796 0.0101 0.0063 0.0187 0.2280 0.0131 
102      102  (17)      4 :  0.9413 0.0049 0.0044 0.0140 0.0053 0.0163 0.0072 0.0066 
103      103  (18)      5 :  0.0035 0.0071 0.0410 0.0230 0.0172 0.8993 0.0045 0.0044 
104      104  (23)      6 :  0.0041 0.0038 0.0096 0.0066 0.0065 0.0650 0.8510 0.0533 
105      105  (20)      7 :  0.1458 0.0120 0.0077 0.0186 0.0083 0.0107 0.0042 0.7927 
