  1        1  (21)      1 :  0.0039 0.0280 0.0027 0.0022 0.0036 0.9596 
  2        2   (8)      2 :  0.7532 0.0149 0.0053 0.1456 0.0747 0.0063 
  3        3  (22)      3 :  0.0063 0.7834 0.1025 0.1007 0.0026 0.0045 
  4        4  (12)      4 :  0.0308 0.1758 0.0265 0.0121 0.6338 0.1210 
  5        5  (75)      5 :  0.0156 0.1586 0.0273 0.4782 0.2921 0.0282 
  6        6  (23)      6 :  0.0040 0.0183 0.8734 0.0664 0.0179 0.0200 
  7        7  (24)      7 :  0.0013 0.2024 0.0128 0.0576 0.6413 0.0846 
  8        8  (40)      1 :  0.0073 0.0848 0.0154 0.0495 0.0533 0.7897 
  9        9  (22)      2 :  0.9376 0.0073 0.0200 0.0075 0.0164 0.0112 
 10       10  (33)      3 :  0.0034 0.5444 0.0898 0.2408 0.0067 0.1149 
 11       11  (29)      4 :  0.0298 0.1091 0.0029 0.0036 0.8520 0.0026 
 12       12  (25)      5 :  0.0018 0.0037 0.0015 0.9888 0.0022 0.0020 
 13       13   (9)      6 :  0.0013 0.0029 0.9872 0.0030 0.0022 0.0034 
 14       14  (52)      7 :  0.0809 0.4245 0.0700 0.2594 0.1450 0.0202 
 15       15  (14)      1 :  0.0022 0.0050 0.0120 0.0031 0.0036 0.9741 
 16       16  (17)      2 :  0.9701 0.0037 0.0047 0.0048 0.0055 0.0112 
 17       17  (18)      3 :  0.0059 0.7815 0.1036 0.1007 0.0053 0.0030 
 18       18  (14)      4 :  0.0170 0.0983 0.0086 0.0076 0.8657 0.0028 
 19       19  (17)      5 :  0.0813 0.0106 0.0201 0.8278 0.0541 0.0061 
 20       20   (9)      6 :  0.0157 0.0106 0.9122 0.0043 0.0403 0.0169 
 21       21  (32)      7 :  0.0051 0.2960 0.0245 0.0286 0.6420 0.0038 
 22       22  (12)      1 :  0.0034 0.0038 0.0087 0.0033 0.0042 0.9766 
 23       23  (14)      2 :  0.9854 0.0061 0.0020 0.0025 0.0023 0.0017 
 24       24  (16)      3 :  0.0108 0.5866 0.0819 0.2893 0.0295 0.0019 
 25       25  (46)      4 :  0.0104 0.0987 0.0031 0.0087 0.8768 0.0023 
 26       26  (10)      5 :  0.0073 0.0177 0.0043 0.9564 0.0043 0.0100 
 27       27  (32)      6 :  0.0076 0.0121 0.9614 0.0052 0.0092 0.0045 
 28       28  (18)      7 :  0.1304 0.2378 0.0112 0.0049 0.5960 0.0197 
 29       29  (32)      1 :  0.0513 0.0470 0.0286 0.0104 0.0117 0.8510 
 30       30  (18)      2 :  0.9495 0.0127 0.0151 0.0037 0.0045 0.0145 
 31       31   (9)      3 :  0.0037 0.7606 0.1063 0.0990 0.0278 0.0026 
 32       32  (32)      4 :  0.0104 0.1200 0.0091 0.0124 0.8441 0.0040 
 33       33  (14)      5 :  0.0164 0.1240 0.0196 0.6995 0.0184 0.1222 
 34       34  (30)      6 :  0.0093 0.0040 0.9534 0.0105 0.0117 0.0111 
 35       35  (14)      7 :  0.0046 0.2463 0.0020 0.0087 0.7341 0.0043 
 36       36  (21)      1 :  0.0142 0.0061 0.0085 0.0058 0.0045 0.9609 
 37       37  (54)      2 :  0.9705 0.0031 0.0028 0.0031 0.0027 0.0178 
 38       38  (45)      3 :  0.0287 0.6932 0.0970 0.1077 0.0684 0.0050 
 39       39  (27)      4 :  0.2551 0.1149 0.0178 0.0123 0.5855 0.0144 
 40       40  (13)      5 :  0.0058 0.0066 0.0628 0.8967 0.0056 0.0225 
 41       41  (18)      6 :  0.0464 0.0061 0.9373 0.0019 0.0056 0.0027 
 42       42  (66)      7 :  0.0184 0.1878 0.0826 0.1435 0.5590 0.0087 
 43       43  (14)      1 :  0.0112 0.0324 0.0063 0.0052 0.0029 0.9420 
 44       44  (22)      2 :  0.7598 0.0680 0.0186 0.1359 0.0068 0.0109 
 45       45  (19)      3 :  0.0050 0.7591 0.1023 0.1001 0.0105 0.0230 
 46       46  (22)      4 :  0.0023 0.1061 0.0051 0.0019 0.8822 0.0024 
 47       47  (12)      5 :  0.0110 0.0945 0.0222 0.7688 0.0780 0.0256 
 48       48  (11)      6 :  0.0183 0.0322 0.8843 0.0145 0.0437 0.0070 
 49       49   (9)      7 :  0.1674 0.2512 0.0150 0.0035 0.5587 0.0042 
 50       50  (30)      1 :  0.0047 0.0046 0.0061 0.0594 0.0054 0.9198 
 51       51   (8)      2 :  0.8324 0.1168 0.0063 0.0201 0.0088 0.0156 
 52       52   (9)      3 :  0.0098 0.7160 0.1032 0.1201 0.0200 0.0309 
 53       53  (43)      4 :  0.0056 0.1332 0.0319 0.3845 0.4365 0.0083 
 54       54  (21)      5 :  0.0010 0.0048 0.0018 0.9796 0.0021 0.0107 
 55       55  (20)      6 :  0.0036 0.0039 0.9810 0.0026 0.0021 0.0068 
 56       56   (6)      7 :  0.0017 0.3239 0.0045 0.0144 0.6520 0.0035 
 57       57  (15)      1 :  0.0112 0.0165 0.0034 0.0049 0.0056 0.9584 
 58       58   (7)      2 :  0.9463 0.0059 0.0049 0.0046 0.0196 0.0187 
 59       59  (15)      3 :  0.0059 0.6929 0.1004 0.1741 0.0101 0.0166 
 60       60   (9)      4 :  0.0028 0.0909 0.0100 0.0029 0.8764 0.0170 
 61       61  (33)      5 :  0.0092 0.0203 0.0051 0.9560 0.0061 0.0033 
 62       62  (12)      6 :  0.0045 0.0293 0.6141 0.3109 0.0258 0.0154 
 63       63  (57)      7 :  0.0161 0.1924 0.0536 0.3747 0.3563 0.0069 
 64       64  (23)      1 :  0.0050 0.0026 0.0049 0.0034 0.0033 0.9808 
 65       65  (31)      2 :  0.9802 0.0030 0.0026 0.0051 0.0052 0.0039 
 66       66  (17)      3 :  0.0034 0.7129 0.0870 0.1756 0.0063 0.0148 
 67       67  (10)      4 :  0.0225 0.1118 0.0073 0.0063 0.8469 0.0052 
 68       68   (8)      5 :  0.0056 0.0119 0.0087 0.8809 0.0904 0.0025 
 69       69  (41)      6 :  0.0154 0.0318 0.9359 0.0051 0.0087 0.0031 
 70       70  (17)      7 :  0.0091 0.2762 0.0654 0.0069 0.6290 0.0134 
 71       71  (29)      1 :  0.0118 0.0069 0.0125 0.0191 0.0127 0.9370 
 72       72  (51)      2 :  0.8909 0.0606 0.0054 0.0183 0.0216 0.0033 
 73       73  (22)      3 :  0.1158 0.6817 0.0817 0.0979 0.0165 0.0064 
 74       74  (14)      4 :  0.0050 0.1056 0.0073 0.0087 0.8553 0.0181 
 75       75  (18)      5 :  0.0067 0.0032 0.0109 0.9541 0.0058 0.0193 
 76       76  (25)      6 :  0.0100 0.0030 0.9665 0.0039 0.0029 0.0137 
 77       77  (12)      7 :  0.0071 0.3188 0.0051 0.0704 0.5919 0.0067 
 78       78  (21)      1 :  0.0027 0.0025 0.0031 0.0020 0.0028 0.9869 
 79       79  (14)      2 :  0.9382 0.0081 0.0305 0.0116 0.0084 0.0032 
 80       80  (22)      3 :  0.0246 0.7447 0.1033 0.1057 0.0179 0.0038 
 81       81  (11)      4 :  0.0516 0.0953 0.0123 0.1579 0.6705 0.0125 
 82       82  (25)      5 :  0.0078 0.0266 0.0086 0.9389 0.0134 0.0047 
 83       83  (12)      6 :  0.0206 0.0553 0.8044 0.0056 0.0994 0.0146 
 84       84  (18)      7 :  0.0041 0.2987 0.0078 0.0153 0.6691 0.0050 
 85       85   (9)      1 :  0.0107 0.0043 0.0762 0.0296 0.0093 0.8699 
 86       86  (24)      2 :  0.9581 0.0032 0.0215 0.0028 0.0078 0.0066 
 87       87  (47)      3 :  0.0194 0.7424 0.1043 0.1176 0.0120 0.0043 
 88       88  (27)      4 :  0.0128 0.1307 0.0069 0.0143 0.8293 0.0060 
 89       89  (14)      5 :  0.0109 0.0141 0.0042 0.9527 0.0114 0.0067 
 90       90  (24)      6 :  0.0077 0.0143 0.9125 0.0050 0.0448 0.0157 
 91       91  (20)      7 :  0.0034 0.2947 0.0235 0.0074 0.6648 0.0062 
 92       92  (10)      1 :  0.0027 0.0029 0.0032 0.0078 0.0042 0.9792 
 93       93  (21)      2 :  0.7340 0.0057 0.0077 0.0500 0.0087 0.1940 
 94       94  (27)      3 :  0.0173 0.7776 0.0970 0.0964 0.0091 0.0026 
 95       95   (9)      4 :  0.0030 0.1520 0.0063 0.0051 0.8196 0.0140 
 96       96  (40)      5 :  0.0111 0.0120 0.0291 0.9369 0.0055 0.0054 
 97       97  (26)      6 :  0.0078 0.0075 0.8398 0.0467 0.0108 0.0874 
 98       98  (15)      7 :  0.0629 0.2100 0.2054 0.0055 0.5039 0.0122 
 99       99  (23)      1 :  0.0047 0.0299 0.0271 0.0445 0.0480 0.8459 
100      100  (19)      2 :  0.9723 0.0047 0.0011 0.0023 0.0175 0.0021 
101      101  (60)      3 :  0.0062 0.5557 0.2856 0.1137 0.0297 0.0091 
102      102  (17)      4 :  0.0089 0.0982 0.0062 0.0203 0.8618 0.0046 
103      103  (18)      5 :  0.0174 0.0295 0.0061 0.9311 0.0048 0.0111 
104      104  (23)      6 :  0.0074 0.0225 0.8882 0.0627 0.0143 0.0049 
105      105  (20)      7 :  0.0071 0.2378 0.0030 0.0113 0.7296 0.0112 
