  1        1  (21)      1 :  0.0039 0.9788 0.0082 0.0091 
  2        2   (8)      2 :  0.0893 0.0114 0.1629 0.7364 
  3        3  (22)      3 :  0.0095 0.0071 0.8772 0.1062 
  4        4  (12)      4 :  0.3930 0.1459 0.0572 0.4038 
  5        5  (75)      5 :  0.2449 0.0816 0.6457 0.0278 
  6        6  (23)      6 :  0.5778 0.1539 0.2010 0.0673 
  7        7  (24)      7 :  0.7602 0.0855 0.1433 0.0110 
  8        8  (40)      1 :  0.0632 0.7562 0.1684 0.0122 
  9        9  (22)      2 :  0.0453 0.0189 0.0960 0.8398 
 10       10  (33)      3 :  0.0110 0.1672 0.7704 0.0514 
 11       11  (29)      4 :  0.4739 0.0034 0.0156 0.5071 
 12       12  (25)      5 :  0.0042 0.0989 0.8931 0.0038 
 13       13   (9)      6 :  0.6927 0.1019 0.1067 0.0987 
 14       14  (52)      7 :  0.0974 0.0217 0.8100 0.0708 
 15       15  (14)      1 :  0.0139 0.9778 0.0048 0.0035 
 16       16  (17)      2 :  0.0074 0.0273 0.1024 0.8629 
 17       17  (18)      3 :  0.0148 0.0051 0.8692 0.1109 
 18       18  (14)      4 :  0.5018 0.0036 0.0062 0.4884 
 19       19  (17)      5 :  0.0382 0.0935 0.7132 0.1551 
 20       20   (9)      6 :  0.6770 0.1084 0.0932 0.1214 
 21       21  (32)      7 :  0.7627 0.0049 0.2177 0.0147 
 22       22  (12)      1 :  0.0072 0.9782 0.0068 0.0078 
 23       23  (14)      2 :  0.0040 0.0023 0.1062 0.8875 
 24       24  (16)      3 :  0.0253 0.0044 0.8631 0.1072 
 25       25  (46)      4 :  0.4889 0.0046 0.0066 0.4999 
 26       26  (10)      5 :  0.0043 0.1088 0.8713 0.0156 
 27       27  (32)      6 :  0.6857 0.1106 0.0931 0.1106 
 28       28  (18)      7 :  0.6551 0.0263 0.0955 0.2231 
 29       29  (32)      1 :  0.0314 0.8295 0.0808 0.0583 
 30       30  (18)      2 :  0.0197 0.0198 0.0993 0.8612 
 31       31   (9)      3 :  0.0690 0.0051 0.8434 0.0825 
 32       32  (32)      4 :  0.5336 0.0060 0.0291 0.4313 
 33       33  (14)      5 :  0.0173 0.1944 0.7494 0.0389 
 34       34  (30)      6 :  0.6770 0.1060 0.1065 0.1105 
 35       35  (14)      7 :  0.6744 0.0095 0.1718 0.1443 
 36       36  (21)      1 :  0.0079 0.9689 0.0099 0.0133 
 37       37  (54)      2 :  0.0042 0.1530 0.1034 0.7394 
 38       38  (45)      3 :  0.0234 0.0057 0.7707 0.2002 
 39       39  (27)      4 :  0.3538 0.0204 0.0552 0.5706 
 40       40  (13)      5 :  0.0364 0.1651 0.7760 0.0225 
 41       41  (18)      6 :  0.6651 0.0785 0.0777 0.1787 
 42       42  (66)      7 :  0.7716 0.0112 0.1611 0.0562 
 43       43  (14)      1 :  0.0049 0.9620 0.0191 0.0140 
 44       44  (22)      2 :  0.0175 0.0187 0.3518 0.6121 
 45       45  (19)      3 :  0.0255 0.0398 0.8235 0.1112 
 46       46  (22)      4 :  0.6680 0.0056 0.0092 0.3172 
 47       47  (12)      5 :  0.2278 0.0891 0.6683 0.0148 
 48       48  (11)      6 :  0.6580 0.0790 0.1337 0.1293 
 49       49   (9)      7 :  0.6599 0.0068 0.0784 0.2549 
 50       50  (30)      1 :  0.0100 0.9611 0.0221 0.0068 
 51       51   (8)      2 :  0.0107 0.0209 0.1809 0.7875 
 52       52   (9)      3 :  0.0136 0.0305 0.8713 0.0846 
 53       53  (43)      4 :  0.3538 0.0213 0.3620 0.2629 
 54       54  (21)      5 :  0.0057 0.1454 0.8466 0.0023 
 55       55  (20)      6 :  0.6799 0.1162 0.1016 0.1023 
 56       56   (6)      7 :  0.7115 0.0060 0.2757 0.0068 
 57       57  (15)      1 :  0.0069 0.9609 0.0170 0.0152 
 58       58   (7)      2 :  0.0106 0.0259 0.0933 0.8702 
 59       59  (15)      3 :  0.0141 0.0386 0.8439 0.1034 
 60       60   (9)      4 :  0.5669 0.0286 0.0053 0.3993 
 61       61  (33)      5 :  0.0072 0.0942 0.8899 0.0087 
 62       62  (12)      6 :  0.5615 0.0969 0.2795 0.0621 
 63       63  (57)      7 :  0.7203 0.0118 0.2403 0.0276 
 64       64  (23)      1 :  0.0067 0.9843 0.0037 0.0053 
 65       65  (31)      2 :  0.0055 0.0065 0.0980 0.8900 
 66       66  (17)      3 :  0.0069 0.0575 0.8417 0.0939 
 67       67  (10)      4 :  0.5285 0.0102 0.0308 0.4305 
 68       68   (8)      5 :  0.1949 0.0523 0.6217 0.1311 
 69       69  (41)      6 :  0.6690 0.0511 0.1381 0.1418 
 70       70  (17)      7 :  0.7839 0.0213 0.1780 0.0168 
 71       71  (29)      1 :  0.0167 0.9467 0.0164 0.0202 
 72       72  (51)      2 :  0.0146 0.0045 0.1459 0.8350 
 73       73  (22)      3 :  0.0131 0.0089 0.6502 0.3278 
 74       74  (14)      4 :  0.5280 0.0371 0.0157 0.4192 
 75       75  (18)      5 :  0.0370 0.1755 0.7609 0.0266 
 76       76  (25)      6 :  0.6508 0.1253 0.1011 0.1228 
 77       77  (12)      7 :  0.5330 0.0141 0.4353 0.0176 
 78       78  (21)      1 :  0.0052 0.9876 0.0035 0.0037 
 79       79  (14)      2 :  0.0263 0.0044 0.1049 0.8644 
 80       80  (22)      3 :  0.0262 0.0057 0.8419 0.1262 
 81       81  (11)      4 :  0.4310 0.0226 0.0843 0.4621 
 82       82  (25)      5 :  0.0167 0.0925 0.8783 0.0125 
 83       83  (12)      6 :  0.7078 0.1065 0.0687 0.1170 
 84       84  (18)      7 :  0.7693 0.0065 0.2155 0.0087 
 85       85   (9)      1 :  0.0493 0.9098 0.0159 0.0250 
 86       86  (24)      2 :  0.1160 0.0106 0.0623 0.8111 
 87       87  (47)      3 :  0.0130 0.0067 0.8250 0.1553 
 88       88  (27)      4 :  0.5024 0.0105 0.0578 0.4293 
 89       89  (14)      5 :  0.0151 0.0985 0.8672 0.0192 
 90       90  (24)      6 :  0.6873 0.1033 0.1063 0.1031 
 91       91  (20)      7 :  0.7862 0.0103 0.1967 0.0068 
 92       92  (10)      1 :  0.0047 0.9834 0.0073 0.0046 
 93       93  (21)      2 :  0.0159 0.2924 0.0948 0.5969 
 94       94  (27)      3 :  0.0071 0.0056 0.7188 0.2685 
 95       95   (9)      4 :  0.6285 0.0281 0.0499 0.2935 
 96       96  (40)      5 :  0.0504 0.0555 0.8778 0.0163 
 97       97  (26)      6 :  0.6179 0.2058 0.0970 0.0793 
 98       98  (15)      7 :  0.7890 0.0110 0.1124 0.0876 
 99       99  (23)      1 :  0.0633 0.8645 0.0530 0.0192 
100      100  (19)      2 :  0.0305 0.0034 0.1010 0.8651 
101      101  (60)      3 :  0.2110 0.0320 0.7196 0.0374 
102      102  (17)      4 :  0.5217 0.0117 0.0350 0.4316 
103      103  (18)      5 :  0.0097 0.0933 0.8790 0.0180 
104      104  (23)      6 :  0.6323 0.0837 0.2018 0.0822 
105      105  (20)      7 :  0.7009 0.0190 0.2010 0.0791 
