  1        1  (21)      1 :  0.9520 0.0480 
  2        2   (8)      2 :  0.2063 0.7937 
  3        3  (22)      3 :  0.1690 0.8310 
  4        4  (12)      4 :  0.1150 0.8850 
  5        5  (75)      5 :  0.5248 0.4752 
  6        6  (23)      6 :  0.7374 0.2626 
  7        7  (24)      7 :  0.7967 0.2033 
  8        8  (40)      1 :  0.8752 0.1248 
  9        9  (22)      2 :  0.1530 0.8470 
 10       10  (33)      3 :  0.8120 0.1880 
 11       11  (29)      4 :  0.0136 0.9864 
 12       12  (25)      5 :  0.9279 0.0721 
 13       13   (9)      6 :  0.7892 0.2108 
 14       14  (52)      7 :  0.3808 0.6192 
 15       15  (14)      1 :  0.9773 0.0227 
 16       16  (17)      2 :  0.2144 0.7856 
 17       17  (18)      3 :  0.1509 0.8491 
 18       18  (14)      4 :  0.0240 0.9760 
 19       19  (17)      5 :  0.6999 0.3001 
 20       20   (9)      6 :  0.4556 0.5444 
 21       21  (32)      7 :  0.2063 0.7937 
 22       22  (12)      1 :  0.9687 0.0313 
 23       23  (14)      2 :  0.1107 0.8893 
 24       24  (16)      3 :  0.1246 0.8754 
 25       25  (46)      4 :  0.0308 0.9692 
 26       26  (10)      5 :  0.8986 0.1014 
 27       27  (32)      6 :  0.4645 0.5355 
 28       28  (18)      7 :  0.1610 0.8390 
 29       29  (32)      1 :  0.8599 0.1401 
 30       30  (18)      2 :  0.1702 0.8298 
 31       31   (9)      3 :  0.1043 0.8957 
 32       32  (32)      4 :  0.0363 0.9637 
 33       33  (14)      5 :  0.7510 0.2490 
 34       34  (30)      6 :  0.7579 0.2421 
 35       35  (14)      7 :  0.1689 0.8311 
 36       36  (21)      1 :  0.9684 0.0316 
 37       37  (54)      2 :  0.2870 0.7130 
 38       38  (45)      3 :  0.1058 0.8942 
 39       39  (27)      4 :  0.0856 0.9144 
 40       40  (13)      5 :  0.9526 0.0474 
 41       41  (18)      6 :  0.3058 0.6942 
 42       42  (66)      7 :  0.3879 0.6121 
 43       43  (14)      1 :  0.9484 0.0516 
 44       44  (22)      2 :  0.3409 0.6591 
 45       45  (19)      3 :  0.1648 0.8352 
 46       46  (22)      4 :  0.0688 0.9312 
 47       47  (12)      5 :  0.7685 0.2315 
 48       48  (11)      6 :  0.3322 0.6678 
 49       49   (9)      7 :  0.0595 0.9405 
 50       50  (30)      1 :  0.9808 0.0192 
 51       51   (8)      2 :  0.1523 0.8477 
 52       52   (9)      3 :  0.3831 0.6169 
 53       53  (43)      4 :  0.2555 0.7445 
 54       54  (21)      5 :  0.9819 0.0181 
 55       55  (20)      6 :  0.8668 0.1332 
 56       56   (6)      7 :  0.2134 0.7866 
 57       57  (15)      1 :  0.9394 0.0606 
 58       58   (7)      2 :  0.1617 0.8383 
 59       59  (15)      3 :  0.3224 0.6776 
 60       60   (9)      4 :  0.1044 0.8956 
 61       61  (33)      5 :  0.7715 0.2285 
 62       62  (12)      6 :  0.8037 0.1963 
 63       63  (57)      7 :  0.7413 0.2587 
 64       64  (23)      1 :  0.9783 0.0217 
 65       65  (31)      2 :  0.1377 0.8623 
 66       66  (17)      3 :  0.3281 0.6719 
 67       67  (10)      4 :  0.0399 0.9601 
 68       68   (8)      5 :  0.6564 0.3436 
 69       69  (41)      6 :  0.1758 0.8242 
 70       70  (17)      7 :  0.2478 0.7522 
 71       71  (29)      1 :  0.9595 0.0405 
 72       72  (51)      2 :  0.1202 0.8798 
 73       73  (22)      3 :  0.1215 0.8785 
 74       74  (14)      4 :  0.1317 0.8683 
 75       75  (18)      5 :  0.9705 0.0295 
 76       76  (25)      6 :  0.8254 0.1746 
 77       77  (12)      7 :  0.2121 0.7879 
 78       78  (21)      1 :  0.9725 0.0275 
 79       79  (14)      2 :  0.1062 0.8938 
 80       80  (22)      3 :  0.1250 0.8750 
 81       81  (11)      4 :  0.1380 0.8620 
 82       82  (25)      5 :  0.7802 0.2198 
 83       83  (12)      6 :  0.3643 0.6357 
 84       84  (18)      7 :  0.2121 0.7879 
 85       85   (9)      1 :  0.9699 0.0301 
 86       86  (24)      2 :  0.0903 0.9097 
 87       87  (47)      3 :  0.1589 0.8411 
 88       88  (27)      4 :  0.0386 0.9614 
 89       89  (14)      5 :  0.8691 0.1309 
 90       90  (24)      6 :  0.7371 0.2629 
 91       91  (20)      7 :  0.2816 0.7184 
 92       92  (10)      1 :  0.9743 0.0257 
 93       93  (21)      2 :  0.6992 0.3008 
 94       94  (27)      3 :  0.1117 0.8883 
 95       95   (9)      4 :  0.0966 0.9034 
 96       96  (40)      5 :  0.8542 0.1458 
 97       97  (26)      6 :  0.8699 0.1301 
 98       98  (15)      7 :  0.2019 0.7981 
 99       99  (23)      1 :  0.9293 0.0707 
100      100  (19)      2 :  0.1080 0.8920 
101      101  (60)      3 :  0.4338 0.5662 
102      102  (17)      4 :  0.0512 0.9488 
103      103  (18)      5 :  0.8199 0.1801 
104      104  (23)      6 :  0.6144 0.3856 
105      105  (20)      7 :  0.2092 0.7908 
