  1        1  (21)      1 :  0.0055 0.9714 0.0050 0.0028 0.0153 
  2        2   (8)      2 :  0.7684 0.0142 0.1316 0.0111 0.0748 
  3        3  (22)      3 :  0.1992 0.0055 0.0325 0.1273 0.6356 
  4        4  (12)      4 :  0.1460 0.1006 0.5976 0.1186 0.0372 
  5        5  (75)      5 :  0.0218 0.0451 0.3333 0.0892 0.5107 
  6        6  (23)      6 :  0.0062 0.0341 0.0270 0.8405 0.0921 
  7        7  (24)      7 :  0.0024 0.1242 0.5612 0.2895 0.0227 
  8        8  (40)      1 :  0.0090 0.8027 0.0626 0.0370 0.0887 
  9        9  (22)      2 :  0.9281 0.0131 0.0170 0.0340 0.0077 
 10       10  (33)      3 :  0.0623 0.1637 0.0231 0.0945 0.6564 
 11       11  (29)      4 :  0.1408 0.0027 0.7559 0.0884 0.0122 
 12       12  (25)      5 :  0.0030 0.0993 0.1980 0.0023 0.6974 
 13       13   (9)      6 :  0.0020 0.0038 0.0027 0.9875 0.0040 
 14       14  (52)      7 :  0.1356 0.0149 0.2300 0.1597 0.4597 
 15       15  (14)      1 :  0.0024 0.9751 0.0033 0.0160 0.0032 
 16       16  (17)      2 :  0.9608 0.0213 0.0069 0.0054 0.0056 
 17       17  (18)      3 :  0.1999 0.0038 0.0415 0.1222 0.6327 
 18       18  (14)      4 :  0.1093 0.0030 0.7780 0.1035 0.0062 
 19       19  (17)      5 :  0.0747 0.0840 0.2081 0.0407 0.5924 
 20       20   (9)      6 :  0.0204 0.0135 0.0328 0.9267 0.0066 
 21       21  (32)      7 :  0.0086 0.0047 0.5576 0.3081 0.1210 
 22       22  (12)      1 :  0.0049 0.9745 0.0060 0.0102 0.0044 
 23       23  (14)      2 :  0.9860 0.0017 0.0029 0.0027 0.0067 
 24       24  (16)      3 :  0.1399 0.0037 0.1183 0.0894 0.6486 
 25       25  (46)      4 :  0.1035 0.0030 0.7878 0.1012 0.0045 
 26       26  (10)      5 :  0.0111 0.1119 0.1646 0.0038 0.7086 
 27       27  (32)      6 :  0.0086 0.0061 0.0087 0.9678 0.0088 
 28       28  (18)      7 :  0.1572 0.0191 0.4745 0.2871 0.0621 
 29       29  (32)      1 :  0.0823 0.8442 0.0123 0.0269 0.0343 
 30       30  (18)      2 :  0.9477 0.0150 0.0044 0.0267 0.0062 
 31       31   (9)      3 :  0.1652 0.0036 0.0997 0.1234 0.6081 
 32       32  (32)      4 :  0.1073 0.0054 0.7566 0.1096 0.0211 
 33       33  (14)      5 :  0.0349 0.2065 0.1437 0.0260 0.5889 
 34       34  (30)      6 :  0.0094 0.0107 0.0138 0.9558 0.0103 
 35       35  (14)      7 :  0.0094 0.0062 0.7509 0.1688 0.0647 
 36       36  (21)      1 :  0.0139 0.9630 0.0053 0.0099 0.0079 
 37       37  (54)      2 :  0.9310 0.0577 0.0030 0.0032 0.0051 
 38       38  (45)      3 :  0.2176 0.0052 0.1259 0.1041 0.5472 
 39       39  (27)      4 :  0.3298 0.0157 0.5317 0.1008 0.0220 
 40       40  (13)      5 :  0.0086 0.1207 0.1761 0.0559 0.6387 
 41       41  (18)      6 :  0.0575 0.0028 0.0045 0.9320 0.0032 
 42       42  (66)      7 :  0.0199 0.0266 0.5062 0.3609 0.0864 
 43       43  (14)      1 :  0.0163 0.9557 0.0037 0.0051 0.0192 
 44       44  (22)      2 :  0.7604 0.0199 0.0120 0.0162 0.1915 
 45       45  (19)      3 :  0.1891 0.0285 0.0582 0.1193 0.6050 
 46       46  (22)      4 :  0.0978 0.0028 0.7912 0.1040 0.0042 
 47       47  (12)      5 :  0.0096 0.1190 0.2525 0.0819 0.5370 
 48       48  (11)      6 :  0.0231 0.0062 0.0265 0.9163 0.0279 
 49       49   (9)      7 :  0.2179 0.0044 0.4157 0.2738 0.0883 
 50       50  (30)      1 :  0.0052 0.9490 0.0119 0.0069 0.0270 
 51       51   (8)      2 :  0.8713 0.0179 0.0132 0.0209 0.0767 
 52       52   (9)      3 :  0.1853 0.0253 0.0325 0.1253 0.6316 
 53       53  (43)      4 :  0.0778 0.0111 0.4992 0.1337 0.2782 
 54       54  (21)      5 :  0.0018 0.1222 0.1985 0.0025 0.6750 
 55       55  (20)      6 :  0.0044 0.0092 0.0033 0.9806 0.0025 
 56       56   (6)      7 :  0.0050 0.0042 0.5794 0.2673 0.1441 
 57       57  (15)      1 :  0.0164 0.9593 0.0056 0.0049 0.0138 
 58       58   (7)      2 :  0.9411 0.0200 0.0258 0.0066 0.0065 
 59       59  (15)      3 :  0.1551 0.0275 0.0431 0.1016 0.6727 
 60       60   (9)      4 :  0.0904 0.0174 0.7756 0.1131 0.0035 
 61       61  (33)      5 :  0.0088 0.0936 0.1982 0.0044 0.6950 
 62       62  (12)      6 :  0.0072 0.0403 0.0902 0.6866 0.1756 
 63       63  (57)      7 :  0.0151 0.0793 0.4715 0.3131 0.1210 
 64       64  (23)      1 :  0.0061 0.9791 0.0034 0.0081 0.0033 
 65       65  (31)      2 :  0.9784 0.0049 0.0094 0.0032 0.0041 
 66       66  (17)      3 :  0.1038 0.0311 0.0294 0.0894 0.7463 
 67       67  (10)      4 :  0.1285 0.0055 0.7529 0.0958 0.0173 
 68       68   (8)      5 :  0.0092 0.0798 0.3660 0.0158 0.5292 
 69       69  (41)      6 :  0.0174 0.0032 0.0085 0.9484 0.0225 
 70       70  (17)      7 :  0.0090 0.0130 0.5388 0.3472 0.0920 
 71       71  (29)      1 :  0.0131 0.9474 0.0131 0.0138 0.0126 
 72       72  (51)      2 :  0.9398 0.0039 0.0224 0.0072 0.0267 
 73       73  (22)      3 :  0.3469 0.0068 0.0681 0.0729 0.5054 
 74       74  (14)      4 :  0.0967 0.0242 0.7645 0.1036 0.0110 
 75       75  (18)      5 :  0.0083 0.1420 0.2015 0.0224 0.6257 
 76       76  (25)      6 :  0.0210 0.0221 0.0039 0.9490 0.0040 
 77       77  (12)      7 :  0.0132 0.0072 0.5387 0.2034 0.2375 
 78       78  (21)      1 :  0.0030 0.9882 0.0028 0.0037 0.0023 
 79       79  (14)      2 :  0.9384 0.0034 0.0108 0.0368 0.0106 
 80       80  (22)      3 :  0.2217 0.0044 0.0482 0.1232 0.6025 
 81       81  (11)      4 :  0.1280 0.0143 0.6475 0.1028 0.1074 
 82       82  (25)      5 :  0.0091 0.0792 0.2007 0.0115 0.6995 
 83       83  (12)      6 :  0.0318 0.0157 0.0552 0.8742 0.0231 
 84       84  (18)      7 :  0.0046 0.0059 0.5835 0.2980 0.1080 
 85       85   (9)      1 :  0.0122 0.8961 0.0149 0.0586 0.0182 
 86       86  (24)      2 :  0.8789 0.0094 0.0139 0.0946 0.0032 
 87       87  (47)      3 :  0.2134 0.0076 0.0854 0.1022 0.5914 
 88       88  (27)      4 :  0.1107 0.0072 0.7690 0.0648 0.0483 
 89       89  (14)      5 :  0.0142 0.1006 0.2040 0.0055 0.6757 
 90       90  (24)      6 :  0.0083 0.0156 0.0368 0.9309 0.0084 
 91       91  (20)      7 :  0.0043 0.0072 0.5776 0.3103 0.1006 
 92       92  (10)      1 :  0.0031 0.9819 0.0050 0.0038 0.0062 
 93       93  (21)      2 :  0.6942 0.2566 0.0163 0.0083 0.0246 
 94       94  (27)      3 :  0.2202 0.0032 0.0878 0.0957 0.5931 
 95       95   (9)      4 :  0.0858 0.0192 0.7269 0.1282 0.0399 
 96       96  (40)      5 :  0.0156 0.0841 0.1870 0.0456 0.6677 
 97       97  (26)      6 :  0.0073 0.0943 0.0121 0.8612 0.0251 
 98       98  (15)      7 :  0.0543 0.0092 0.4152 0.4535 0.0678 
 99       99  (23)      1 :  0.0077 0.8512 0.0667 0.0265 0.0479 
100      100  (19)      2 :  0.9651 0.0027 0.0267 0.0019 0.0036 
101      101  (60)      3 :  0.0594 0.0228 0.0766 0.3432 0.4981 
102      102  (17)      4 :  0.1027 0.0061 0.7752 0.1033 0.0127 
103      103  (18)      5 :  0.0200 0.1027 0.1833 0.0086 0.6854 
104      104  (23)      6 :  0.0074 0.0059 0.0516 0.8854 0.0497 
105      105  (20)      7 :  0.0268 0.0134 0.6494 0.2139 0.0965 
