  1        1  (17)      1 :  0.2907 0.2534 0.1789 0.0845 0.1897 0.0028 
  2        2   (7)      1 :  0.0151 0.2448 0.5112 0.2015 0.0044 0.0229 
  3        3  (17)      1 :  0.0174 0.5710 0.1772 0.1956 0.0242 0.0146 
  4        4  (10)      1 :  0.0409 0.4843 0.2998 0.1200 0.0498 0.0052 
  5        5  (71)      1 :  0.1209 0.5193 0.2101 0.0884 0.0430 0.0183 
  6        6  (17)      1 :  0.0092 0.1168 0.7522 0.0739 0.0321 0.0158 
  7        7  (18)      1 :  0.0041 0.0029 0.0030 0.0030 0.0014 0.9856 
  8        8  (32)      1 :  0.0056 0.1245 0.4657 0.3044 0.0916 0.0082 
  9        9  (20)      1 :  0.0094 0.5992 0.1907 0.0860 0.0780 0.0368 
 10       10  (27)      1 :  0.1997 0.3068 0.2588 0.0926 0.1133 0.0287 
 11       11  (22)      1 :  0.0097 0.6864 0.1838 0.0467 0.0657 0.0077 
 12       12  (22)      1 :  0.2703 0.1542 0.1466 0.3560 0.0127 0.0603 
 13       13   (6)      1 :  0.0317 0.3116 0.4914 0.1076 0.0478 0.0099 
 14       14  (46)      1 :  0.0119 0.3310 0.3511 0.1854 0.0651 0.0555 
 15       15  (12)      1 :  0.3012 0.2446 0.2121 0.1035 0.1091 0.0295 
 16       16  (13)      2 :  0.0110 0.3972 0.3469 0.1430 0.0867 0.0151 
 17       17  (12)      2 :  0.0101 0.2857 0.2719 0.3725 0.0222 0.0376 
 18       18  (10)      2 :  0.0277 0.3575 0.4453 0.1089 0.0293 0.0312 
 19       19  (11)      2 :  0.0383 0.1583 0.6561 0.0962 0.0456 0.0055 
 20       20   (6)      2 :  0.1394 0.2343 0.4369 0.1529 0.0332 0.0032 
 21       21  (27)      2 :  0.0107 0.2017 0.4851 0.2831 0.0105 0.0088 
 22       22   (9)      2 :  0.0177 0.0705 0.6152 0.2622 0.0091 0.0253 
 23       23   (9)      2 :  0.0084 0.3050 0.4336 0.2016 0.0347 0.0167 
 24       24  (13)      2 :  0.0553 0.1665 0.6120 0.0574 0.0646 0.0442 
 25       25  (43)      2 :  0.0031 0.0031 0.0038 0.0033 0.8860 0.1007 
 26       26  (11)      2 :  0.0339 0.3619 0.3980 0.1570 0.0455 0.0036 
 27       27  (26)      2 :  0.2407 0.5271 0.1340 0.0643 0.0227 0.0112 
 28       28  (15)      2 :  0.0065 0.1961 0.6940 0.0669 0.0255 0.0110 
 29       29  (27)      2 :  0.0254 0.2689 0.3678 0.2051 0.0518 0.0810 
 30       30  (14)      2 :  0.0808 0.6140 0.1556 0.0753 0.0390 0.0353 
 31       31   (6)      2 :  0.0504 0.1925 0.3408 0.2875 0.0823 0.0464 
 32       32  (28)      3 :  0.0152 0.6458 0.2435 0.0310 0.0327 0.0317 
 33       33   (8)      3 :  0.0141 0.0808 0.6495 0.2367 0.0146 0.0043 
 34       34  (27)      3 :  0.0112 0.5379 0.3294 0.0763 0.0268 0.0184 
 35       35  (10)      3 :  0.0303 0.3940 0.4122 0.1245 0.0223 0.0167 
 36       36  (19)      3 :  0.0199 0.2787 0.5626 0.0291 0.0812 0.0286 
 37       37  (51)      3 :  0.1249 0.0033 0.0035 0.1021 0.0040 0.7622 
 38       38  (37)      3 :  0.0175 0.4191 0.3402 0.0950 0.1226 0.0056 
 39       39  (23)      3 :  0.0090 0.5383 0.2272 0.1837 0.0234 0.0184 
 40       40  (10)      3 :  0.0226 0.2523 0.5161 0.0275 0.0947 0.0868 
 41       41  (17)      3 :  0.0073 0.3609 0.2528 0.0192 0.1789 0.1809 
 42       42  (61)      3 :  0.0582 0.3252 0.3522 0.1855 0.0707 0.0082 
 43       43  (11)      3 :  0.0172 0.4020 0.2764 0.2427 0.0501 0.0116 
 44       44  (20)      3 :  0.0258 0.3431 0.4524 0.1265 0.0319 0.0204 
 45       45  (14)      3 :  0.1053 0.6825 0.0764 0.0661 0.0564 0.0132 
 46       46  (19)      3 :  0.2916 0.1339 0.0075 0.5547 0.0077 0.0046 
 47       47   (9)      4 :  0.0619 0.4788 0.2883 0.1471 0.0207 0.0032 
 48       48   (8)      4 :  0.0297 0.0598 0.7455 0.1193 0.0421 0.0036 
 49       49   (7)      4 :  0.0489 0.3083 0.5734 0.0459 0.0166 0.0068 
 50       50  (22)      4 :  0.0663 0.4252 0.3427 0.0225 0.1299 0.0134 
 51       51   (7)      4 :  0.0206 0.2427 0.5178 0.2031 0.0115 0.0043 
 52       52   (5)      4 :  0.0248 0.2747 0.6247 0.0293 0.0290 0.0174 
 53       53  (40)      4 :  0.6929 0.0990 0.1001 0.0050 0.0022 0.1008 
 54       54  (15)      4 :  0.0233 0.2975 0.3612 0.3018 0.0122 0.0040 
 55       55  (14)      4 :  0.0585 0.3586 0.4423 0.0221 0.0339 0.0846 
 56       56   (6)      4 :  0.0196 0.6045 0.2431 0.0998 0.0299 0.0031 
 57       57  (14)      4 :  0.0306 0.4812 0.0371 0.2067 0.1733 0.0710 
 58       58   (8)      4 :  0.0479 0.1960 0.5276 0.1457 0.0782 0.0046 
 59       59  (12)      4 :  0.1000 0.6225 0.1483 0.0813 0.0409 0.0070 
 60       60   (7)      4 :  0.0071 0.4695 0.1790 0.2893 0.0404 0.0147 
 61       61  (30)      5 :  0.0426 0.2604 0.4778 0.1711 0.0399 0.0082 
 62       62  (11)      5 :  0.0251 0.3006 0.3395 0.2773 0.0457 0.0118 
 63       63  (48)      5 :  0.0356 0.4058 0.3401 0.0955 0.0784 0.0447 
 64       64  (18)      5 :  0.0424 0.2822 0.4675 0.1256 0.0614 0.0208 
 65       65  (24)      5 :  0.0034 0.0032 0.0033 0.3899 0.5985 0.0017 
 66       66  (14)      5 :  0.0275 0.2369 0.5080 0.1734 0.0466 0.0075 
 67       67   (8)      5 :  0.0311 0.3693 0.3984 0.0770 0.1111 0.0131 
 68       68   (5)      5 :  0.0212 0.3900 0.4801 0.0691 0.0323 0.0073 
 69       69  (36)      5 :  0.1542 0.3882 0.2791 0.1309 0.0280 0.0196 
 70       70  (14)      5 :  0.0177 0.3413 0.4489 0.1753 0.0090 0.0078 
 71       71  (23)      5 :  0.0134 0.0267 0.6632 0.1778 0.1116 0.0073 
 72       72  (47)      5 :  0.0226 0.3624 0.3205 0.0892 0.0416 0.1636 
 73       73  (17)      5 :  0.0981 0.3260 0.4679 0.0556 0.0345 0.0180 
 74       74   (9)      5 :  0.0752 0.3871 0.3504 0.1254 0.0379 0.0239 
 75       75  (13)      5 :  0.0567 0.3605 0.4315 0.0496 0.0347 0.0671 
 76       76  (18)      6 :  0.0136 0.1606 0.6177 0.1860 0.0086 0.0135 
 77       77   (9)      6 :  0.0084 0.4869 0.2733 0.2127 0.0138 0.0049 
 78       78  (16)      6 :  0.0649 0.3074 0.2023 0.2967 0.0879 0.0409 
 79       79  (11)      6 :  0.0057 0.0246 0.7650 0.1827 0.0072 0.0148 
 80       80  (16)      6 :  0.0256 0.6673 0.2033 0.0701 0.0266 0.0070 
 81       81   (7)      6 :  0.0347 0.2017 0.6789 0.0589 0.0168 0.0091 
 82       82  (21)      6 :  0.0322 0.1784 0.5676 0.1888 0.0263 0.0067 
 83       83  (11)      6 :  0.0566 0.1915 0.5403 0.1620 0.0335 0.0161 
 84       84  (13)      6 :  0.0105 0.2478 0.5115 0.2106 0.0112 0.0084 
 85       85   (7)      6 :  0.0391 0.3439 0.4155 0.1407 0.0276 0.0331 
 86       86  (19)      6 :  0.0050 0.3627 0.2686 0.0211 0.1617 0.1809 
 87       87  (43)      6 :  0.1255 0.3608 0.2954 0.0777 0.0968 0.0439 
 88       88  (21)      6 :  0.0585 0.3420 0.3752 0.0530 0.0973 0.0740 
 89       89  (11)      6 :  0.0267 0.3150 0.3299 0.2518 0.0657 0.0109 
 90       90  (21)      6 :  0.0785 0.2725 0.4782 0.1279 0.0314 0.0115 
 91       91  (14)      6 :  0.0402 0.3692 0.3507 0.1250 0.0930 0.0219 
 92       92   (9)      7 :  0.0294 0.4115 0.2455 0.2649 0.0407 0.0080 
 93       93  (16)      7 :  0.0185 0.1392 0.5474 0.2797 0.0051 0.0101 
 94       94  (24)      7 :  0.0041 0.2328 0.0402 0.5200 0.1991 0.0038 
 95       95   (6)      7 :  0.0052 0.6823 0.2207 0.0475 0.0387 0.0056 
 96       96  (34)      7 :  0.0157 0.0305 0.5617 0.2986 0.0527 0.0408 
 97       97  (21)      7 :  0.0924 0.1934 0.3254 0.3681 0.0085 0.0122 
 98       98  (11)      7 :  0.0077 0.1531 0.6023 0.2137 0.0145 0.0087 
 99       99  (17)      7 :  0.0211 0.5051 0.3729 0.0575 0.0182 0.0251 
100      100  (14)      7 :  0.1523 0.2468 0.2902 0.0873 0.0617 0.1618 
101      101  (55)      7 :  0.0284 0.2578 0.4840 0.1336 0.0610 0.0353 
102      102  (12)      7 :  0.0360 0.3139 0.3495 0.2705 0.0153 0.0148 
103      103  (14)      7 :  0.0370 0.6655 0.2309 0.0316 0.0280 0.0070 
104      104  (17)      7 :  0.0641 0.6452 0.2030 0.0471 0.0340 0.0066 
105      105  (14)      7 :  0.0271 0.7188 0.1450 0.0546 0.0354 0.0192 
