  1        1  (17)      1 :  0.7761 0.2239 
  2        2   (7)      1 :  0.8158 0.1842 
  3        3  (17)      1 :  0.8283 0.1717 
  4        4  (10)      1 :  0.8139 0.1861 
  5        5  (71)      1 :  0.8449 0.1551 
  6        6  (17)      1 :  0.8135 0.1865 
  7        7  (18)      1 :  0.8058 0.1942 
  8        8  (32)      1 :  0.8399 0.1601 
  9        9  (20)      1 :  0.8409 0.1591 
 10       10  (27)      1 :  0.8318 0.1682 
 11       11  (22)      1 :  0.8606 0.1394 
 12       12  (22)      1 :  0.8328 0.1672 
 13       13   (6)      1 :  0.8062 0.1938 
 14       14  (46)      1 :  0.8427 0.1573 
 15       15  (12)      1 :  0.7804 0.2196 
 16       16  (13)      2 :  0.8170 0.1830 
 17       17  (12)      2 :  0.8262 0.1738 
 18       18  (10)      2 :  0.8226 0.1774 
 19       19  (11)      2 :  0.8443 0.1557 
 20       20   (6)      2 :  0.8015 0.1985 
 21       21  (27)      2 :  0.8396 0.1604 
 22       22   (9)      2 :  0.8038 0.1962 
 23       23   (9)      2 :  0.8062 0.1938 
 24       24  (13)      2 :  0.8226 0.1774 
 25       25  (43)      2 :  0.8540 0.1460 
 26       26  (11)      2 :  0.8204 0.1796 
 27       27  (26)      2 :  0.8106 0.1894 
 28       28  (15)      2 :  0.8113 0.1887 
 29       29  (27)      2 :  0.8482 0.1518 
 30       30  (14)      2 :  0.8144 0.1856 
 31       31   (6)      2 :  0.8296 0.1704 
 32       32  (28)      3 :  0.8424 0.1576 
 33       33   (8)      3 :  0.8254 0.1746 
 34       34  (27)      3 :  0.8228 0.1772 
 35       35  (10)      3 :  0.8008 0.1992 
 36       36  (19)      3 :  0.8269 0.1731 
 37       37  (51)      3 :  0.8139 0.1861 
 38       38  (37)      3 :  0.8385 0.1615 
 39       39  (23)      3 :  0.8022 0.1978 
 40       40  (10)      3 :  0.8509 0.1491 
 41       41  (17)      3 :  0.8183 0.1817 
 42       42  (61)      3 :  0.8077 0.1923 
 43       43  (11)      3 :  0.8132 0.1868 
 44       44  (20)      3 :  0.8307 0.1693 
 45       45  (14)      3 :  0.8183 0.1817 
 46       46  (19)      3 :  0.8223 0.1777 
 47       47   (9)      4 :  0.8267 0.1733 
 48       48   (8)      4 :  0.8130 0.1870 
 49       49   (7)      4 :  0.8049 0.1951 
 50       50  (22)      4 :  0.8138 0.1862 
 51       51   (7)      4 :  0.8118 0.1882 
 52       52   (5)      4 :  0.8121 0.1879 
 53       53  (40)      4 :  0.8044 0.1956 
 54       54  (15)      4 :  0.8175 0.1825 
 55       55  (14)      4 :  0.8057 0.1943 
 56       56   (6)      4 :  0.8180 0.1820 
 57       57  (14)      4 :  0.8035 0.1965 
 58       58   (8)      4 :  0.8175 0.1825 
 59       59  (12)      4 :  0.8156 0.1844 
 60       60   (7)      4 :  0.8013 0.1987 
 61       61  (30)      5 :  0.8556 0.1444 
 62       62  (11)      5 :  0.8142 0.1858 
 63       63  (48)      5 :  0.8561 0.1439 
 64       64  (18)      5 :  0.8134 0.1866 
 65       65  (24)      5 :  0.8014 0.1986 
 66       66  (14)      5 :  0.8098 0.1902 
 67       67   (8)      5 :  0.8163 0.1837 
 68       68   (5)      5 :  0.8034 0.1966 
 69       69  (36)      5 :  0.8523 0.1477 
 70       70  (14)      5 :  0.8341 0.1659 
 71       71  (23)      5 :  0.8423 0.1577 
 72       72  (47)      5 :  0.8242 0.1758 
 73       73  (17)      5 :  0.8176 0.1824 
 74       74   (9)      5 :  0.8368 0.1632 
 75       75  (13)      5 :  0.7911 0.2089 
 76       76  (18)      6 :  0.8224 0.1776 
 77       77   (9)      6 :  0.8205 0.1795 
 78       78  (16)      6 :  0.7821 0.2179 
 79       79  (11)      6 :  0.8408 0.1592 
 80       80  (16)      6 :  0.8292 0.1708 
 81       81   (7)      6 :  0.8153 0.1847 
 82       82  (21)      6 :  0.8164 0.1836 
 83       83  (11)      6 :  0.8101 0.1899 
 84       84  (13)      6 :  0.7998 0.2002 
 85       85   (7)      6 :  0.8367 0.1633 
 86       86  (19)      6 :  0.8258 0.1742 
 87       87  (43)      6 :  0.8295 0.1705 
 88       88  (21)      6 :  0.8353 0.1647 
 89       89  (11)      6 :  0.8232 0.1768 
 90       90  (21)      6 :  0.8521 0.1479 
 91       91  (14)      6 :  0.8383 0.1617 
 92       92   (9)      7 :  0.8093 0.1907 
 93       93  (16)      7 :  0.8241 0.1759 
 94       94  (24)      7 :  0.8587 0.1413 
 95       95   (6)      7 :  0.8212 0.1788 
 96       96  (34)      7 :  0.8553 0.1447 
 97       97  (21)      7 :  0.8396 0.1604 
 98       98  (11)      7 :  0.8128 0.1872 
 99       99  (17)      7 :  0.8178 0.1822 
100      100  (14)      7 :  0.8053 0.1947 
101      101  (55)      7 :  0.8261 0.1739 
102      102  (12)      7 :  0.8279 0.1721 
103      103  (14)      7 :  0.8157 0.1843 
104      104  (17)      7 :  0.8229 0.1771 
105      105  (14)      7 :  0.8158 0.1842 
