  1        1  (17)      1 :  0.5749 0.2126 0.2126 
  2        2   (7)      1 :  0.5889 0.2654 0.1457 
  3        3  (17)      1 :  0.5998 0.2513 0.1490 
  4        4  (10)      1 :  0.5980 0.2350 0.1670 
  5        5  (71)      1 :  0.6132 0.2372 0.1496 
  6        6  (17)      1 :  0.5932 0.2567 0.1501 
  7        7  (18)      1 :  0.5639 0.1967 0.2394 
  8        8  (32)      1 :  0.6340 0.2234 0.1426 
  9        9  (20)      1 :  0.6400 0.2148 0.1452 
 10       10  (27)      1 :  0.5998 0.2484 0.1517 
 11       11  (22)      1 :  0.6445 0.2278 0.1277 
 12       12  (22)      1 :  0.6240 0.2119 0.1641 
 13       13   (6)      1 :  0.5893 0.2414 0.1693 
 14       14  (46)      1 :  0.6326 0.2296 0.1378 
 15       15  (12)      1 :  0.5361 0.2621 0.2018 
 16       16  (13)      2 :  0.5919 0.2499 0.1582 
 17       17  (12)      2 :  0.5961 0.2564 0.1476 
 18       18  (10)      2 :  0.5884 0.2547 0.1569 
 19       19  (11)      2 :  0.6063 0.2571 0.1365 
 20       20   (6)      2 :  0.5799 0.2478 0.1723 
 21       21  (27)      2 :  0.6112 0.2511 0.1378 
 22       22   (9)      2 :  0.5833 0.2573 0.1594 
 23       23   (9)      2 :  0.5753 0.2649 0.1598 
 24       24  (13)      2 :  0.6032 0.2342 0.1626 
 25       25  (43)      2 :  0.6316 0.1819 0.1866 
 26       26  (11)      2 :  0.5937 0.2604 0.1459 
 27       27  (26)      2 :  0.5683 0.2473 0.1843 
 28       28  (15)      2 :  0.5942 0.2476 0.1581 
 29       29  (27)      2 :  0.6063 0.2536 0.1402 
 30       30  (14)      2 :  0.5882 0.2382 0.1736 
 31       31   (6)      2 :  0.5956 0.2518 0.1526 
 32       32  (28)      3 :  0.6256 0.2203 0.1541 
 33       33   (8)      3 :  0.5877 0.2624 0.1499 
 34       34  (27)      3 :  0.5810 0.2682 0.1508 
 35       35  (10)      3 :  0.5773 0.2612 0.1616 
 36       36  (19)      3 :  0.6105 0.2241 0.1654 
 37       37  (51)      3 :  0.5738 0.1769 0.2493 
 38       38  (37)      3 :  0.6274 0.2341 0.1384 
 39       39  (23)      3 :  0.5648 0.2716 0.1636 
 40       40  (10)      3 :  0.6198 0.2376 0.1427 
 41       41  (17)      3 :  0.6113 0.2189 0.1698 
 42       42  (61)      3 :  0.5820 0.2521 0.1659 
 43       43  (11)      3 :  0.5920 0.2543 0.1538 
 44       44  (20)      3 :  0.5873 0.2706 0.1421 
 45       45  (14)      3 :  0.5939 0.2495 0.1566 
 46       46  (19)      3 :  0.5632 0.2600 0.1769 
 47       47   (9)      4 :  0.5850 0.2740 0.1410 
 48       48   (8)      4 :  0.5737 0.2788 0.1475 
 49       49   (7)      4 :  0.5920 0.2429 0.1650 
 50       50  (22)      4 :  0.6182 0.2062 0.1756 
 51       51   (7)      4 :  0.5978 0.2497 0.1526 
 52       52   (5)      4 :  0.5941 0.2440 0.1619 
 53       53  (40)      4 :  0.5237 0.2363 0.2401 
 54       54  (15)      4 :  0.5644 0.2779 0.1576 
 55       55  (14)      4 :  0.5607 0.2546 0.1848 
 56       56   (6)      4 :  0.5907 0.2526 0.1568 
 57       57  (14)      4 :  0.5931 0.1587 0.2482 
 58       58   (8)      4 :  0.5809 0.2671 0.1520 
 59       59  (12)      4 :  0.5919 0.2435 0.1646 
 60       60   (7)      4 :  0.5764 0.2571 0.1665 
 61       61  (30)      5 :  0.6115 0.2547 0.1339 
 62       62  (11)      5 :  0.5739 0.2758 0.1504 
 63       63  (48)      5 :  0.6234 0.2496 0.1270 
 64       64  (18)      5 :  0.5859 0.2446 0.1695 
 65       65  (24)      5 :  0.5485 0.2770 0.1744 
 66       66  (14)      5 :  0.5811 0.2553 0.1637 
 67       67   (8)      5 :  0.5899 0.2478 0.1623 
 68       68   (5)      5 :  0.5760 0.2626 0.1613 
 69       69  (36)      5 :  0.6497 0.2031 0.1472 
 70       70  (14)      5 :  0.5762 0.2866 0.1373 
 71       71  (23)      5 :  0.6242 0.2347 0.1411 
 72       72  (47)      5 :  0.5826 0.2549 0.1625 
 73       73  (17)      5 :  0.5924 0.2422 0.1654 
 74       74   (9)      5 :  0.6019 0.2624 0.1357 
 75       75  (13)      5 :  0.5619 0.2279 0.2102 
 76       76  (18)      6 :  0.6088 0.2452 0.1460 
 77       77   (9)      6 :  0.5717 0.2805 0.1478 
 78       78  (16)      6 :  0.5421 0.2482 0.2097 
 79       79  (11)      6 :  0.5975 0.2729 0.1295 
 80       80  (16)      6 :  0.6007 0.2478 0.1515 
 81       81   (7)      6 :  0.5781 0.2687 0.1531 
 82       82  (21)      6 :  0.5912 0.2570 0.1519 
 83       83  (11)      6 :  0.5726 0.2451 0.1823 
 84       84  (13)      6 :  0.5657 0.2809 0.1533 
 85       85   (7)      6 :  0.5823 0.2661 0.1516 
 86       86  (19)      6 :  0.6249 0.1755 0.1996 
 87       87  (43)      6 :  0.6143 0.2256 0.1602 
 88       88  (21)      6 :  0.6406 0.2014 0.1580 
 89       89  (11)      6 :  0.5863 0.2711 0.1427 
 90       90  (21)      6 :  0.6244 0.2372 0.1384 
 91       91  (14)      6 :  0.5958 0.2606 0.1436 
 92       92   (9)      7 :  0.5974 0.2323 0.1703 
 93       93  (16)      7 :  0.5927 0.2516 0.1557 
 94       94  (24)      7 :  0.6650 0.1830 0.1520 
 95       95   (6)      7 :  0.6108 0.2467 0.1425 
 96       96  (34)      7 :  0.6221 0.2502 0.1277 
 97       97  (21)      7 :  0.6067 0.2565 0.1368 
 98       98  (11)      7 :  0.5870 0.2467 0.1663 
 99       99  (17)      7 :  0.5970 0.2403 0.1627 
100      100  (14)      7 :  0.5607 0.2351 0.2042 
101      101  (55)      7 :  0.5876 0.2522 0.1602 
102      102  (12)      7 :  0.6134 0.2364 0.1502 
103      103  (14)      7 :  0.5815 0.2403 0.1783 
104      104  (17)      7 :  0.5648 0.2885 0.1467 
105      105  (14)      7 :  0.5998 0.2470 0.1533 
