  1        1  (17)      1 :  0.6311 0.0082 0.2305 0.1302 
  2        2   (7)      1 :  0.7652 0.0240 0.0325 0.1783 
  3        3  (17)      1 :  0.7107 0.0101 0.0354 0.2438 
  4        4  (10)      1 :  0.7484 0.0083 0.0655 0.1778 
  5        5  (71)      1 :  0.6317 0.0173 0.1006 0.2504 
  6        6  (17)      1 :  0.6764 0.0244 0.0425 0.2567 
  7        7  (18)      1 :  0.5992 0.3108 0.0422 0.0479 
  8        8  (32)      1 :  0.7369 0.0115 0.0777 0.1739 
  9        9  (20)      1 :  0.6202 0.0380 0.0144 0.3274 
 10       10  (27)      1 :  0.6631 0.0251 0.1291 0.1827 
 11       11  (22)      1 :  0.7316 0.0132 0.0292 0.2260 
 12       12  (22)      1 :  0.5712 0.1177 0.0707 0.2403 
 13       13   (6)      1 :  0.7063 0.0507 0.0397 0.2033 
 14       14  (46)      1 :  0.7527 0.0564 0.0363 0.1546 
 15       15  (12)      1 :  0.6170 0.0136 0.2055 0.1639 
 16       16  (13)      2 :  0.8206 0.0234 0.0335 0.1225 
 17       17  (12)      2 :  0.7270 0.0336 0.0220 0.2174 
 18       18  (10)      2 :  0.7715 0.0263 0.0111 0.1911 
 19       19  (11)      2 :  0.8136 0.0372 0.0272 0.1220 
 20       20   (6)      2 :  0.6260 0.0102 0.0892 0.2746 
 21       21  (27)      2 :  0.7627 0.0273 0.0354 0.1746 
 22       22   (9)      2 :  0.7752 0.0292 0.0339 0.1618 
 23       23   (9)      2 :  0.7849 0.0192 0.0348 0.1611 
 24       24  (13)      2 :  0.7200 0.0640 0.0292 0.1868 
 25       25  (43)      2 :  0.5846 0.1598 0.2423 0.0133 
 26       26  (11)      2 :  0.6069 0.0122 0.0310 0.3499 
 27       27  (26)      2 :  0.5726 0.0368 0.0935 0.2971 
 28       28  (15)      2 :  0.8314 0.0211 0.0300 0.1175 
 29       29  (27)      2 :  0.7094 0.0536 0.0471 0.1899 
 30       30  (14)      2 :  0.5897 0.0384 0.0672 0.3047 
 31       31   (6)      2 :  0.6618 0.0518 0.0444 0.2420 
 32       32  (28)      3 :  0.6872 0.0482 0.0464 0.2182 
 33       33   (8)      3 :  0.8384 0.0129 0.0372 0.1115 
 34       34  (27)      3 :  0.7752 0.0247 0.0359 0.1641 
 35       35  (10)      3 :  0.8032 0.0341 0.0152 0.1475 
 36       36  (19)      3 :  0.7626 0.0340 0.0778 0.1256 
 37       37  (51)      3 :  0.5540 0.4314 0.0107 0.0039 
 38       38  (37)      3 :  0.6160 0.0290 0.0546 0.3004 
 39       39  (23)      3 :  0.7163 0.0132 0.0102 0.2603 
 40       40  (10)      3 :  0.6927 0.0688 0.0675 0.1710 
 41       41  (17)      3 :  0.6618 0.0691 0.0973 0.1719 
 42       42  (61)      3 :  0.6254 0.0627 0.0501 0.2619 
 43       43  (11)      3 :  0.6106 0.0178 0.0385 0.3331 
 44       44  (20)      3 :  0.7747 0.0380 0.0614 0.1258 
 45       45  (14)      3 :  0.5869 0.0222 0.0326 0.3583 
 46       46  (19)      3 :  0.6213 0.1054 0.1156 0.1577 
 47       47   (9)      4 :  0.6924 0.0167 0.0400 0.2509 
 48       48   (8)      4 :  0.7889 0.0212 0.0489 0.1410 
 49       49   (7)      4 :  0.7355 0.0232 0.0722 0.1691 
 50       50  (22)      4 :  0.6864 0.0244 0.0779 0.2113 
 51       51   (7)      4 :  0.7988 0.0150 0.0415 0.1447 
 52       52   (5)      4 :  0.7519 0.0283 0.0404 0.1794 
 53       53  (40)      4 :  0.5550 0.3021 0.1265 0.0165 
 54       54  (15)      4 :  0.6556 0.0183 0.0341 0.2920 
 55       55  (14)      4 :  0.7482 0.0751 0.0983 0.0784 
 56       56   (6)      4 :  0.7757 0.0308 0.0278 0.1657 
 57       57  (14)      4 :  0.6090 0.1420 0.0639 0.1852 
 58       58   (8)      4 :  0.6954 0.0085 0.0927 0.2034 
 59       59  (12)      4 :  0.6231 0.0113 0.0628 0.3028 
 60       60   (7)      4 :  0.7782 0.0259 0.0115 0.1844 
 61       61  (30)      5 :  0.7580 0.0400 0.0153 0.1868 
 62       62  (11)      5 :  0.6903 0.0158 0.0280 0.2659 
 63       63  (48)      5 :  0.6289 0.0326 0.0917 0.2468 
 64       64  (18)      5 :  0.8062 0.0485 0.0202 0.1250 
 65       65  (24)      5 :  0.5604 0.0039 0.2341 0.2016 
 66       66  (14)      5 :  0.6707 0.0160 0.0607 0.2526 
 67       67   (8)      5 :  0.7186 0.0275 0.0572 0.1968 
 68       68   (5)      5 :  0.7919 0.0230 0.0149 0.1702 
 69       69  (36)      5 :  0.6195 0.0290 0.0845 0.2670 
 70       70  (14)      5 :  0.7452 0.0124 0.0162 0.2261 
 71       71  (23)      5 :  0.8112 0.0186 0.0714 0.0988 
 72       72  (47)      5 :  0.7131 0.0760 0.0163 0.1946 
 73       73  (17)      5 :  0.7989 0.0490 0.0637 0.0884 
 74       74   (9)      5 :  0.6891 0.0169 0.0636 0.2304 
 75       75  (13)      5 :  0.6805 0.0886 0.0700 0.1608 
 76       76  (18)      6 :  0.7961 0.0127 0.0477 0.1434 
 77       77   (9)      6 :  0.7595 0.0116 0.0174 0.2115 
 78       78  (16)      6 :  0.5843 0.0444 0.1185 0.2528 
 79       79  (11)      6 :  0.8297 0.0156 0.0603 0.0944 
 80       80  (16)      6 :  0.5942 0.0176 0.0203 0.3679 
 81       81   (7)      6 :  0.7913 0.0264 0.0352 0.1471 
 82       82  (21)      6 :  0.8097 0.0152 0.0285 0.1466 
 83       83  (11)      6 :  0.7932 0.0523 0.0266 0.1279 
 84       84  (13)      6 :  0.7632 0.0190 0.0173 0.2005 
 85       85   (7)      6 :  0.7380 0.0353 0.0373 0.1894 
 86       86  (19)      6 :  0.7113 0.1283 0.0537 0.1067 
 87       87  (43)      6 :  0.6652 0.0537 0.0941 0.1870 
 88       88  (21)      6 :  0.6296 0.0793 0.0860 0.2052 
 89       89  (11)      6 :  0.7101 0.0136 0.0604 0.2159 
 90       90  (21)      6 :  0.7217 0.0369 0.0391 0.2023 
 91       91  (14)      6 :  0.8051 0.0221 0.0549 0.1179 
 92       92   (9)      7 :  0.7207 0.0435 0.0234 0.2124 
 93       93  (16)      7 :  0.8291 0.0385 0.0244 0.1080 
 94       94  (24)      7 :  0.6442 0.0500 0.0237 0.2821 
 95       95   (6)      7 :  0.6150 0.0088 0.0458 0.3304 
 96       96  (34)      7 :  0.8366 0.0325 0.0342 0.0967 
 97       97  (21)      7 :  0.7574 0.0397 0.0506 0.1523 
 98       98  (11)      7 :  0.8038 0.0326 0.0243 0.1393 
 99       99  (17)      7 :  0.6069 0.0382 0.0318 0.3232 
100      100  (14)      7 :  0.5630 0.1343 0.1129 0.1898 
101      101  (55)      7 :  0.8207 0.0262 0.0433 0.1098 
102      102  (12)      7 :  0.8272 0.0134 0.0176 0.1419 
103      103  (14)      7 :  0.6018 0.0315 0.0301 0.3366 
104      104  (17)      7 :  0.5973 0.0128 0.0373 0.3526 
105      105  (14)      7 :  0.6522 0.0477 0.0074 0.2927 
