  1        1  (17)      1 :  0.3607 0.0036 0.1780 0.1275 0.0239 0.0017 0.3046 
  2        2   (7)      1 :  0.2418 0.1789 0.5455 0.0079 0.0034 0.0195 0.0030 
  3        3  (17)      1 :  0.3915 0.3186 0.2212 0.0114 0.0159 0.0078 0.0337 
  4        4  (10)      1 :  0.3180 0.1836 0.4535 0.0072 0.0226 0.0022 0.0129 
  5        5  (71)      1 :  0.2214 0.4867 0.1747 0.0302 0.0125 0.0069 0.0676 
  6        6  (17)      1 :  0.0876 0.5351 0.2366 0.1047 0.0197 0.0110 0.0053 
  7        7  (18)      1 :  0.0864 0.0110 0.0165 0.0014 0.0038 0.8777 0.0032 
  8        8  (32)      1 :  0.4373 0.0520 0.4302 0.0105 0.0041 0.0043 0.0616 
  9        9  (20)      1 :  0.0990 0.5425 0.2764 0.0126 0.0477 0.0179 0.0039 
 10       10  (27)      1 :  0.4059 0.2809 0.1179 0.0291 0.0106 0.0177 0.1380 
 11       11  (22)      1 :  0.3871 0.1407 0.4236 0.0251 0.0147 0.0037 0.0051 
 12       12  (22)      1 :  0.2850 0.0873 0.0039 0.0044 0.5859 0.0249 0.0086 
 13       13   (6)      1 :  0.0624 0.6324 0.1645 0.0061 0.1130 0.0087 0.0129 
 14       14  (46)      1 :  0.0770 0.7009 0.0820 0.0487 0.0318 0.0406 0.0192 
 15       15  (12)      1 :  0.5753 0.1144 0.0068 0.0891 0.0024 0.0180 0.1940 
 16       16  (13)      2 :  0.1073 0.5573 0.2728 0.0062 0.0431 0.0077 0.0056 
 17       17  (12)      2 :  0.3544 0.0144 0.5909 0.0076 0.0094 0.0203 0.0030 
 18       18  (10)      2 :  0.0427 0.5286 0.2935 0.0499 0.0516 0.0281 0.0056 
 19       19  (11)      2 :  0.1071 0.4053 0.2908 0.1081 0.0414 0.0213 0.0261 
 20       20   (6)      2 :  0.3137 0.1365 0.3035 0.1090 0.0647 0.0022 0.0704 
 21       21  (27)      2 :  0.1146 0.0744 0.7346 0.0046 0.0543 0.0055 0.0121 
 22       22   (9)      2 :  0.1784 0.2370 0.5239 0.0041 0.0335 0.0170 0.0061 
 23       23   (9)      2 :  0.1636 0.2680 0.4076 0.1422 0.0058 0.0098 0.0030 
 24       24  (13)      2 :  0.0835 0.4396 0.2033 0.0548 0.1465 0.0391 0.0331 
 25       25  (43)      2 :  0.0034 0.0024 0.0033 0.3060 0.0984 0.0017 0.5848 
 26       26  (11)      2 :  0.1598 0.5070 0.2311 0.0553 0.0307 0.0020 0.0141 
 27       27  (26)      2 :  0.6499 0.0098 0.1402 0.0139 0.1546 0.0038 0.0278 
 28       28  (15)      2 :  0.1112 0.2819 0.4830 0.1023 0.0118 0.0077 0.0021 
 29       29  (27)      2 :  0.0241 0.2905 0.5539 0.0249 0.0137 0.0664 0.0265 
 30       30  (14)      2 :  0.2538 0.3234 0.2632 0.0115 0.1298 0.0123 0.0060 
 31       31   (6)      2 :  0.1014 0.5046 0.0470 0.1880 0.0736 0.0689 0.0165 
 32       32  (28)      3 :  0.2845 0.5894 0.0326 0.0134 0.0075 0.0383 0.0343 
 33       33   (8)      3 :  0.2712 0.2024 0.4096 0.0933 0.0157 0.0032 0.0047 
 34       34  (27)      3 :  0.1576 0.3370 0.4582 0.0100 0.0046 0.0084 0.0241 
 35       35  (10)      3 :  0.0411 0.5793 0.3209 0.0287 0.0110 0.0108 0.0082 
 36       36  (19)      3 :  0.2503 0.5088 0.1537 0.0324 0.0063 0.0204 0.0281 
 37       37  (51)      3 :  0.0037 0.0048 0.0058 0.1017 0.2969 0.5852 0.0019 
 38       38  (37)      3 :  0.4066 0.3672 0.1499 0.0078 0.0328 0.0082 0.0275 
 39       39  (23)      3 :  0.1230 0.2959 0.5199 0.0361 0.0068 0.0129 0.0054 
 40       40  (10)      3 :  0.1224 0.5839 0.1060 0.0301 0.0250 0.0640 0.0687 
 41       41  (17)      3 :  0.3935 0.3106 0.0567 0.0059 0.0066 0.1260 0.1007 
 42       42  (61)      3 :  0.1734 0.3276 0.1828 0.1076 0.1785 0.0087 0.0214 
 43       43  (11)      3 :  0.2106 0.3261 0.2922 0.0220 0.1054 0.0063 0.0375 
 44       44  (20)      3 :  0.2861 0.2488 0.4070 0.0108 0.0082 0.0128 0.0262 
 45       45  (14)      3 :  0.3255 0.3165 0.2304 0.0107 0.0769 0.0083 0.0317 
 46       46  (19)      3 :  0.1309 0.0285 0.1645 0.1074 0.4986 0.0062 0.0639 
 47       47   (9)      4 :  0.1700 0.2166 0.5875 0.0044 0.0073 0.0039 0.0103 
 48       48   (8)      4 :  0.2525 0.1966 0.4016 0.0990 0.0077 0.0072 0.0354 
 49       49   (7)      4 :  0.3906 0.1607 0.3522 0.0621 0.0158 0.0053 0.0133 
 50       50  (22)      4 :  0.5853 0.0735 0.2307 0.0080 0.0113 0.0056 0.0856 
 51       51   (7)      4 :  0.2839 0.2233 0.4711 0.0060 0.0065 0.0023 0.0069 
 52       52   (5)      4 :  0.0455 0.5600 0.3062 0.0283 0.0088 0.0109 0.0403 
 53       53  (40)      4 :  0.0997 0.1022 0.0038 0.1017 0.0037 0.3951 0.2938 
 54       54  (15)      4 :  0.2526 0.4571 0.0489 0.1989 0.0294 0.0039 0.0092 
 55       55  (14)      4 :  0.2175 0.5218 0.1430 0.0322 0.0162 0.0466 0.0228 
 56       56   (6)      4 :  0.2513 0.2842 0.3962 0.0227 0.0254 0.0159 0.0043 
 57       57  (14)      4 :  0.0090 0.1863 0.3303 0.1693 0.1939 0.1000 0.0112 
 58       58   (8)      4 :  0.3610 0.0647 0.3437 0.1329 0.0360 0.0022 0.0596 
 59       59  (12)      4 :  0.2262 0.4111 0.2934 0.0328 0.0144 0.0034 0.0187 
 60       60   (7)      4 :  0.0289 0.3649 0.5082 0.0331 0.0401 0.0138 0.0110 
 61       61  (30)      5 :  0.0507 0.4164 0.3149 0.1470 0.0456 0.0194 0.0059 
 62       62  (11)      5 :  0.1656 0.1283 0.5491 0.1305 0.0128 0.0074 0.0062 
 63       63  (48)      5 :  0.2634 0.3713 0.2142 0.0565 0.0134 0.0289 0.0523 
 64       64  (18)      5 :  0.0172 0.5505 0.2313 0.1182 0.0355 0.0084 0.0389 
 65       65  (24)      5 :  0.1026 0.0132 0.0059 0.8679 0.0028 0.0013 0.0063 
 66       66  (14)      5 :  0.3753 0.2590 0.1767 0.1279 0.0201 0.0052 0.0359 
 67       67   (8)      5 :  0.3052 0.3620 0.1546 0.0653 0.0567 0.0060 0.0501 
 68       68   (5)      5 :  0.0466 0.5626 0.2436 0.1162 0.0038 0.0089 0.0182 
 69       69  (36)      5 :  0.5927 0.0303 0.2019 0.0329 0.0950 0.0099 0.0372 
 70       70  (14)      5 :  0.3778 0.3933 0.1973 0.0183 0.0028 0.0042 0.0063 
 71       71  (23)      5 :  0.4977 0.1120 0.2381 0.0340 0.0097 0.0041 0.1044 
 72       72  (47)      5 :  0.0438 0.4483 0.3061 0.0077 0.0434 0.1423 0.0083 
 73       73  (17)      5 :  0.3425 0.2902 0.2967 0.0058 0.0109 0.0173 0.0366 
 74       74   (9)      5 :  0.2942 0.3675 0.1856 0.1088 0.0198 0.0078 0.0163 
 75       75  (13)      5 :  0.1452 0.3741 0.2943 0.0179 0.0829 0.0570 0.0286 
 76       76  (18)      6 :  0.2822 0.2527 0.4388 0.0044 0.0063 0.0049 0.0107 
 77       77   (9)      6 :  0.1268 0.4690 0.3155 0.0686 0.0117 0.0030 0.0055 
 78       78  (16)      6 :  0.5482 0.0265 0.2402 0.1177 0.0279 0.0232 0.0163 
 79       79  (11)      6 :  0.2055 0.1978 0.4638 0.1098 0.0060 0.0069 0.0102 
 80       80  (16)      6 :  0.4485 0.3143 0.1692 0.0112 0.0473 0.0035 0.0060 
 81       81   (7)      6 :  0.0662 0.1851 0.6828 0.0237 0.0071 0.0108 0.0243 
 82       82  (21)      6 :  0.1552 0.3834 0.3420 0.0550 0.0259 0.0032 0.0353 
 83       83  (11)      6 :  0.1901 0.2067 0.4896 0.0217 0.0609 0.0118 0.0192 
 84       84  (13)      6 :  0.1982 0.3020 0.4249 0.0523 0.0128 0.0050 0.0047 
 85       85   (7)      6 :  0.2042 0.3193 0.3548 0.0478 0.0529 0.0152 0.0058 
 86       86  (19)      6 :  0.2612 0.3882 0.1042 0.0179 0.0076 0.0958 0.1251 
 87       87  (43)      6 :  0.3309 0.2868 0.1713 0.0113 0.1333 0.0314 0.0350 
 88       88  (21)      6 :  0.2990 0.3263 0.1430 0.0097 0.1102 0.0500 0.0618 
 89       89  (11)      6 :  0.3408 0.3696 0.2194 0.0135 0.0115 0.0083 0.0370 
 90       90  (21)      6 :  0.0932 0.5629 0.2541 0.0121 0.0433 0.0108 0.0236 
 91       91  (14)      6 :  0.3901 0.0734 0.4315 0.0236 0.0301 0.0043 0.0470 
 92       92   (9)      7 :  0.0385 0.4532 0.3094 0.0162 0.1685 0.0047 0.0095 
 93       93  (16)      7 :  0.0742 0.2266 0.6018 0.0703 0.0103 0.0113 0.0055 
 94       94  (24)      7 :  0.0055 0.1964 0.1007 0.0029 0.6912 0.0017 0.0016 
 95       95   (6)      7 :  0.1764 0.4935 0.2805 0.0092 0.0078 0.0023 0.0303 
 96       96  (34)      7 :  0.0991 0.1239 0.6612 0.0408 0.0152 0.0277 0.0321 
 97       97  (21)      7 :  0.2413 0.2083 0.3314 0.0108 0.1734 0.0053 0.0296 
 98       98  (11)      7 :  0.0343 0.1721 0.7567 0.0160 0.0082 0.0096 0.0032 
 99       99  (17)      7 :  0.1451 0.3978 0.3691 0.0038 0.0358 0.0284 0.0199 
100      100  (14)      7 :  0.4754 0.0667 0.1375 0.0048 0.1032 0.1471 0.0652 
101      101  (55)      7 :  0.1868 0.3423 0.3804 0.0499 0.0163 0.0153 0.0090 
102      102  (12)      7 :  0.3151 0.2357 0.4007 0.0235 0.0121 0.0068 0.0061 
103      103  (14)      7 :  0.3503 0.3354 0.1827 0.0232 0.0889 0.0060 0.0135 
104      104  (17)      7 :  0.4043 0.3617 0.1418 0.0476 0.0350 0.0029 0.0067 
105      105  (14)      7 :  0.1720 0.6240 0.0992 0.0255 0.0343 0.0415 0.0035 
