

-----------------------------------------------------------------
-----------------------------------------------------------------
CLUMPP by M. Jakobsson and N. A. Rosenberg (2007)
              Code by M. Jakobsson
           Version 1.1.2 (May 2009)
-----------------------------------------------------------------
-----------------------------------------------------------------


Parameter settings 
----------------------- Main parameters -------------------------
DATATYPE = 0
INDFILE = sint_2f_1470544695/clumpp_K7.ind
POPFILE = 
OUTFILE = sint_2f_1470544695/clumpp_K7.out
MISCFILE = sint_2f_1470544695/clumpp_K7.misc
K = 7
C = 105
R = 10
M = 2
W = 0
S = 2
- Additional options for the Greedy and LargeKGreedy algorithms -
GREEDY_OPTION = 2
REPEATS = 1000
PERMUTATIONFILE = 
----------------------- Optional outputs ------------------------
PRINT_PERMUTED_DATA = 2
PERMUTED_DATAFILE = sint_2f_1470544695/clumpp_K7_perm
PRINT_EVERY_PERM = 0
EVERY_PERMFILE = 
PRINT_RANDOM_INPUTORDERFILE = 0
RANDOM_INPUTORDERFILE = 
----------------------- Advanced options ------------------------
OVERRIDE_WARNINGS = 0
ORDER_BY_RUN = 1


In total, 1000 configurations of runs and clusters will be tested.

Running... 
----------------------------------
Best estimate of H'  Repeat number (of 1000)
0.398958763453509    1
0.399555758275122    7
0.399737043896678    198


Results 
----------------------------------
The highest value of H' is: 0.399737043896678

The list of permutation of the clusters that produces that
H' value is (each run is on a separate row)
1 2 3 4 5 6 7 
7 2 1 5 3 4 6 
5 2 3 7 4 6 1 
7 2 4 3 6 5 1 
4 1 6 7 3 2 5 
4 7 3 1 6 2 5 
5 3 7 6 4 1 2 
4 1 7 6 2 5 3 
2 1 3 6 7 4 5 
7 5 6 3 4 1 2 

The program finished in (days:hours:minutes:seconds)
0:0:26:19

