  1        1  (17)      1 :  0.5038 0.0314 0.0489 0.0260 0.3899 
  2        2   (7)      1 :  0.0854 0.0424 0.0289 0.5388 0.3045 
  3        3  (17)      1 :  0.1497 0.0237 0.0609 0.4994 0.2663 
  4        4  (10)      1 :  0.3441 0.0264 0.0372 0.3574 0.2349 
  5        5  (71)      1 :  0.1686 0.0394 0.0347 0.3676 0.3897 
  6        6  (17)      1 :  0.0368 0.0351 0.0341 0.2229 0.6711 
  7        7  (18)      1 :  0.2277 0.4513 0.0103 0.0931 0.2176 
  8        8  (32)      1 :  0.3541 0.0198 0.0187 0.2144 0.3930 
  9        9  (20)      1 :  0.0631 0.0527 0.0701 0.3027 0.5114 
 10       10  (27)      1 :  0.3502 0.0382 0.0289 0.1216 0.4611 
 11       11  (22)      1 :  0.2355 0.0296 0.0445 0.2886 0.4017 
 12       12  (22)      1 :  0.3786 0.1579 0.1149 0.0319 0.3167 
 13       13   (6)      1 :  0.1275 0.0533 0.1028 0.1407 0.5757 
 14       14  (46)      1 :  0.1077 0.0494 0.0777 0.3063 0.4589 
 15       15  (12)      1 :  0.5114 0.0373 0.0280 0.1904 0.2329 
 16       16  (13)      2 :  0.1421 0.0202 0.0614 0.2010 0.5753 
 17       17  (12)      2 :  0.0455 0.0351 0.0559 0.6526 0.2108 
 18       18  (10)      2 :  0.0558 0.0406 0.0492 0.3979 0.4567 
 19       19  (11)      2 :  0.0552 0.0377 0.0657 0.1894 0.6520 
 20       20   (6)      2 :  0.1706 0.0227 0.0527 0.1306 0.6235 
 21       21  (27)      2 :  0.0389 0.0264 0.0433 0.4273 0.4641 
 22       22   (9)      2 :  0.0613 0.0281 0.0359 0.3095 0.5651 
 23       23   (9)      2 :  0.0457 0.0258 0.0491 0.5908 0.2887 
 24       24  (13)      2 :  0.0916 0.0839 0.0928 0.1185 0.6132 
 25       25  (43)      2 :  0.4470 0.0190 0.4057 0.0218 0.1065 
 26       26  (11)      2 :  0.0343 0.0261 0.0443 0.3058 0.5895 
 27       27  (26)      2 :  0.2804 0.0708 0.0544 0.3436 0.2508 
 28       28  (15)      2 :  0.0292 0.0366 0.0383 0.2221 0.6738 
 29       29  (27)      2 :  0.0676 0.1027 0.0582 0.3447 0.4269 
 30       30  (14)      2 :  0.0737 0.0889 0.0850 0.3175 0.4349 
 31       31   (6)      2 :  0.0756 0.0666 0.1674 0.1874 0.5030 
 32       32  (28)      3 :  0.0931 0.0692 0.0667 0.5490 0.2219 
 33       33   (8)      3 :  0.1168 0.0222 0.0416 0.2977 0.5217 
 34       34  (27)      3 :  0.0622 0.0368 0.0597 0.5437 0.2976 
 35       35  (10)      3 :  0.0571 0.0444 0.0478 0.4727 0.3781 
 36       36  (19)      3 :  0.1696 0.0372 0.0437 0.0933 0.6562 
 37       37  (51)      3 :  0.0398 0.7804 0.0684 0.0127 0.0987 
 38       38  (37)      3 :  0.1879 0.0196 0.0619 0.1976 0.5330 
 39       39  (23)      3 :  0.0318 0.0275 0.0466 0.5457 0.3485 
 40       40  (10)      3 :  0.1636 0.0576 0.0704 0.0815 0.6269 
 41       41  (17)      3 :  0.2776 0.0807 0.0496 0.2803 0.3117 
 42       42  (61)      3 :  0.1267 0.0679 0.1077 0.3083 0.3893 
 43       43  (11)      3 :  0.1234 0.0397 0.0645 0.1526 0.6197 
 44       44  (20)      3 :  0.2336 0.0392 0.0639 0.2870 0.3763 
 45       45  (14)      3 :  0.1342 0.0768 0.0732 0.4456 0.2702 
 46       46  (19)      3 :  0.1721 0.1218 0.3367 0.1424 0.2270 
 47       47   (9)      4 :  0.0697 0.0338 0.0421 0.6259 0.2285 
 48       48   (8)      4 :  0.0559 0.0238 0.0426 0.3240 0.5537 
 49       49   (7)      4 :  0.1801 0.0360 0.0299 0.2390 0.5150 
 50       50  (22)      4 :  0.3839 0.0352 0.0389 0.2157 0.3263 
 51       51   (7)      4 :  0.1221 0.0282 0.0467 0.3585 0.4445 
 52       52   (5)      4 :  0.0693 0.0330 0.0495 0.1325 0.7157 
 53       53  (40)      4 :  0.0085 0.5727 0.2182 0.0087 0.1919 
 54       54  (15)      4 :  0.0434 0.0339 0.1077 0.4343 0.3807 
 55       55  (14)      4 :  0.0582 0.1009 0.0650 0.2129 0.5630 
 56       56   (6)      4 :  0.0529 0.0250 0.0592 0.7291 0.1338 
 57       57  (14)      4 :  0.1467 0.1136 0.1959 0.3555 0.1882 
 58       58   (8)      4 :  0.2381 0.0166 0.0379 0.2006 0.5069 
 59       59  (12)      4 :  0.2144 0.0346 0.0432 0.5188 0.1890 
 60       60   (7)      4 :  0.0626 0.0317 0.0660 0.4988 0.3408 
 61       61  (30)      5 :  0.0768 0.0470 0.0835 0.3103 0.4823 
 62       62  (11)      5 :  0.0377 0.0244 0.0898 0.6854 0.1627 
 63       63  (48)      5 :  0.2349 0.0406 0.0583 0.2028 0.4634 
 64       64  (18)      5 :  0.1190 0.0840 0.0938 0.2624 0.4409 
 65       65  (24)      5 :  0.0139 0.0077 0.6432 0.2360 0.0992 
 66       66  (14)      5 :  0.1654 0.0301 0.0446 0.3094 0.4505 
 67       67   (8)      5 :  0.1722 0.0289 0.0880 0.3627 0.3482 
 68       68   (5)      5 :  0.0352 0.0327 0.0438 0.1873 0.7011 
 69       69  (36)      5 :  0.3416 0.0480 0.0480 0.2680 0.2944 
 70       70  (14)      5 :  0.0774 0.0427 0.0323 0.7304 0.1172 
 71       71  (23)      5 :  0.3592 0.0190 0.0546 0.1371 0.4300 
 72       72  (47)      5 :  0.1254 0.1372 0.0652 0.3014 0.3709 
 73       73  (17)      5 :  0.3130 0.0352 0.0511 0.3038 0.2969 
 74       74   (9)      5 :  0.1580 0.0258 0.0353 0.0964 0.6846 
 75       75  (13)      5 :  0.1262 0.0738 0.0607 0.2169 0.5224 
 76       76  (18)      6 :  0.0896 0.0324 0.0263 0.1709 0.6808 
 77       77   (9)      6 :  0.0357 0.0223 0.0713 0.7250 0.1457 
 78       78  (16)      6 :  0.1351 0.0697 0.1267 0.4434 0.2250 
 79       79  (11)      6 :  0.1468 0.0143 0.0265 0.3388 0.4736 
 80       80  (16)      6 :  0.1314 0.0231 0.0653 0.4948 0.2854 
 81       81   (7)      6 :  0.0398 0.0306 0.0356 0.3125 0.5816 
 82       82  (21)      6 :  0.0863 0.0318 0.0437 0.5737 0.2645 
 83       83  (11)      6 :  0.1063 0.0503 0.0556 0.5068 0.2809 
 84       84  (13)      6 :  0.0442 0.0311 0.0337 0.6293 0.2616 
 85       85   (7)      6 :  0.0719 0.0595 0.0669 0.3954 0.4063 
 86       86  (19)      6 :  0.3015 0.0782 0.0968 0.1571 0.3664 
 87       87  (43)      6 :  0.2807 0.1283 0.0659 0.0766 0.4485 
 88       88  (21)      6 :  0.2545 0.0570 0.0502 0.0465 0.5917 
 89       89  (11)      6 :  0.0962 0.0357 0.0667 0.6012 0.2002 
 90       90  (21)      6 :  0.1269 0.0836 0.0908 0.1438 0.5549 
 91       91  (14)      6 :  0.2766 0.0287 0.0685 0.3359 0.2903 
 92       92   (9)      7 :  0.0586 0.0571 0.0962 0.5000 0.2881 
 93       93  (16)      7 :  0.0521 0.0316 0.0576 0.3829 0.4758 
 94       94  (24)      7 :  0.1306 0.1129 0.2900 0.1445 0.3221 
 95       95   (6)      7 :  0.0601 0.0172 0.0372 0.7109 0.1745 
 96       96  (34)      7 :  0.0807 0.0464 0.0582 0.4119 0.4028 
 97       97  (21)      7 :  0.1879 0.0680 0.0690 0.1935 0.4816 
 98       98  (11)      7 :  0.0547 0.0273 0.0299 0.3017 0.5864 
 99       99  (17)      7 :  0.0784 0.0503 0.0558 0.3570 0.4585 
100      100  (14)      7 :  0.2530 0.2908 0.0390 0.2166 0.2006 
101      101  (55)      7 :  0.1227 0.0221 0.0353 0.3277 0.4923 
102      102  (12)      7 :  0.1323 0.0391 0.0245 0.5834 0.2207 
103      103  (14)      7 :  0.1877 0.0614 0.0541 0.3395 0.3573 
104      104  (17)      7 :  0.1503 0.0447 0.0637 0.4158 0.3255 
105      105  (14)      7 :  0.0514 0.0644 0.0546 0.5191 0.3105 
