 1        1   (8)      1 :  0.0036 0.8071 0.1879 0.0014 
 2        2   (9)      1 :  0.1011 0.1492 0.7420 0.0078 
 3        3   (9)      1 :  0.0454 0.3410 0.5976 0.0160 
 4        4  (18)      1 :  0.1139 0.2202 0.6597 0.0062 
 5        5  (22)      1 :  0.0037 0.0248 0.9238 0.0477 
 6        6   (9)      1 :  0.6734 0.1272 0.0945 0.1049 
 7        7  (13)      1 :  0.0594 0.2685 0.6693 0.0028 
 8        8  (14)      1 :  0.2929 0.0971 0.6071 0.0030 
 9        9   (5)      1 :  0.2141 0.2590 0.5241 0.0028 
10       10  (10)      1 :  0.1256 0.1118 0.7496 0.0131 
11       11  (21)      1 :  0.5363 0.1793 0.2287 0.0557 
12       12   (7)      1 :  0.3773 0.2057 0.2538 0.1632 
13       13  (26)      1 :  0.0048 0.0482 0.9381 0.0089 
14       14   (8)      2 :  0.9646 0.0190 0.0135 0.0029 
15       15   (7)      2 :  0.8576 0.0867 0.0232 0.0325 
16       16   (8)      2 :  0.8142 0.1755 0.0078 0.0025 
17       17   (7)      2 :  0.8124 0.0690 0.1132 0.0054 
18       18  (13)      2 :  0.6426 0.2498 0.1047 0.0029 
19       19  (16)      2 :  0.5815 0.1153 0.0732 0.2301 
20       20   (6)      2 :  0.8847 0.1010 0.0045 0.0098 
21       21   (6)      2 :  0.8662 0.1247 0.0036 0.0055 
22       22   (8)      2 :  0.6013 0.1081 0.2329 0.0576 
23       23   (5)      2 :  0.7121 0.1319 0.1522 0.0038 
24       24  (12)      2 :  0.8556 0.1209 0.0205 0.0030 
25       25  (10)      2 :  0.8616 0.0271 0.0875 0.0238 
26       26  (10)      2 :  0.9643 0.0311 0.0027 0.0019 
27       27  (48)      2 :  0.8717 0.0704 0.0501 0.0078 
28       28  (20)      2 :  0.5903 0.2189 0.1877 0.0030 
29       29   (9)      3 :  0.1413 0.4714 0.3838 0.0036 
30       30   (8)      3 :  0.0038 0.4208 0.5725 0.0029 
31       31  (19)      3 :  0.1635 0.3952 0.4377 0.0037 
32       32  (13)      3 :  0.0814 0.4373 0.4500 0.0313 
33       33   (6)      3 :  0.0179 0.1876 0.6416 0.1529 
34       34  (10)      3 :  0.1543 0.3235 0.5164 0.0058 
35       35   (5)      3 :  0.3705 0.1532 0.4293 0.0471 
36       36  (17)      3 :  0.0228 0.2151 0.7394 0.0227 
37       37   (8)      3 :  0.2840 0.0451 0.6549 0.0160 
38       38  (10)      3 :  0.0323 0.3357 0.6147 0.0173 
39       39  (14)      3 :  0.0890 0.3205 0.4513 0.1392 
40       40  (15)      3 :  0.0054 0.3069 0.4679 0.2198 
41       41   (5)      4 :  0.8719 0.0044 0.1164 0.0073 
42       42   (8)      4 :  0.8669 0.0882 0.0153 0.0296 
43       43  (17)      4 :  0.7817 0.1947 0.0172 0.0064 
44       44  (33)      4 :  0.6327 0.0978 0.0553 0.2143 
45       45  (18)      4 :  0.8757 0.0710 0.0274 0.0259 
46       46  (15)      4 :  0.5465 0.2033 0.2368 0.0134 
47       47   (5)      4 :  0.9585 0.0213 0.0101 0.0101 
48       48  (24)      4 :  0.7235 0.1333 0.0600 0.0832 
49       49  (32)      4 :  0.8693 0.0690 0.0577 0.0040 
50       50  (24)      4 :  0.8828 0.0919 0.0204 0.0049 
51       51  (17)      4 :  0.7024 0.1289 0.0431 0.1256 
52       52   (6)      4 :  0.6107 0.0528 0.3324 0.0041 
53       53  (10)      4 :  0.7713 0.0475 0.0389 0.1423 
54       54  (10)      4 :  0.6382 0.0436 0.2816 0.0366 
55       55  (26)      5 :  0.4867 0.1148 0.0574 0.3410 
56       56  (15)      5 :  0.3721 0.0903 0.5331 0.0046 
57       57  (15)      5 :  0.0260 0.1596 0.7447 0.0697 
58       58   (5)      5 :  0.0016 0.2308 0.7648 0.0028 
59       59   (7)      5 :  0.1832 0.1884 0.6252 0.0032 
60       60   (9)      5 :  0.2109 0.5957 0.1586 0.0348 
61       61  (17)      5 :  0.3069 0.1796 0.4942 0.0193 
62       62  (10)      5 :  0.0574 0.4148 0.4946 0.0332 
63       63  (13)      5 :  0.1719 0.0539 0.4749 0.2993 
64       64  (15)      5 :  0.2370 0.2666 0.3614 0.1351 
65       65  (17)      5 :  0.3479 0.0524 0.5234 0.0763 
66       66  (14)      5 :  0.1710 0.3823 0.3928 0.0540 
67       67  (12)      5 :  0.0234 0.2308 0.4305 0.3154 
68       68   (9)      5 :  0.2745 0.4864 0.2320 0.0071 
69       69  (14)      5 :  0.1392 0.1415 0.4632 0.2561 
70       70   (8)      5 :  0.2143 0.0208 0.6673 0.0976 
71       71  (19)      6 :  0.9125 0.0367 0.0463 0.0045 
72       72   (6)      6 :  0.9562 0.0375 0.0045 0.0018 
73       73  (39)      6 :  0.8254 0.0381 0.1313 0.0052 
74       74  (25)      6 :  0.9054 0.0780 0.0133 0.0033 
75       75  (16)      6 :  0.8758 0.0186 0.0219 0.0837 
76       76  (37)      6 :  0.7703 0.1274 0.0471 0.0552 
77       77   (8)      6 :  0.7597 0.0053 0.0426 0.1924 
78       78   (9)      6 :  0.9594 0.0232 0.0143 0.0031 
79       79   (8)      6 :  0.8281 0.0814 0.0137 0.0768 
80       80   (9)      6 :  0.6088 0.2166 0.1330 0.0416 
81       81   (9)      6 :  0.6630 0.0379 0.0644 0.2348 
82       82  (10)      6 :  0.8848 0.0253 0.0063 0.0836 
83       83   (9)      5 :  0.1121 0.2540 0.4432 0.1906 
84       84  (29)      7 :  0.0351 0.1132 0.4238 0.4279 
85       85   (9)      7 :  0.0691 0.0370 0.1860 0.7079 
86       86  (10)      7 :  0.0201 0.0598 0.0325 0.8876 
87       87   (9)      7 :  0.2081 0.1065 0.0872 0.5982 
88       88  (10)      7 :  0.0589 0.0455 0.0938 0.8018 
89       89  (24)      7 :  0.0794 0.1754 0.3847 0.3605 
90       90  (11)      7 :  0.0056 0.0097 0.1348 0.8499 
91       91  (18)      7 :  0.0262 0.1849 0.2397 0.5493 
92       92  (13)      7 :  0.0211 0.0474 0.3782 0.5533 
93       93  (10)      7 :  0.0119 0.0249 0.0384 0.9248 
94       94  (11)      7 :  0.1156 0.2194 0.5450 0.1199 
95       95   (8)      7 :  0.0121 0.0864 0.1288 0.7727 
96       96  (23)      7 :  0.0027 0.0090 0.0046 0.9837 
97       97   (5)      7 :  0.1773 0.0235 0.5179 0.2813 
