 1        1   (8)      1 :  0.9364 0.0636 
 2        2   (9)      1 :  0.8870 0.1130 
 3        3   (9)      1 :  0.9355 0.0645 
 4        4  (18)      1 :  0.8257 0.1743 
 5        5  (22)      1 :  0.9896 0.0104 
 6        6   (9)      1 :  0.2162 0.7838 
 7        7  (13)      1 :  0.9130 0.0870 
 8        8  (14)      1 :  0.6240 0.3760 
 9        9   (5)      1 :  0.7545 0.2455 
10       10  (10)      1 :  0.8996 0.1004 
11       11  (21)      1 :  0.3646 0.6354 
12       12   (7)      1 :  0.4322 0.5678 
13       13  (26)      1 :  0.9821 0.0179 
14       14   (8)      2 :  0.0070 0.9930 
15       15   (7)      2 :  0.0480 0.9520 
16       16   (8)      2 :  0.0095 0.9905 
17       17   (7)      2 :  0.0392 0.9608 
18       18  (13)      2 :  0.2009 0.7991 
19       19  (16)      2 :  0.2439 0.7561 
20       20   (6)      2 :  0.0095 0.9905 
21       21   (6)      2 :  0.0078 0.9922 
22       22   (8)      2 :  0.3073 0.6927 
23       23   (5)      2 :  0.0727 0.9273 
24       24  (12)      2 :  0.0108 0.9892 
25       25  (10)      2 :  0.0633 0.9367 
26       26  (10)      2 :  0.0037 0.9963 
27       27  (48)      2 :  0.0190 0.9810 
28       28  (20)      2 :  0.1220 0.8780 
29       29   (9)      3 :  0.6767 0.3233 
30       30   (8)      3 :  0.9896 0.0104 
31       31  (19)      3 :  0.7372 0.2628 
32       32  (13)      3 :  0.8898 0.1102 
33       33   (6)      3 :  0.9829 0.0171 
34       34  (10)      3 :  0.6962 0.3038 
35       35   (5)      3 :  0.5302 0.4698 
36       36  (17)      3 :  0.9326 0.0674 
37       37   (8)      3 :  0.6877 0.3123 
38       38  (10)      3 :  0.9413 0.0587 
39       39  (14)      3 :  0.8411 0.1589 
40       40  (15)      3 :  0.9870 0.0130 
41       41   (5)      4 :  0.0321 0.9679 
42       42   (8)      4 :  0.0258 0.9742 
43       43  (17)      4 :  0.0234 0.9766 
44       44  (33)      4 :  0.1618 0.8382 
45       45  (18)      4 :  0.0184 0.9816 
46       46  (15)      4 :  0.2981 0.7019 
47       47   (5)      4 :  0.0094 0.9906 
48       48  (24)      4 :  0.0879 0.9121 
49       49  (32)      4 :  0.0140 0.9860 
50       50  (24)      4 :  0.0135 0.9865 
51       51  (17)      4 :  0.1587 0.8413 
52       52   (6)      4 :  0.2481 0.7519 
53       53  (10)      4 :  0.1023 0.8977 
54       54  (10)      4 :  0.1837 0.8163 
55       55  (26)      5 :  0.3806 0.6194 
56       56  (15)      5 :  0.5361 0.4639 
57       57  (15)      5 :  0.9617 0.0383 
58       58   (5)      5 :  0.9965 0.0035 
59       59   (7)      5 :  0.7307 0.2693 
60       60   (9)      5 :  0.6127 0.3873 
61       61  (17)      5 :  0.5699 0.4301 
62       62  (10)      5 :  0.9178 0.0822 
63       63  (13)      5 :  0.7213 0.2787 
64       64  (15)      5 :  0.7090 0.2910 
65       65  (17)      5 :  0.5880 0.4120 
66       66  (14)      5 :  0.7515 0.2485 
67       67  (12)      5 :  0.9127 0.0873 
68       68   (9)      5 :  0.5863 0.4137 
69       69  (14)      5 :  0.7610 0.2390 
70       70   (8)      5 :  0.7460 0.2540 
71       71  (19)      6 :  0.0106 0.9894 
72       72   (6)      6 :  0.0040 0.9960 
73       73  (39)      6 :  0.0357 0.9643 
74       74  (25)      6 :  0.0069 0.9931 
75       75  (16)      6 :  0.0482 0.9518 
76       76  (37)      6 :  0.1294 0.8706 
77       77   (8)      6 :  0.1276 0.8724 
78       78   (9)      6 :  0.0063 0.9937 
79       79   (8)      6 :  0.0626 0.9374 
80       80   (9)      6 :  0.2895 0.7105 
81       81   (9)      6 :  0.2540 0.7460 
82       82  (10)      6 :  0.0144 0.9856 
83       83   (9)      5 :  0.7661 0.2339 
84       84  (29)      7 :  0.8519 0.1481 
85       85   (9)      7 :  0.7937 0.2063 
86       86  (10)      7 :  0.8149 0.1851 
87       87   (9)      7 :  0.6620 0.3380 
88       88  (10)      7 :  0.7752 0.2248 
89       89  (24)      7 :  0.8350 0.1650 
90       90  (11)      7 :  0.9424 0.0576 
91       91  (18)      7 :  0.8804 0.1196 
92       92  (13)      7 :  0.8726 0.1274 
93       93  (10)      7 :  0.8645 0.1355 
94       94  (11)      7 :  0.8563 0.1437 
95       95   (8)      7 :  0.8495 0.1505 
96       96  (23)      7 :  0.9594 0.0406 
97       97   (5)      7 :  0.7272 0.2728 
