 1        1   (8)      1 :  0.0103 0.9877 0.0020 
 2        2   (9)      1 :  0.1479 0.8349 0.0172 
 3        3   (9)      1 :  0.0553 0.9206 0.0241 
 4        4  (18)      1 :  0.1456 0.8439 0.0105 
 5        5  (22)      1 :  0.0052 0.7952 0.1996 
 6        6   (9)      1 :  0.7358 0.1749 0.0893 
 7        7  (13)      1 :  0.0714 0.9256 0.0030 
 8        8  (14)      1 :  0.3174 0.6788 0.0038 
 9        9   (5)      1 :  0.2277 0.7680 0.0043 
10       10  (10)      1 :  0.1874 0.7502 0.0624 
11       11  (21)      1 :  0.5969 0.3554 0.0477 
12       12   (7)      1 :  0.4472 0.3955 0.1574 
13       13  (26)      1 :  0.0081 0.9568 0.0351 
14       14   (8)      2 :  0.9899 0.0061 0.0040 
15       15   (7)      2 :  0.9211 0.0416 0.0373 
16       16   (8)      2 :  0.9820 0.0149 0.0031 
17       17   (7)      2 :  0.9276 0.0641 0.0083 
18       18  (13)      2 :  0.7072 0.2900 0.0028 
19       19  (16)      2 :  0.6746 0.0471 0.2783 
20       20   (6)      2 :  0.9801 0.0074 0.0125 
21       21   (6)      2 :  0.9886 0.0050 0.0064 
22       22   (8)      2 :  0.6681 0.2744 0.0575 
23       23   (5)      2 :  0.8330 0.1625 0.0045 
24       24  (12)      2 :  0.9820 0.0145 0.0035 
25       25  (10)      2 :  0.9086 0.0467 0.0447 
26       26  (10)      2 :  0.9949 0.0030 0.0021 
27       27  (48)      2 :  0.9718 0.0180 0.0102 
28       28  (20)      2 :  0.7251 0.2717 0.0032 
29       29   (9)      3 :  0.2429 0.7528 0.0043 
30       30   (8)      3 :  0.0061 0.9904 0.0035 
31       31  (19)      3 :  0.2177 0.7791 0.0032 
32       32  (13)      3 :  0.1341 0.8322 0.0337 
33       33   (6)      3 :  0.0115 0.7817 0.2068 
34       34  (10)      3 :  0.2312 0.7629 0.0059 
35       35   (5)      3 :  0.4331 0.5129 0.0540 
36       36  (17)      3 :  0.0380 0.9332 0.0288 
37       37   (8)      3 :  0.3106 0.6584 0.0310 
38       38  (10)      3 :  0.0591 0.9202 0.0207 
39       39  (14)      3 :  0.1253 0.7440 0.1307 
40       40  (15)      3 :  0.0062 0.7685 0.2253 
41       41   (5)      4 :  0.9447 0.0336 0.0217 
42       42   (8)      4 :  0.9536 0.0133 0.0331 
43       43  (17)      4 :  0.9535 0.0384 0.0081 
44       44  (33)      4 :  0.7253 0.0762 0.1985 
45       45  (18)      4 :  0.9556 0.0063 0.0381 
46       46  (15)      4 :  0.6444 0.3441 0.0115 
47       47   (5)      4 :  0.9817 0.0060 0.0123 
48       48  (24)      4 :  0.8462 0.0466 0.1072 
49       49  (32)      4 :  0.9726 0.0227 0.0047 
50       50  (24)      4 :  0.9736 0.0212 0.0052 
51       51  (17)      4 :  0.7945 0.0960 0.1095 
52       52   (6)      4 :  0.6703 0.3227 0.0070 
53       53  (10)      4 :  0.8302 0.0095 0.1603 
54       54  (10)      4 :  0.7392 0.1775 0.0833 
55       55  (26)      5 :  0.5859 0.0429 0.3712 
56       56  (15)      5 :  0.3987 0.5957 0.0056 
57       57  (15)      5 :  0.0372 0.8126 0.1502 
58       58   (5)      5 :  0.0019 0.9947 0.0034 
59       59   (7)      5 :  0.2385 0.7574 0.0041 
60       60   (9)      5 :  0.3059 0.6736 0.0205 
61       61  (17)      5 :  0.3655 0.6076 0.0269 
62       62  (10)      5 :  0.0984 0.8710 0.0306 
63       63  (13)      5 :  0.2096 0.4574 0.3331 
64       64  (15)      5 :  0.2743 0.5898 0.1359 
65       65  (17)      5 :  0.3854 0.5067 0.1079 
66       66  (14)      5 :  0.2232 0.7287 0.0480 
67       67  (12)      5 :  0.0332 0.6443 0.3225 
68       68   (9)      5 :  0.3629 0.6315 0.0056 
69       69  (14)      5 :  0.1761 0.5328 0.2911 
70       70   (8)      5 :  0.2268 0.5875 0.1857 
71       71  (19)      6 :  0.9852 0.0096 0.0052 
72       72   (6)      6 :  0.9946 0.0034 0.0020 
73       73  (39)      6 :  0.9178 0.0749 0.0073 
74       74  (25)      6 :  0.9901 0.0064 0.0035 
75       75  (16)      6 :  0.8991 0.0138 0.0871 
76       76  (37)      6 :  0.8276 0.0765 0.0959 
77       77   (8)      6 :  0.7939 0.0188 0.1873 
78       78   (9)      6 :  0.9902 0.0064 0.0034 
79       79   (8)      6 :  0.9093 0.0132 0.0775 
80       80   (9)      6 :  0.6634 0.3025 0.0341 
81       81   (9)      6 :  0.7226 0.0204 0.2570 
82       82  (10)      6 :  0.9183 0.0047 0.0770 
83       83   (9)      5 :  0.1804 0.6190 0.2006 
84       84  (29)      7 :  0.0445 0.4789 0.4766 
85       85   (9)      7 :  0.0731 0.1860 0.7409 
86       86  (10)      7 :  0.0249 0.0792 0.8959 
87       87   (9)      7 :  0.2687 0.1461 0.5852 
88       88  (10)      7 :  0.1115 0.0472 0.8413 
89       89  (24)      7 :  0.1073 0.4792 0.4135 
90       90  (11)      7 :  0.0074 0.0670 0.9256 
91       91  (18)      7 :  0.0340 0.4049 0.5611 
92       92  (13)      7 :  0.0400 0.2937 0.6663 
93       93  (10)      7 :  0.0140 0.0408 0.9452 
94       94  (11)      7 :  0.1069 0.6561 0.2371 
95       95   (8)      7 :  0.0271 0.1511 0.8218 
96       96  (23)      7 :  0.0028 0.0038 0.9934 
97       97   (5)      7 :  0.1778 0.5023 0.3199 
