  1        1  (18)      1 :  0.0020 0.0036 0.9664 0.0055 0.0036 0.0046 0.0143 
  2        2   (9)      1 :  0.0035 0.0045 0.9715 0.0020 0.0020 0.0074 0.0091 
  3        3  (20)      1 :  0.0036 0.0033 0.9657 0.0077 0.0085 0.0066 0.0046 
  4        4  (12)      1 :  0.0016 0.0121 0.9661 0.0033 0.0121 0.0028 0.0020 
  5        5  (74)      1 :  0.0192 0.0088 0.9129 0.0034 0.0100 0.0136 0.0321 
  6        6  (23)      1 :  0.0055 0.0118 0.9558 0.0069 0.0055 0.0075 0.0070 
  7        7  (22)      1 :  0.0051 0.0033 0.9782 0.0042 0.0018 0.0060 0.0014 
  8        8  (33)      1 :  0.0025 0.0053 0.9498 0.0028 0.0030 0.0039 0.0327 
  9        9  (24)      1 :  0.0071 0.0161 0.9049 0.0361 0.0185 0.0073 0.0099 
 10       10  (31)      1 :  0.0144 0.0029 0.9495 0.0072 0.0070 0.0105 0.0085 
 11       11  (28)      1 :  0.0244 0.0487 0.8219 0.0212 0.0385 0.0243 0.0210 
 12       12  (24)      1 :  0.0032 0.1424 0.8250 0.0119 0.0061 0.0079 0.0035 
 13       13  (10)      1 :  0.0114 0.0066 0.9001 0.0046 0.0031 0.0136 0.0606 
 14       14  (53)      1 :  0.0277 0.0218 0.9032 0.0096 0.0050 0.0252 0.0075 
 15       15  (16)      1 :  0.0246 0.0014 0.9665 0.0010 0.0014 0.0025 0.0026 
 16       16  (15)      2 :  0.0093 0.0028 0.0027 0.8939 0.0147 0.0741 0.0025 
 17       17  (14)      2 :  0.0438 0.0015 0.0052 0.9130 0.0071 0.0213 0.0081 
 18       18  (12)      2 :  0.0300 0.0093 0.0031 0.9219 0.0103 0.0117 0.0137 
 19       19  (13)      2 :  0.0245 0.0330 0.0101 0.8411 0.0045 0.0796 0.0072 
 20       20  (10)      2 :  0.0019 0.0027 0.0032 0.9543 0.0310 0.0031 0.0038 
 21       21  (30)      2 :  0.0038 0.0022 0.0030 0.9719 0.0048 0.0048 0.0095 
 22       22  (12)      2 :  0.0097 0.0053 0.0224 0.8523 0.0520 0.0284 0.0300 
 23       23  (11)      2 :  0.0082 0.0078 0.0027 0.9242 0.0018 0.0020 0.0533 
 24       24  (16)      2 :  0.0284 0.0712 0.0486 0.8039 0.0047 0.0086 0.0345 
 25       25  (46)      2 :  0.0127 0.1163 0.0027 0.7334 0.0082 0.1193 0.0074 
 26       26  (15)      2 :  0.0064 0.0163 0.0800 0.8181 0.0163 0.0037 0.0591 
 27       27  (33)      2 :  0.0031 0.0884 0.0042 0.8884 0.0046 0.0062 0.0051 
 28       28  (17)      2 :  0.0030 0.0018 0.0030 0.9790 0.0069 0.0032 0.0031 
 29       29  (31)      2 :  0.0073 0.0397 0.0041 0.9351 0.0038 0.0064 0.0036 
 30       30  (17)      2 :  0.0029 0.0026 0.0040 0.9819 0.0029 0.0033 0.0024 
 31       31   (9)      2 :  0.0118 0.0049 0.0104 0.9624 0.0031 0.0050 0.0024 
 32       32  (33)      3 :  0.9176 0.0313 0.0060 0.0068 0.0194 0.0085 0.0104 
 33       33  (12)      3 :  0.7179 0.0164 0.0680 0.1341 0.0106 0.0455 0.0076 
 34       34  (30)      3 :  0.8718 0.0694 0.0035 0.0062 0.0244 0.0148 0.0099 
 35       35  (12)      3 :  0.9176 0.0068 0.0202 0.0197 0.0077 0.0145 0.0135 
 36       36  (22)      3 :  0.9170 0.0071 0.0155 0.0079 0.0057 0.0167 0.0301 
 37       37  (52)      3 :  0.9857 0.0018 0.0036 0.0039 0.0012 0.0020 0.0018 
 38       38  (45)      3 :  0.8586 0.0173 0.0065 0.0036 0.0538 0.0415 0.0188 
 39       39  (28)      3 :  0.8861 0.0319 0.0042 0.0099 0.0167 0.0121 0.0391 
 40       40  (14)      3 :  0.7452 0.0047 0.1770 0.0045 0.0058 0.0138 0.0490 
 41       41  (20)      3 :  0.9837 0.0010 0.0063 0.0022 0.0033 0.0018 0.0017 
 42       42  (63)      3 :  0.8576 0.0364 0.0079 0.0654 0.0043 0.0110 0.0175 
 43       43  (13)      3 :  0.6806 0.2658 0.0040 0.0411 0.0016 0.0046 0.0023 
 44       44  (26)      3 :  0.9525 0.0033 0.0046 0.0128 0.0065 0.0097 0.0106 
 45       45  (19)      3 :  0.8893 0.0063 0.0090 0.0135 0.0570 0.0046 0.0203 
 46       46  (22)      3 :  0.9901 0.0021 0.0010 0.0013 0.0010 0.0019 0.0026 
 47       47  (13)      4 :  0.0019 0.0039 0.0038 0.0059 0.0121 0.0236 0.9488 
 48       48  (12)      4 :  0.0098 0.0031 0.0031 0.0035 0.0046 0.0046 0.9713 
 49       49  (10)      4 :  0.0255 0.0033 0.0153 0.0907 0.0038 0.0084 0.8530 
 50       50  (25)      4 :  0.0022 0.0024 0.0019 0.0010 0.0162 0.0079 0.9684 
 51       51   (9)      4 :  0.0034 0.0046 0.0185 0.0058 0.0281 0.0090 0.9306 
 52       52   (9)      4 :  0.0025 0.0055 0.0040 0.0038 0.0024 0.0081 0.9737 
 53       53  (41)      4 :  0.0027 0.0010 0.0010 0.0013 0.0018 0.0025 0.9897 
 54       54  (15)      4 :  0.0092 0.0234 0.0438 0.0228 0.0080 0.0064 0.8864 
 55       55  (18)      4 :  0.0208 0.0185 0.0080 0.0017 0.0033 0.1349 0.8128 
 56       56   (8)      4 :  0.0657 0.0188 0.0064 0.0097 0.0319 0.0103 0.8572 
 57       57  (14)      4 :  0.0359 0.0045 0.0106 0.0310 0.0040 0.0068 0.9072 
 58       58  (10)      4 :  0.0775 0.0065 0.0183 0.0189 0.0255 0.0151 0.8382 
 59       59  (16)      4 :  0.0073 0.0079 0.1301 0.0047 0.0256 0.0211 0.8033 
 60       60  (11)      4 :  0.0065 0.2296 0.1006 0.0087 0.0105 0.0350 0.6091 
 61       61  (35)      5 :  0.0023 0.0049 0.0032 0.0019 0.9797 0.0049 0.0031 
 62       62  (15)      5 :  0.0053 0.0106 0.0554 0.0075 0.8919 0.0070 0.0223 
 63       63  (51)      5 :  0.0044 0.0061 0.0418 0.0041 0.9284 0.0088 0.0064 
 64       64  (20)      5 :  0.0021 0.0418 0.0017 0.0092 0.9282 0.0062 0.0108 
 65       65  (26)      5 :  0.0026 0.0021 0.0010 0.0014 0.9880 0.0027 0.0022 
 66       66  (16)      5 :  0.0045 0.0050 0.0169 0.1089 0.8391 0.0096 0.0160 
 67       67  (10)      5 :  0.0099 0.2375 0.0157 0.0308 0.6817 0.0204 0.0040 
 68       68   (9)      5 :  0.0040 0.0034 0.0204 0.0269 0.9104 0.0249 0.0100 
 69       69  (39)      5 :  0.0030 0.0061 0.0746 0.0115 0.8577 0.0313 0.0158 
 70       70  (17)      5 :  0.0030 0.0459 0.0025 0.0054 0.9372 0.0038 0.0022 
 71       71  (28)      5 :  0.0101 0.0080 0.0031 0.0562 0.9043 0.0115 0.0068 
 72       72  (53)      5 :  0.0706 0.0095 0.0228 0.0081 0.7871 0.0392 0.0627 
 73       73  (21)      5 :  0.0078 0.0018 0.0040 0.0017 0.9773 0.0034 0.0040 
 74       74  (11)      5 :  0.0033 0.0033 0.0035 0.0057 0.9736 0.0058 0.0048 
 75       75  (16)      5 :  0.0062 0.0028 0.0063 0.0098 0.8743 0.0333 0.0673 
 76       76  (23)      6 :  0.0814 0.0471 0.0273 0.0209 0.0604 0.7021 0.0608 
 77       77  (13)      6 :  0.0186 0.0241 0.0496 0.0204 0.0034 0.7576 0.1263 
 78       78  (22)      6 :  0.0036 0.0034 0.0066 0.0053 0.0056 0.9721 0.0034 
 79       79  (16)      6 :  0.0066 0.0016 0.0028 0.0212 0.0013 0.9606 0.0059 
 80       80  (20)      6 :  0.0034 0.0029 0.0092 0.0177 0.0130 0.9496 0.0042 
 81       81  (10)      6 :  0.0029 0.0169 0.0059 0.0092 0.0083 0.9071 0.0497 
 82       82  (28)      6 :  0.0034 0.0192 0.0043 0.0033 0.0102 0.9553 0.0043 
 83       83  (15)      6 :  0.0048 0.0057 0.0024 0.1976 0.0030 0.7759 0.0106 
 84       84  (19)      6 :  0.0070 0.0054 0.0039 0.0242 0.0178 0.9381 0.0036 
 85       85  (10)      6 :  0.0069 0.0041 0.0093 0.0064 0.0040 0.9516 0.0177 
 86       86  (26)      6 :  0.0202 0.0031 0.0053 0.0026 0.0117 0.9500 0.0071 
 87       87  (47)      6 :  0.0100 0.0037 0.0193 0.0041 0.0030 0.9531 0.0068 
 88       88  (26)      6 :  0.0032 0.0076 0.0217 0.0122 0.0056 0.9441 0.0056 
 89       89  (13)      6 :  0.0024 0.0096 0.0149 0.0030 0.0066 0.9379 0.0256 
 90       90  (26)      6 :  0.1319 0.0653 0.0066 0.0024 0.0148 0.7749 0.0041 
 91       91  (19)      6 :  0.0271 0.0037 0.0041 0.0106 0.0956 0.8543 0.0046 
 92       92  (11)      7 :  0.0120 0.9687 0.0022 0.0056 0.0023 0.0070 0.0022 
 93       93  (20)      7 :  0.0081 0.9597 0.0063 0.0077 0.0081 0.0063 0.0038 
 94       94  (29)      7 :  0.0020 0.9657 0.0150 0.0096 0.0036 0.0025 0.0016 
 95       95   (7)      7 :  0.0035 0.9718 0.0030 0.0019 0.0032 0.0116 0.0050 
 96       96  (41)      7 :  0.0032 0.9829 0.0020 0.0025 0.0032 0.0031 0.0031 
 97       97  (25)      7 :  0.0066 0.4968 0.0083 0.0055 0.0056 0.4691 0.0081 
 98       98  (13)      7 :  0.0023 0.9259 0.0201 0.0035 0.0042 0.0056 0.0384 
 99       99  (21)      7 :  0.0031 0.9791 0.0020 0.0024 0.0057 0.0024 0.0053 
100      100  (16)      7 :  0.0117 0.9096 0.0415 0.0104 0.0032 0.0155 0.0081 
101      101  (62)      7 :  0.0588 0.8479 0.0048 0.0055 0.0061 0.0630 0.0139 
102      102  (15)      7 :  0.0062 0.9117 0.0224 0.0110 0.0262 0.0080 0.0145 
103      103  (18)      7 :  0.0102 0.8355 0.0082 0.0087 0.0381 0.0077 0.0916 
104      104  (21)      7 :  0.0104 0.9601 0.0063 0.0052 0.0071 0.0077 0.0032 
105      105  (18)      7 :  0.0369 0.8732 0.0601 0.0077 0.0058 0.0075 0.0088 
