  1        1  (18)      1 :  0.6139 0.3861 
  2        2   (9)      1 :  0.6096 0.3904 
  3        3  (20)      1 :  0.6077 0.3923 
  4        4  (12)      1 :  0.6334 0.3666 
  5        5  (74)      1 :  0.6387 0.3613 
  6        6  (23)      1 :  0.5971 0.4029 
  7        7  (22)      1 :  0.5756 0.4244 
  8        8  (33)      1 :  0.6151 0.3849 
  9        9  (24)      1 :  0.5772 0.4228 
 10       10  (31)      1 :  0.5641 0.4359 
 11       11  (28)      1 :  0.5981 0.4019 
 12       12  (24)      1 :  0.6736 0.3264 
 13       13  (10)      1 :  0.5995 0.4005 
 14       14  (53)      1 :  0.5820 0.4180 
 15       15  (16)      1 :  0.5888 0.4112 
 16       16  (15)      2 :  0.2648 0.7352 
 17       17  (14)      2 :  0.1915 0.8085 
 18       18  (12)      2 :  0.2143 0.7857 
 19       19  (13)      2 :  0.2106 0.7894 
 20       20  (10)      2 :  0.2580 0.7420 
 21       21  (30)      2 :  0.2243 0.7757 
 22       22  (12)      2 :  0.2475 0.7525 
 23       23  (11)      2 :  0.1815 0.8185 
 24       24  (16)      2 :  0.2101 0.7899 
 25       25  (46)      2 :  0.3591 0.6409 
 26       26  (15)      2 :  0.2823 0.7177 
 27       27  (33)      2 :  0.3023 0.6977 
 28       28  (17)      2 :  0.2096 0.7904 
 29       29  (31)      2 :  0.2177 0.7823 
 30       30  (17)      2 :  0.2063 0.7937 
 31       31   (9)      2 :  0.1896 0.8104 
 32       32  (33)      3 :  0.0392 0.9608 
 33       33  (12)      3 :  0.0796 0.9204 
 34       34  (30)      3 :  0.1588 0.8412 
 35       35  (12)      3 :  0.0287 0.9713 
 36       36  (22)      3 :  0.0817 0.9183 
 37       37  (52)      3 :  0.0553 0.9447 
 38       38  (45)      3 :  0.2623 0.7377 
 39       39  (28)      3 :  0.0998 0.9002 
 40       40  (14)      3 :  0.1356 0.8644 
 41       41  (20)      3 :  0.0142 0.9858 
 42       42  (63)      3 :  0.0518 0.9482 
 43       43  (13)      3 :  0.0701 0.9299 
 44       44  (26)      3 :  0.0719 0.9281 
 45       45  (19)      3 :  0.0522 0.9478 
 46       46  (22)      3 :  0.0136 0.9864 
 47       47  (13)      4 :  0.7674 0.2326 
 48       48  (12)      4 :  0.6611 0.3389 
 49       49  (10)      4 :  0.4007 0.5993 
 50       50  (25)      4 :  0.7825 0.2175 
 51       51   (9)      4 :  0.6949 0.3051 
 52       52   (9)      4 :  0.7170 0.2830 
 53       53  (41)      4 :  0.6907 0.3093 
 54       54  (15)      4 :  0.6286 0.3714 
 55       55  (18)      4 :  0.7068 0.2932 
 56       56   (8)      4 :  0.6045 0.3955 
 57       57  (14)      4 :  0.4528 0.5472 
 58       58  (10)      4 :  0.5859 0.4141 
 59       59  (16)      4 :  0.7465 0.2535 
 60       60  (11)      4 :  0.7703 0.2297 
 61       61  (35)      5 :  0.8904 0.1096 
 62       62  (15)      5 :  0.8882 0.1118 
 63       63  (51)      5 :  0.8902 0.1098 
 64       64  (20)      5 :  0.8892 0.1108 
 65       65  (26)      5 :  0.8863 0.1137 
 66       66  (16)      5 :  0.7973 0.2027 
 67       67  (10)      5 :  0.8610 0.1390 
 68       68   (9)      5 :  0.8648 0.1352 
 69       69  (39)      5 :  0.8809 0.1191 
 70       70  (17)      5 :  0.8968 0.1032 
 71       71  (28)      5 :  0.8386 0.1614 
 72       72  (53)      5 :  0.8415 0.1585 
 73       73  (21)      5 :  0.8696 0.1304 
 74       74  (11)      5 :  0.8831 0.1169 
 75       75  (16)      5 :  0.8656 0.1344 
 76       76  (23)      6 :  0.7764 0.2236 
 77       77  (13)      6 :  0.5670 0.4330 
 78       78  (22)      6 :  0.8712 0.1288 
 79       79  (16)      6 :  0.3578 0.6422 
 80       80  (20)      6 :  0.7831 0.2169 
 81       81  (10)      6 :  0.8423 0.1577 
 82       82  (28)      6 :  0.8792 0.1208 
 83       83  (15)      6 :  0.5348 0.4652 
 84       84  (19)      6 :  0.7359 0.2641 
 85       85  (10)      6 :  0.7013 0.2987 
 86       86  (26)      6 :  0.8504 0.1496 
 87       87  (47)      6 :  0.6627 0.3373 
 88       88  (26)      6 :  0.8681 0.1319 
 89       89  (13)      6 :  0.8851 0.1149 
 90       90  (26)      6 :  0.7789 0.2211 
 91       91  (19)      6 :  0.6156 0.3844 
 92       92  (11)      7 :  0.7236 0.2764 
 93       93  (20)      7 :  0.7623 0.2377 
 94       94  (29)      7 :  0.7757 0.2243 
 95       95   (7)      7 :  0.8336 0.1664 
 96       96  (41)      7 :  0.8709 0.1291 
 97       97  (25)      7 :  0.7586 0.2414 
 98       98  (13)      7 :  0.8526 0.1474 
 99       99  (21)      7 :  0.8647 0.1353 
100      100  (16)      7 :  0.7762 0.2238 
101      101  (62)      7 :  0.8022 0.1978 
102      102  (15)      7 :  0.8272 0.1728 
103      103  (18)      7 :  0.8175 0.1825 
104      104  (21)      7 :  0.8363 0.1637 
105      105  (18)      7 :  0.7380 0.2620 
