  1        1  (18)      1 :  0.0069 0.0085 0.8779 0.1067 
  2        2   (9)      1 :  0.0033 0.0056 0.8850 0.1061 
  3        3  (20)      1 :  0.0163 0.0089 0.8633 0.1115 
  4        4  (12)      1 :  0.0086 0.0039 0.9061 0.0814 
  5        5  (74)      1 :  0.0170 0.0632 0.7847 0.1352 
  6        6  (23)      1 :  0.0083 0.0101 0.8805 0.1011 
  7        7  (22)      1 :  0.0039 0.0072 0.8905 0.0984 
  8        8  (33)      1 :  0.0063 0.0055 0.8751 0.1131 
  9        9  (24)      1 :  0.0178 0.0201 0.8528 0.1093 
 10       10  (31)      1 :  0.0175 0.0407 0.7989 0.1429 
 11       11  (28)      1 :  0.0609 0.0486 0.7695 0.1210 
 12       12  (24)      1 :  0.0102 0.0062 0.9773 0.0063 
 13       13  (10)      1 :  0.0054 0.0225 0.8409 0.1312 
 14       14  (53)      1 :  0.0071 0.0260 0.8611 0.1058 
 15       15  (16)      1 :  0.0035 0.0888 0.7948 0.1129 
 16       16  (15)      2 :  0.3132 0.4738 0.0043 0.2087 
 17       17  (14)      2 :  0.2626 0.5281 0.0036 0.2057 
 18       18  (12)      2 :  0.2941 0.5055 0.0070 0.1934 
 19       19  (13)      2 :  0.2745 0.4979 0.0187 0.2089 
 20       20  (10)      2 :  0.3781 0.4160 0.0046 0.2013 
 21       21  (30)      2 :  0.3043 0.4853 0.0042 0.2062 
 22       22  (12)      2 :  0.3015 0.4499 0.0123 0.2363 
 23       23  (11)      2 :  0.2935 0.5214 0.0081 0.1770 
 24       24  (16)      2 :  0.2309 0.4484 0.1470 0.1737 
 25       25  (46)      2 :  0.2939 0.4700 0.0136 0.2224 
 26       26  (15)      2 :  0.2694 0.4153 0.1189 0.1964 
 27       27  (33)      2 :  0.2792 0.4041 0.1159 0.2008 
 28       28  (17)      2 :  0.3078 0.4892 0.0039 0.1991 
 29       29  (31)      2 :  0.2830 0.5032 0.0158 0.1980 
 30       30  (17)      2 :  0.2964 0.4964 0.0069 0.2003 
 31       31   (9)      2 :  0.2912 0.5003 0.0122 0.1963 
 32       32  (33)      3 :  0.0202 0.9416 0.0238 0.0144 
 33       33  (12)      3 :  0.0536 0.8092 0.0737 0.0634 
 34       34  (30)      3 :  0.0389 0.9200 0.0177 0.0234 
 35       35  (12)      3 :  0.0133 0.9582 0.0138 0.0147 
 36       36  (22)      3 :  0.0108 0.9256 0.0217 0.0419 
 37       37  (52)      3 :  0.0052 0.9757 0.0133 0.0058 
 38       38  (45)      3 :  0.0968 0.8105 0.0175 0.0752 
 39       39  (28)      3 :  0.0165 0.9446 0.0110 0.0279 
 40       40  (14)      3 :  0.0096 0.7948 0.0813 0.1144 
 41       41  (20)      3 :  0.0046 0.9856 0.0051 0.0047 
 42       42  (63)      3 :  0.0126 0.9514 0.0125 0.0235 
 43       43  (13)      3 :  0.0142 0.7946 0.1732 0.0180 
 44       44  (26)      3 :  0.0229 0.9484 0.0063 0.0224 
 45       45  (19)      3 :  0.0361 0.9339 0.0090 0.0210 
 46       46  (22)      3 :  0.0022 0.9893 0.0027 0.0058 
 47       47  (13)      4 :  0.0928 0.0932 0.0093 0.8047 
 48       48  (12)      4 :  0.0125 0.1668 0.0057 0.8150 
 49       49  (10)      4 :  0.0293 0.3095 0.0216 0.6396 
 50       50  (25)      4 :  0.1402 0.1018 0.0039 0.7541 
 51       51   (9)      4 :  0.0410 0.1475 0.0225 0.7890 
 52       52   (9)      4 :  0.0056 0.1408 0.0263 0.8272 
 53       53  (41)      4 :  0.0048 0.1917 0.0026 0.8009 
 54       54  (15)      4 :  0.0282 0.1530 0.2099 0.6089 
 55       55  (18)      4 :  0.0047 0.1787 0.0301 0.7865 
 56       56   (8)      4 :  0.1385 0.2421 0.0206 0.5989 
 57       57  (14)      4 :  0.0240 0.2520 0.0285 0.6955 
 58       58  (10)      4 :  0.0366 0.1810 0.0177 0.7647 
 59       59  (16)      4 :  0.0403 0.1146 0.1550 0.6901 
 60       60  (11)      4 :  0.0163 0.0649 0.3918 0.5270 
 61       61  (35)      5 :  0.7865 0.0039 0.0058 0.2038 
 62       62  (15)      5 :  0.7288 0.0098 0.0461 0.2153 
 63       63  (51)      5 :  0.7635 0.0063 0.0335 0.1967 
 64       64  (20)      5 :  0.7761 0.0053 0.0098 0.2088 
 65       65  (26)      5 :  0.7935 0.0032 0.0020 0.2013 
 66       66  (16)      5 :  0.7304 0.0306 0.0169 0.2221 
 67       67  (10)      5 :  0.6249 0.0367 0.1622 0.1762 
 68       68   (9)      5 :  0.7554 0.0123 0.0092 0.2231 
 69       69  (39)      5 :  0.7405 0.0060 0.0312 0.2223 
 70       70  (17)      5 :  0.7851 0.0086 0.0134 0.1929 
 71       71  (28)      5 :  0.7542 0.0323 0.0062 0.2073 
 72       72  (53)      5 :  0.6596 0.0554 0.0312 0.2539 
 73       73  (21)      5 :  0.7842 0.0086 0.0043 0.2029 
 74       74  (11)      5 :  0.7850 0.0051 0.0050 0.2049 
 75       75  (16)      5 :  0.7224 0.0130 0.0043 0.2603 
 76       76  (23)      6 :  0.1094 0.0872 0.0932 0.7101 
 77       77  (13)      6 :  0.0296 0.0769 0.0488 0.8448 
 78       78  (22)      6 :  0.0651 0.0087 0.0168 0.9094 
 79       79  (16)      6 :  0.1029 0.0482 0.0036 0.8453 
 80       80  (20)      6 :  0.0829 0.0156 0.0286 0.8729 
 81       81  (10)      6 :  0.0389 0.0118 0.0237 0.9256 
 82       82  (28)      6 :  0.0597 0.0103 0.0249 0.9051 
 83       83  (15)      6 :  0.0952 0.0792 0.0066 0.8190 
 84       84  (19)      6 :  0.1315 0.0628 0.0141 0.7916 
 85       85  (10)      6 :  0.0262 0.0224 0.0137 0.9377 
 86       86  (26)      6 :  0.1100 0.0314 0.0149 0.8437 
 87       87  (47)      6 :  0.0134 0.0364 0.0408 0.9094 
 88       88  (26)      6 :  0.0291 0.0101 0.0414 0.9194 
 89       89  (13)      6 :  0.1101 0.0087 0.0840 0.7972 
 90       90  (26)      6 :  0.1357 0.1479 0.2932 0.4231 
 91       91  (19)      6 :  0.2620 0.0892 0.0090 0.6398 
 92       92  (11)      7 :  0.0088 0.1370 0.8438 0.0104 
 93       93  (20)      7 :  0.0159 0.1129 0.8631 0.0081 
 94       94  (29)      7 :  0.0049 0.0977 0.8943 0.0031 
 95       95   (7)      7 :  0.0057 0.1030 0.8691 0.0222 
 96       96  (41)      7 :  0.0094 0.1068 0.8746 0.0092 
 97       97  (25)      7 :  0.0263 0.1057 0.5741 0.2939 
 98       98  (13)      7 :  0.0085 0.0876 0.8524 0.0515 
 99       99  (21)      7 :  0.0218 0.1041 0.8666 0.0075 
100      100  (16)      7 :  0.0054 0.1132 0.8636 0.0178 
101      101  (62)      7 :  0.0089 0.1506 0.7576 0.0829 
102      102  (15)      7 :  0.0487 0.0949 0.8279 0.0285 
103      103  (18)      7 :  0.0681 0.1344 0.7366 0.0609 
104      104  (21)      7 :  0.0195 0.1069 0.8649 0.0087 
105      105  (18)      7 :  0.0091 0.1142 0.8656 0.0111 
