  1        1  (18)      1 :  0.0123 0.0172 0.9705 
  2        2   (9)      1 :  0.0065 0.0110 0.9825 
  3        3  (20)      1 :  0.0169 0.0268 0.9563 
  4        4  (12)      1 :  0.0053 0.0071 0.9876 
  5        5  (74)      1 :  0.0243 0.0527 0.9230 
  6        6  (23)      1 :  0.0141 0.0119 0.9740 
  7        7  (22)      1 :  0.0100 0.0065 0.9835 
  8        8  (33)      1 :  0.0086 0.0183 0.9731 
  9        9  (24)      1 :  0.0462 0.0227 0.9311 
 10       10  (31)      1 :  0.0545 0.0452 0.9003 
 11       11  (28)      1 :  0.0737 0.0676 0.8587 
 12       12  (24)      1 :  0.0104 0.0096 0.9800 
 13       13  (10)      1 :  0.0138 0.0255 0.9607 
 14       14  (53)      1 :  0.0273 0.0200 0.9527 
 15       15  (16)      1 :  0.0311 0.0102 0.9587 
 16       16  (15)      2 :  0.8217 0.1704 0.0079 
 17       17  (14)      2 :  0.8821 0.1082 0.0097 
 18       18  (12)      2 :  0.8760 0.1149 0.0091 
 19       19  (13)      2 :  0.8447 0.1246 0.0307 
 20       20  (10)      2 :  0.8268 0.1641 0.0091 
 21       21  (30)      2 :  0.8740 0.1190 0.0070 
 22       22  (12)      2 :  0.8088 0.1741 0.0171 
 23       23  (11)      2 :  0.8819 0.1021 0.0160 
 24       24  (16)      2 :  0.6881 0.0957 0.2162 
 25       25  (46)      2 :  0.7117 0.2684 0.0199 
 26       26  (15)      2 :  0.7011 0.1208 0.1781 
 27       27  (33)      2 :  0.6808 0.1279 0.1913 
 28       28  (17)      2 :  0.8810 0.1127 0.0063 
 29       29  (31)      2 :  0.8715 0.1092 0.0193 
 30       30  (17)      2 :  0.8807 0.1058 0.0135 
 31       31   (9)      2 :  0.8740 0.1054 0.0206 
 32       32  (33)      3 :  0.7629 0.0225 0.2146 
 33       33  (12)      3 :  0.7196 0.0284 0.2520 
 34       34  (30)      3 :  0.7190 0.1045 0.1765 
 35       35  (12)      3 :  0.7794 0.0193 0.2013 
 36       36  (22)      3 :  0.7331 0.0398 0.2271 
 37       37  (52)      3 :  0.7777 0.0051 0.2172 
 38       38  (45)      3 :  0.5150 0.3145 0.1705 
 39       39  (28)      3 :  0.7630 0.1229 0.1141 
 40       40  (14)      3 :  0.6453 0.0579 0.2968 
 41       41  (20)      3 :  0.7915 0.0057 0.2028 
 42       42  (63)      3 :  0.7756 0.0587 0.1657 
 43       43  (13)      3 :  0.6829 0.0128 0.3043 
 44       44  (26)      3 :  0.7808 0.0189 0.2003 
 45       45  (19)      3 :  0.7776 0.0367 0.1857 
 46       46  (22)      3 :  0.7917 0.0071 0.2012 
 47       47  (13)      4 :  0.1019 0.8778 0.0203 
 48       48  (12)      4 :  0.1793 0.7901 0.0306 
 49       49  (10)      4 :  0.4331 0.4679 0.0991 
 50       50  (25)      4 :  0.1043 0.8900 0.0057 
 51       51   (9)      4 :  0.1430 0.7845 0.0725 
 52       52   (9)      4 :  0.1365 0.7442 0.1193 
 53       53  (41)      4 :  0.1537 0.8266 0.0198 
 54       54  (15)      4 :  0.1751 0.5122 0.3128 
 55       55  (18)      4 :  0.1359 0.7558 0.1083 
 56       56   (8)      4 :  0.2220 0.7330 0.0450 
 57       57  (14)      4 :  0.3773 0.5243 0.0984 
 58       58  (10)      4 :  0.2707 0.6760 0.0533 
 59       59  (16)      4 :  0.0830 0.6732 0.2438 
 60       60  (11)      4 :  0.0572 0.5508 0.3921 
 61       61  (35)      5 :  0.2002 0.7892 0.0106 
 62       62  (15)      5 :  0.1990 0.7748 0.0262 
 63       63  (51)      5 :  0.1947 0.7560 0.0493 
 64       64  (20)      5 :  0.1988 0.7945 0.0067 
 65       65  (26)      5 :  0.2037 0.7934 0.0029 
 66       66  (16)      5 :  0.2341 0.7468 0.0191 
 67       67  (10)      5 :  0.2288 0.6468 0.1244 
 68       68   (9)      5 :  0.2109 0.7794 0.0097 
 69       69  (39)      5 :  0.2010 0.7755 0.0235 
 70       70  (17)      5 :  0.2034 0.7732 0.0234 
 71       71  (28)      5 :  0.2286 0.7645 0.0069 
 72       72  (53)      5 :  0.1844 0.7712 0.0444 
 73       73  (21)      5 :  0.2038 0.7860 0.0102 
 74       74  (11)      5 :  0.2057 0.7857 0.0086 
 75       75  (16)      5 :  0.2021 0.7925 0.0054 
 76       76  (23)      6 :  0.0804 0.8293 0.0903 
 77       77  (13)      6 :  0.2301 0.6655 0.1044 
 78       78  (22)      6 :  0.0171 0.9668 0.0161 
 79       79  (16)      6 :  0.3098 0.6837 0.0065 
 80       80  (20)      6 :  0.0955 0.8621 0.0424 
 81       81  (10)      6 :  0.0282 0.9218 0.0500 
 82       82  (28)      6 :  0.0191 0.9493 0.0316 
 83       83  (15)      6 :  0.2799 0.7100 0.0101 
 84       84  (19)      6 :  0.1213 0.8629 0.0158 
 85       85  (10)      6 :  0.1093 0.8715 0.0192 
 86       86  (26)      6 :  0.0460 0.9338 0.0202 
 87       87  (47)      6 :  0.1314 0.7849 0.0837 
 88       88  (26)      6 :  0.0303 0.8935 0.0762 
 89       89  (13)      6 :  0.0143 0.8984 0.0873 
 90       90  (26)      6 :  0.0506 0.7136 0.2358 
 91       91  (19)      6 :  0.2700 0.7183 0.0117 
 92       92  (11)      7 :  0.0535 0.2037 0.7428 
 93       93  (20)      7 :  0.0291 0.1972 0.7737 
 94       94  (29)      7 :  0.0093 0.1214 0.8694 
 95       95   (7)      7 :  0.0089 0.2188 0.7723 
 96       96  (41)      7 :  0.0112 0.2120 0.7768 
 97       97  (25)      7 :  0.0629 0.3585 0.5786 
 98       98  (13)      7 :  0.0093 0.2179 0.7728 
 99       99  (21)      7 :  0.0124 0.2197 0.7679 
100      100  (16)      7 :  0.0186 0.1769 0.8045 
101      101  (62)      7 :  0.0422 0.2310 0.7268 
102      102  (15)      7 :  0.0198 0.2316 0.7486 
103      103  (18)      7 :  0.0369 0.3057 0.6574 
104      104  (21)      7 :  0.0160 0.1961 0.7879 
105      105  (18)      7 :  0.0335 0.1756 0.7909 
