

-----------------------------------------------------------------
-----------------------------------------------------------------
CLUMPP by M. Jakobsson and N. A. Rosenberg (2007)
              Code by M. Jakobsson
           Version 1.1.2 (May 2009)
-----------------------------------------------------------------
-----------------------------------------------------------------


Parameter settings 
----------------------- Main parameters -------------------------
DATATYPE = 0
INDFILE = sint_bi_2f_fst90_100_1470704298/clumpp_K8.ind
POPFILE = 
OUTFILE = sint_bi_2f_fst90_100_1470704298/clumpp_K8.out
MISCFILE = sint_bi_2f_fst90_100_1470704298/clumpp_K8.misc
K = 8
C = 105
R = 10
M = 2
W = 0
S = 2
- Additional options for the Greedy and LargeKGreedy algorithms -
GREEDY_OPTION = 2
REPEATS = 1000
PERMUTATIONFILE = 
----------------------- Optional outputs ------------------------
PRINT_PERMUTED_DATA = 2
PERMUTED_DATAFILE = sint_bi_2f_fst90_100_1470704298/clumpp_K8_perm
PRINT_EVERY_PERM = 0
EVERY_PERMFILE = 
PRINT_RANDOM_INPUTORDERFILE = 0
RANDOM_INPUTORDERFILE = 
----------------------- Advanced options ------------------------
OVERRIDE_WARNINGS = 0
ORDER_BY_RUN = 1


In total, 1000 configurations of runs and clusters will be tested.

Running... 
----------------------------------
Best estimate of H'  Repeat number (of 1000)
0.857987584597759    1
0.857987584597759    5
0.857987584597759    50
0.857987584597759    292


Results 
----------------------------------
The highest value of H' is: 0.857987584597759

The list of permutation of the clusters that produces that
H' value is (each run is on a separate row)
1 2 3 4 5 6 7 8 
3 8 4 5 6 7 2 1 
3 6 8 4 7 1 2 5 
2 4 1 8 6 7 5 3 
7 6 1 3 8 5 4 2 
5 6 3 7 8 4 1 2 
3 6 5 2 7 4 8 1 
2 6 1 8 5 7 4 3 
1 7 8 6 4 5 2 3 
8 1 4 6 2 3 5 7 

The program finished in (days:hours:minutes:seconds)
0:3:59:27

