  1        1  (18)      1 :  0.0925 0.8832 0.0041 0.0073 0.0085 0.0044 
  2        2   (9)      1 :  0.0966 0.8827 0.0025 0.0033 0.0089 0.0060 
  3        3  (20)      1 :  0.0991 0.8734 0.0080 0.0074 0.0084 0.0037 
  4        4  (12)      1 :  0.0978 0.8597 0.0139 0.0037 0.0026 0.0223 
  5        5  (74)      1 :  0.1085 0.8389 0.0109 0.0100 0.0218 0.0099 
  6        6  (23)      1 :  0.1025 0.8611 0.0062 0.0078 0.0079 0.0145 
  7        7  (22)      1 :  0.1031 0.8032 0.0020 0.0048 0.0785 0.0084 
  8        8  (33)      1 :  0.0636 0.9092 0.0036 0.0091 0.0076 0.0069 
  9        9  (24)      1 :  0.0992 0.8184 0.0209 0.0340 0.0117 0.0158 
 10       10  (31)      1 :  0.1091 0.8631 0.0064 0.0079 0.0105 0.0030 
 11       11  (28)      1 :  0.1076 0.7445 0.0463 0.0234 0.0286 0.0496 
 12       12  (24)      1 :  0.0597 0.6784 0.0084 0.0120 0.0056 0.2360 
 13       13  (10)      1 :  0.1018 0.8302 0.0035 0.0172 0.0365 0.0108 
 14       14  (53)      1 :  0.1229 0.8158 0.0053 0.0097 0.0233 0.0230 
 15       15  (16)      1 :  0.1196 0.8721 0.0017 0.0014 0.0032 0.0020 
 16       16  (15)      2 :  0.0656 0.0027 0.1086 0.7670 0.0535 0.0026 
 17       17  (14)      2 :  0.1370 0.0060 0.0915 0.7481 0.0159 0.0015 
 18       18  (12)      2 :  0.1225 0.0046 0.1049 0.7441 0.0153 0.0086 
 19       19  (13)      2 :  0.1203 0.0157 0.0746 0.6982 0.0530 0.0382 
 20       20  (10)      2 :  0.0938 0.0028 0.1272 0.7689 0.0043 0.0030 
 21       21  (30)      2 :  0.0906 0.0039 0.1029 0.7912 0.0086 0.0028 
 22       22  (12)      2 :  0.0959 0.0262 0.1361 0.6960 0.0416 0.0042 
 23       23  (11)      2 :  0.0874 0.0068 0.0751 0.8173 0.0054 0.0080 
 24       24  (16)      2 :  0.1141 0.0428 0.0775 0.6569 0.0124 0.0963 
 25       25  (46)      2 :  0.0351 0.0034 0.0608 0.6625 0.1226 0.1156 
 26       26  (15)      2 :  0.0782 0.1016 0.1066 0.6829 0.0159 0.0147 
 27       27  (33)      2 :  0.0613 0.0044 0.0940 0.7132 0.0073 0.1198 
 28       28  (17)      2 :  0.1004 0.0029 0.1069 0.7839 0.0037 0.0022 
 29       29  (31)      2 :  0.1047 0.0041 0.0794 0.7595 0.0069 0.0454 
 30       30  (17)      2 :  0.0997 0.0043 0.1002 0.7881 0.0045 0.0032 
 31       31   (9)      2 :  0.1204 0.0093 0.0881 0.7739 0.0042 0.0041 
 32       32  (33)      3 :  0.9236 0.0081 0.0171 0.0099 0.0085 0.0328 
 33       33  (12)      3 :  0.7809 0.0568 0.0142 0.1051 0.0253 0.0177 
 34       34  (30)      3 :  0.8716 0.0057 0.0303 0.0070 0.0158 0.0696 
 35       35  (12)      3 :  0.9390 0.0154 0.0077 0.0174 0.0133 0.0072 
 36       36  (22)      3 :  0.9236 0.0271 0.0068 0.0122 0.0229 0.0074 
 37       37  (52)      3 :  0.9842 0.0063 0.0014 0.0036 0.0021 0.0024 
 38       38  (45)      3 :  0.8251 0.0090 0.0809 0.0179 0.0484 0.0187 
 39       39  (28)      3 :  0.8842 0.0132 0.0167 0.0198 0.0300 0.0361 
 40       40  (14)      3 :  0.7781 0.1616 0.0068 0.0101 0.0383 0.0051 
 41       41  (20)      3 :  0.9843 0.0063 0.0036 0.0026 0.0021 0.0011 
 42       42  (63)      3 :  0.8794 0.0105 0.0053 0.0587 0.0141 0.0320 
 43       43  (13)      3 :  0.6909 0.0047 0.0025 0.0367 0.0037 0.2614 
 44       44  (26)      3 :  0.9548 0.0055 0.0083 0.0173 0.0105 0.0036 
 45       45  (19)      3 :  0.8977 0.0098 0.0575 0.0209 0.0075 0.0066 
 46       46  (22)      3 :  0.9900 0.0018 0.0011 0.0024 0.0023 0.0024 
 47       47  (13)      4 :  0.0021 0.1934 0.0088 0.1967 0.5950 0.0040 
 48       48  (12)      4 :  0.0097 0.1964 0.0062 0.1985 0.5858 0.0034 
 49       49  (10)      4 :  0.0628 0.2064 0.0051 0.2774 0.4442 0.0041 
 50       50  (25)      4 :  0.0035 0.1896 0.0300 0.1957 0.5786 0.0026 
 51       51   (9)      4 :  0.0051 0.1982 0.0291 0.1939 0.5692 0.0045 
 52       52   (9)      4 :  0.0024 0.1954 0.0027 0.1983 0.5962 0.0050 
 53       53  (41)      4 :  0.0034 0.1984 0.0021 0.1996 0.5951 0.0014 
 54       54  (15)      4 :  0.0218 0.3055 0.0083 0.2269 0.4009 0.0366 
 55       55  (18)      4 :  0.0200 0.1538 0.0033 0.1507 0.6613 0.0109 
 56       56   (8)      4 :  0.1071 0.1736 0.0937 0.1831 0.4226 0.0199 
 57       57  (14)      4 :  0.0747 0.2009 0.0055 0.2097 0.5037 0.0055 
 58       58  (10)      4 :  0.0591 0.1744 0.0259 0.1861 0.5493 0.0052 
 59       59  (16)      4 :  0.0138 0.2934 0.0217 0.1728 0.4913 0.0070 
 60       60  (11)      4 :  0.0103 0.2123 0.0097 0.1113 0.4451 0.2113 
 61       61  (35)      5 :  0.0032 0.0036 0.9782 0.0026 0.0065 0.0059 
 62       62  (15)      5 :  0.0074 0.0572 0.8957 0.0129 0.0146 0.0122 
 63       63  (51)      5 :  0.0070 0.0418 0.9282 0.0056 0.0097 0.0077 
 64       64  (20)      5 :  0.0021 0.0028 0.9253 0.0087 0.0123 0.0488 
 65       65  (26)      5 :  0.0024 0.0011 0.9893 0.0021 0.0027 0.0024 
 66       66  (16)      5 :  0.0094 0.0237 0.8564 0.0937 0.0113 0.0055 
 67       67  (10)      5 :  0.0114 0.0160 0.6862 0.0273 0.0166 0.2425 
 68       68   (9)      5 :  0.0054 0.0230 0.9074 0.0336 0.0271 0.0035 
 69       69  (39)      5 :  0.0044 0.0622 0.8766 0.0142 0.0363 0.0063 
 70       70  (17)      5 :  0.0032 0.0022 0.9325 0.0054 0.0032 0.0535 
 71       71  (28)      5 :  0.0163 0.0037 0.9080 0.0510 0.0125 0.0085 
 72       72  (53)      5 :  0.0727 0.0370 0.7817 0.0238 0.0673 0.0175 
 73       73  (21)      5 :  0.0094 0.0050 0.9730 0.0059 0.0047 0.0020 
 74       74  (11)      5 :  0.0034 0.0038 0.9771 0.0060 0.0065 0.0032 
 75       75  (16)      5 :  0.0086 0.0113 0.8782 0.0176 0.0809 0.0034 
 76       76  (23)      6 :  0.0587 0.0349 0.0627 0.0317 0.7586 0.0535 
 77       77  (13)      6 :  0.0251 0.0397 0.0044 0.0411 0.8731 0.0166 
 78       78  (22)      6 :  0.0057 0.0110 0.0133 0.0054 0.9590 0.0056 
 79       79  (16)      6 :  0.0081 0.0029 0.0018 0.0531 0.9323 0.0018 
 80       80  (20)      6 :  0.0051 0.0185 0.0306 0.0223 0.9161 0.0074 
 81       81  (10)      6 :  0.0031 0.0107 0.0110 0.0149 0.9457 0.0146 
 82       82  (28)      6 :  0.0043 0.0056 0.0152 0.0056 0.9331 0.0362 
 83       83  (15)      6 :  0.0100 0.0044 0.0048 0.1862 0.7892 0.0054 
 84       84  (19)      6 :  0.0119 0.0052 0.0270 0.0745 0.8715 0.0099 
 85       85  (10)      6 :  0.0090 0.0082 0.0036 0.0093 0.9660 0.0039 
 86       86  (26)      6 :  0.0156 0.0071 0.0200 0.0037 0.9492 0.0044 
 87       87  (47)      6 :  0.0163 0.0176 0.0040 0.0062 0.9510 0.0049 
 88       88  (26)      6 :  0.0039 0.0245 0.0090 0.0190 0.9329 0.0107 
 89       89  (13)      6 :  0.0036 0.0204 0.0411 0.0082 0.9034 0.0233 
 90       90  (26)      6 :  0.1715 0.0103 0.0734 0.0037 0.5548 0.1863 
 91       91  (19)      6 :  0.0435 0.0051 0.1731 0.0528 0.7193 0.0061 
 92       92  (11)      7 :  0.0123 0.0024 0.0025 0.0057 0.0059 0.9712 
 93       93  (20)      7 :  0.0104 0.0058 0.0066 0.0057 0.0052 0.9663 
 94       94  (29)      7 :  0.0028 0.0123 0.0039 0.0068 0.0023 0.9719 
 95       95   (7)      7 :  0.0037 0.0039 0.0037 0.0030 0.0120 0.9737 
 96       96  (41)      7 :  0.0031 0.0021 0.0036 0.0030 0.0037 0.9845 
 97       97  (25)      7 :  0.0088 0.0115 0.0134 0.0111 0.3964 0.5588 
 98       98  (13)      7 :  0.0026 0.0235 0.0044 0.0094 0.0244 0.9357 
 99       99  (21)      7 :  0.0030 0.0024 0.0050 0.0034 0.0035 0.9827 
100      100  (16)      7 :  0.0186 0.0372 0.0039 0.0101 0.0146 0.9155 
101      101  (62)      7 :  0.0505 0.0080 0.0065 0.0090 0.0556 0.8704 
102      102  (15)      7 :  0.0080 0.0237 0.0292 0.0118 0.0103 0.9170 
103      103  (18)      7 :  0.0132 0.0138 0.0372 0.0237 0.0349 0.8772 
104      104  (21)      7 :  0.0096 0.0058 0.0071 0.0048 0.0054 0.9673 
105      105  (18)      7 :  0.0331 0.0572 0.0062 0.0082 0.0071 0.8882 
