

-----------------------------------------------------------------
-----------------------------------------------------------------
CLUMPP by M. Jakobsson and N. A. Rosenberg (2007)
              Code by M. Jakobsson
           Version 1.1.2 (May 2009)
-----------------------------------------------------------------
-----------------------------------------------------------------


Parameter settings 
----------------------- Main parameters -------------------------
DATATYPE = 0
INDFILE = sint_bi_2f_fst90_100_1470704298/clumpp_K5.ind
POPFILE = 
OUTFILE = sint_bi_2f_fst90_100_1470704298/clumpp_K5.out
MISCFILE = sint_bi_2f_fst90_100_1470704298/clumpp_K5.misc
K = 5
C = 105
R = 10
M = 2
W = 0
S = 2
- Additional options for the Greedy and LargeKGreedy algorithms -
GREEDY_OPTION = 2
REPEATS = 1000
PERMUTATIONFILE = 
----------------------- Optional outputs ------------------------
PRINT_PERMUTED_DATA = 2
PERMUTED_DATAFILE = sint_bi_2f_fst90_100_1470704298/clumpp_K5_perm
PRINT_EVERY_PERM = 0
EVERY_PERMFILE = 
PRINT_RANDOM_INPUTORDERFILE = 0
RANDOM_INPUTORDERFILE = 
----------------------- Advanced options ------------------------
OVERRIDE_WARNINGS = 0
ORDER_BY_RUN = 1


In total, 1000 configurations of runs and clusters will be tested.

Running... 
----------------------------------
Best estimate of H'  Repeat number (of 1000)
0.616586787227651    1
0.616586787227651    10
0.616586787227652    29


Results 
----------------------------------
The highest value of H' is: 0.616586787227652

The list of permutation of the clusters that produces that
H' value is (each run is on a separate row)
1 2 3 4 5 
3 2 1 5 4 
1 5 4 2 3 
3 4 1 5 2 
2 4 1 5 3 
3 1 2 5 4 
2 1 4 3 5 
5 4 2 1 3 
4 1 3 5 2 
3 1 4 5 2 

The program finished in (days:hours:minutes:seconds)
0:0:0:28

