 1        1   (8)      1 :  0.9954 0.0010 0.0036 
 2        2   (9)      1 :  0.8300 0.0044 0.1656 
 3        3   (9)      1 :  0.8650 0.0061 0.1289 
 4        4  (18)      1 :  0.8009 0.0020 0.1971 
 5        5  (22)      1 :  0.9176 0.0796 0.0028 
 6        6   (9)      1 :  0.2985 0.0187 0.6828 
 7        7  (13)      1 :  0.9294 0.0012 0.0694 
 8        8  (14)      1 :  0.7782 0.0010 0.2208 
 9        9   (5)      1 :  0.7618 0.0017 0.2365 
10       10  (10)      1 :  0.8614 0.0059 0.1327 
11       11  (21)      1 :  0.3675 0.0119 0.6206 
12       12   (7)      1 :  0.3556 0.0744 0.5700 
13       13  (26)      1 :  0.9896 0.0064 0.0040 
14       14   (8)      2 :  0.0085 0.0010 0.9905 
15       15   (7)      2 :  0.1059 0.0027 0.8914 
16       16   (7)      2 :  0.0085 0.0010 0.9905 
17       17   (7)      2 :  0.2097 0.0180 0.7723 
18       18  (13)      2 :  0.2206 0.0010 0.7784 
19       19  (15)      2 :  0.0828 0.0544 0.8628 
20       20   (6)      2 :  0.0091 0.0045 0.9864 
21       21   (5)      2 :  0.0022 0.0027 0.9951 
22       22   (8)      2 :  0.1552 0.0075 0.8373 
23       23   (5)      2 :  0.0727 0.0011 0.9262 
24       24  (12)      2 :  0.0039 0.0014 0.9947 
25       25  (10)      2 :  0.0090 0.0060 0.9850 
26       26  (10)      2 :  0.0010 0.0010 0.9980 
27       27  (49)      2 :  0.0126 0.0046 0.9828 
28       28  (20)      2 :  0.1027 0.0010 0.8963 
29       29   (9)      3 :  0.9913 0.0010 0.0077 
30       30   (8)      3 :  0.9980 0.0010 0.0010 
31       31  (19)      3 :  0.9230 0.0013 0.0757 
32       32  (13)      3 :  0.7086 0.0191 0.2723 
33       33   (6)      3 :  0.9068 0.0862 0.0070 
34       34  (10)      3 :  0.8578 0.0021 0.1401 
35       35   (4)      3 :  0.6550 0.0058 0.3392 
36       36  (17)      3 :  0.9821 0.0143 0.0036 
37       37   (8)      3 :  0.7667 0.0352 0.1981 
38       38   (9)      3 :  0.9027 0.0039 0.0934 
39       39  (15)      3 :  0.8389 0.0525 0.1086 
40       40  (15)      3 :  0.8427 0.1551 0.0022 
41       41   (5)      4 :  0.0049 0.0025 0.9926 
42       42   (8)      4 :  0.0037 0.0054 0.9909 
43       43  (16)      4 :  0.0188 0.0056 0.9756 
44       44  (33)      4 :  0.1600 0.0068 0.8332 
45       45  (17)      4 :  0.0045 0.0064 0.9891 
46       46  (14)      4 :  0.3346 0.0026 0.6628 
47       47   (5)      4 :  0.0023 0.0030 0.9947 
48       48  (24)      4 :  0.0170 0.0302 0.9528 
49       49  (32)      4 :  0.0146 0.0019 0.9835 
50       50  (24)      4 :  0.0060 0.0018 0.9922 
51       51  (17)      4 :  0.0513 0.0165 0.9322 
52       52   (5)      4 :  0.1913 0.0020 0.8067 
53       53  (11)      4 :  0.0048 0.0614 0.9338 
54       54   (9)      4 :  0.1982 0.0062 0.7956 
55       55  (27)      5 :  0.1960 0.1928 0.6111 
56       56  (15)      5 :  0.7506 0.0017 0.2477 
57       57  (15)      5 :  0.7941 0.1421 0.0638 
58       58   (5)      5 :  0.9970 0.0020 0.0010 
59       59   (7)      5 :  0.6375 0.0022 0.3603 
60       60   (9)      5 :  0.7668 0.0304 0.2028 
61       61  (17)      5 :  0.5944 0.0064 0.3992 
62       62  (10)      5 :  0.8205 0.0090 0.1705 
63       63  (12)      5 :  0.5395 0.2130 0.2475 
64       64  (16)      5 :  0.6218 0.0667 0.3115 
65       65  (17)      5 :  0.6166 0.0278 0.3556 
66       66  (15)      5 :  0.7223 0.0402 0.2375 
67       67  (12)      5 :  0.6367 0.1551 0.2082 
68       68   (8)      5 :  0.6404 0.0018 0.3578 
69       69  (13)      5 :  0.6495 0.1440 0.2066 
70       70   (8)      5 :  0.6373 0.0242 0.3385 
71       71  (19)      6 :  0.0039 0.0012 0.9949 
72       72   (6)      6 :  0.0011 0.0010 0.9979 
73       73  (40)      6 :  0.0077 0.0020 0.9903 
74       74  (25)      6 :  0.0020 0.0010 0.9970 
75       75  (15)      6 :  0.0051 0.0240 0.9709 
76       76  (36)      6 :  0.1462 0.0181 0.8357 
77       77   (8)      6 :  0.0025 0.1006 0.8969 
78       78   (9)      6 :  0.0027 0.0035 0.9938 
79       79   (8)      6 :  0.0074 0.0176 0.9750 
80       80   (8)      6 :  0.1856 0.0058 0.8086 
81       81   (8)      6 :  0.0071 0.1713 0.8216 
82       82   (9)      6 :  0.0021 0.0067 0.9912 
83       83   (9)      5 :  0.6047 0.1237 0.2716 
84       84  (29)      7 :  0.4444 0.5403 0.0152 
85       85   (8)      7 :  0.2591 0.6319 0.1090 
86       86  (10)      7 :  0.1193 0.8358 0.0449 
87       87   (8)      7 :  0.2292 0.6354 0.1354 
88       88  (10)      7 :  0.0405 0.8030 0.1565 
89       89  (25)      7 :  0.4438 0.3090 0.2473 
90       90  (11)      7 :  0.1318 0.8635 0.0047 
91       91  (18)      7 :  0.2945 0.6798 0.0257 
92       92  (13)      7 :  0.2885 0.7051 0.0064 
93       93  (10)      7 :  0.0103 0.9692 0.0205 
94       94  (11)      7 :  0.6926 0.1004 0.2069 
95       95   (7)      7 :  0.0986 0.8725 0.0289 
96       96  (22)      7 :  0.0022 0.9968 0.0010 
97       97   (5)      7 :  0.5164 0.4476 0.0360 
