 1        1   (8)      1 :  0.0008 0.0025 0.0023 0.9944 
 2        2   (9)      1 :  0.0045 0.1436 0.4442 0.4077 
 3        3   (9)      1 :  0.0047 0.0887 0.6495 0.2571 
 4        4  (18)      1 :  0.0018 0.1664 0.4833 0.3485 
 5        5  (22)      1 :  0.0139 0.0016 0.8554 0.1291 
 6        6   (9)      1 :  0.0261 0.6499 0.1609 0.1631 
 7        7  (13)      1 :  0.0017 0.0553 0.3326 0.6104 
 8        8  (14)      1 :  0.0013 0.2003 0.4524 0.3460 
 9        9   (5)      1 :  0.0011 0.1878 0.5483 0.2627 
10       10  (10)      1 :  0.0028 0.0279 0.6782 0.2911 
11       11  (21)      1 :  0.0116 0.5971 0.2201 0.1713 
12       12   (7)      1 :  0.0615 0.5283 0.2973 0.1129 
13       13  (26)      1 :  0.0012 0.0024 0.8588 0.1376 
14       14   (8)      2 :  0.0010 0.9532 0.0430 0.0028 
15       15   (7)      2 :  0.0024 0.8638 0.0761 0.0576 
16       16   (7)      2 :  0.0010 0.9722 0.0098 0.0170 
17       17   (7)      2 :  0.0146 0.7353 0.2220 0.0281 
18       18  (13)      2 :  0.0010 0.7717 0.0678 0.1595 
19       19  (15)      2 :  0.0108 0.7598 0.2206 0.0088 
20       20   (6)      2 :  0.0035 0.9205 0.0402 0.0358 
21       21   (5)      2 :  0.0026 0.9555 0.0389 0.0030 
22       22   (8)      2 :  0.0062 0.7640 0.2077 0.0221 
23       23   (5)      2 :  0.0010 0.8605 0.1306 0.0079 
24       24  (12)      2 :  0.0011 0.9442 0.0520 0.0027 
25       25  (10)      2 :  0.0069 0.9675 0.0220 0.0036 
26       26  (10)      2 :  0.0010 0.9970 0.0010 0.0010 
27       27  (49)      2 :  0.0038 0.8850 0.1038 0.0074 
28       28  (20)      2 :  0.0010 0.7958 0.1927 0.0105 
29       29   (9)      3 :  0.0010 0.0040 0.2025 0.7925 
30       30   (8)      3 :  0.0010 0.0010 0.2010 0.7970 
31       31  (19)      3 :  0.0013 0.0672 0.2777 0.6538 
32       32  (13)      3 :  0.0159 0.2652 0.2156 0.5032 
33       33   (6)      3 :  0.0613 0.0053 0.4900 0.4434 
34       34  (10)      3 :  0.0021 0.1331 0.3139 0.5508 
35       35   (4)      3 :  0.0039 0.2688 0.5022 0.2251 
36       36  (17)      3 :  0.0095 0.0030 0.5609 0.4266 
37       37   (8)      3 :  0.0147 0.1655 0.5936 0.2262 
38       38   (9)      3 :  0.0036 0.0645 0.4196 0.5123 
39       39  (15)      3 :  0.0649 0.1136 0.2198 0.6017 
40       40  (15)      3 :  0.1590 0.0022 0.2391 0.5996 
41       41   (5)      4 :  0.0021 0.9572 0.0378 0.0029 
42       42   (8)      4 :  0.0048 0.9678 0.0235 0.0039 
43       43  (16)      4 :  0.0056 0.9112 0.0563 0.0269 
44       44  (33)      4 :  0.0077 0.8295 0.0540 0.1088 
45       45  (17)      4 :  0.0059 0.9314 0.0582 0.0045 
46       46  (14)      4 :  0.0029 0.6333 0.2094 0.1543 
47       47   (5)      4 :  0.0033 0.9859 0.0089 0.0019 
48       48  (24)      4 :  0.0176 0.9079 0.0684 0.0061 
49       49  (32)      4 :  0.0017 0.9157 0.0779 0.0047 
50       50  (24)      4 :  0.0020 0.9846 0.0053 0.0081 
51       51  (17)      4 :  0.0138 0.9122 0.0613 0.0127 
52       52   (5)      4 :  0.0012 0.7397 0.2421 0.0170 
53       53  (11)      4 :  0.0371 0.8804 0.0806 0.0019 
54       54   (9)      4 :  0.0058 0.7240 0.2051 0.0651 
55       55  (27)      5 :  0.1907 0.5776 0.2001 0.0316 
56       56  (15)      5 :  0.0018 0.2382 0.3399 0.4201 
57       57  (15)      5 :  0.0478 0.0159 0.7729 0.1634 
58       58   (5)      5 :  0.0019 0.0010 0.4405 0.5566 
59       59   (7)      5 :  0.0015 0.2531 0.6665 0.0788 
60       60   (9)      5 :  0.0377 0.2018 0.0248 0.7356 
61       61  (17)      5 :  0.0040 0.3506 0.4383 0.2072 
62       62  (10)      5 :  0.0082 0.1514 0.3156 0.5248 
63       63  (12)      5 :  0.1708 0.1932 0.5759 0.0602 
64       64  (16)      5 :  0.0686 0.2894 0.2714 0.3706 
65       65  (17)      5 :  0.0119 0.2959 0.6217 0.0705 
66       66  (15)      5 :  0.0328 0.2153 0.2821 0.4698 
67       67  (12)      5 :  0.1078 0.1407 0.6582 0.0933 
68       68   (8)      5 :  0.0019 0.3436 0.1970 0.4574 
69       69  (13)      5 :  0.1216 0.1820 0.3888 0.3076 
70       70   (8)      5 :  0.0072 0.2653 0.6274 0.1001 
71       71  (19)      6 :  0.0012 0.9666 0.0294 0.0028 
72       72   (6)      6 :  0.0010 0.9961 0.0017 0.0012 
73       73  (40)      6 :  0.0020 0.9416 0.0527 0.0037 
74       74  (25)      6 :  0.0010 0.9919 0.0031 0.0040 
75       75  (15)      6 :  0.0242 0.9588 0.0128 0.0042 
76       76  (36)      6 :  0.0169 0.8013 0.0998 0.0820 
77       77   (8)      6 :  0.1154 0.8778 0.0045 0.0023 
78       78   (9)      6 :  0.0032 0.9902 0.0039 0.0027 
79       79   (8)      6 :  0.0248 0.9432 0.0204 0.0116 
80       80   (8)      6 :  0.0070 0.7884 0.0891 0.1155 
81       81   (8)      6 :  0.1581 0.7751 0.0644 0.0024 
82       82   (9)      6 :  0.0081 0.9862 0.0037 0.0020 
83       83   (9)      5 :  0.0946 0.2168 0.4350 0.2536 
84       84  (29)      7 :  0.5024 0.0107 0.3388 0.1481 
85       85   (8)      7 :  0.6138 0.0908 0.2517 0.0437 
86       86  (10)      7 :  0.8294 0.0368 0.0995 0.0343 
87       87   (8)      7 :  0.6556 0.1209 0.1010 0.1225 
88       88  (10)      7 :  0.7850 0.1145 0.0896 0.0109 
89       89  (25)      7 :  0.1480 0.1812 0.6542 0.0166 
90       90  (11)      7 :  0.7394 0.0028 0.2547 0.0031 
91       91  (18)      7 :  0.6917 0.0312 0.0612 0.2159 
92       92  (13)      7 :  0.6089 0.0042 0.3756 0.0113 
93       93  (10)      7 :  0.9678 0.0188 0.0085 0.0049 
94       94  (11)      7 :  0.0307 0.1025 0.6474 0.2195 
95       95   (7)      7 :  0.8211 0.0114 0.1495 0.0180 
96       96  (22)      7 :  0.9949 0.0012 0.0013 0.0026 
97       97   (5)      7 :  0.3612 0.0150 0.6028 0.0210 
