 1        1   (8)      1 :  0.9840 0.0160 
 2        2   (9)      1 :  0.8506 0.1494 
 3        3   (9)      1 :  0.8532 0.1468 
 4        4  (18)      1 :  0.7454 0.2546 
 5        5  (22)      1 :  0.9941 0.0059 
 6        6   (9)      1 :  0.2886 0.7114 
 7        7  (13)      1 :  0.9167 0.0833 
 8        8  (14)      1 :  0.7143 0.2857 
 9        9   (5)      1 :  0.7297 0.2703 
10       10  (10)      1 :  0.9059 0.0941 
11       11  (21)      1 :  0.3283 0.6717 
12       12   (7)      1 :  0.3605 0.6395 
13       13  (26)      1 :  0.9891 0.0109 
14       14   (8)      2 :  0.0059 0.9941 
15       15   (7)      2 :  0.0582 0.9418 
16       16   (7)      2 :  0.0053 0.9947 
17       17   (7)      2 :  0.2145 0.7855 
18       18  (13)      2 :  0.1441 0.8559 
19       19  (15)      2 :  0.1083 0.8917 
20       20   (6)      2 :  0.0090 0.9910 
21       21   (5)      2 :  0.0043 0.9957 
22       22   (8)      2 :  0.1180 0.8820 
23       23   (5)      2 :  0.0154 0.9846 
24       24  (12)      2 :  0.0044 0.9956 
25       25  (10)      2 :  0.0111 0.9889 
26       26  (10)      2 :  0.0020 0.9980 
27       27  (49)      2 :  0.0130 0.9870 
28       28  (20)      2 :  0.0214 0.9786 
29       29   (9)      3 :  0.9738 0.0262 
30       30   (8)      3 :  0.9971 0.0029 
31       31  (19)      3 :  0.8879 0.1121 
32       32  (13)      3 :  0.7244 0.2756 
33       33   (6)      3 :  0.9791 0.0209 
34       34  (10)      3 :  0.8179 0.1821 
35       35   (4)      3 :  0.6329 0.3671 
36       36  (17)      3 :  0.9906 0.0094 
37       37   (8)      3 :  0.8213 0.1787 
38       38   (9)      3 :  0.9198 0.0802 
39       39  (15)      3 :  0.8924 0.1076 
40       40  (15)      3 :  0.9953 0.0047 
41       41   (5)      4 :  0.0059 0.9941 
42       42   (8)      4 :  0.0063 0.9937 
43       43  (16)      4 :  0.0171 0.9829 
44       44  (33)      4 :  0.1403 0.8597 
45       45  (17)      4 :  0.0091 0.9909 
46       46  (14)      4 :  0.2817 0.7183 
47       47   (5)      4 :  0.0038 0.9962 
48       48  (24)      4 :  0.0275 0.9725 
49       49  (32)      4 :  0.0079 0.9921 
50       50  (24)      4 :  0.0058 0.9942 
51       51  (17)      4 :  0.0723 0.9277 
52       52   (5)      4 :  0.1155 0.8845 
53       53  (11)      4 :  0.0253 0.9747 
54       54   (9)      4 :  0.1649 0.8351 
55       55  (27)      5 :  0.3649 0.6351 
56       56  (15)      5 :  0.6667 0.3333 
57       57  (15)      5 :  0.9462 0.0538 
58       58   (5)      5 :  0.9976 0.0024 
59       59   (7)      5 :  0.5990 0.4010 
60       60   (9)      5 :  0.7470 0.2530 
61       61  (17)      5 :  0.5427 0.4573 
62       62  (10)      5 :  0.8343 0.1657 
63       63  (12)      5 :  0.6996 0.3004 
64       64  (16)      5 :  0.6689 0.3311 
65       65  (17)      5 :  0.6172 0.3828 
66       66  (15)      5 :  0.7466 0.2534 
67       67  (12)      5 :  0.7448 0.2552 
68       68   (8)      5 :  0.5866 0.4134 
69       69  (13)      5 :  0.7607 0.2393 
70       70   (8)      5 :  0.6642 0.3358 
71       71  (19)      6 :  0.0044 0.9956 
72       72   (6)      6 :  0.0021 0.9979 
73       73  (40)      6 :  0.0086 0.9914 
74       74  (25)      6 :  0.0030 0.9970 
75       75  (15)      6 :  0.0128 0.9872 
76       76  (36)      6 :  0.1468 0.8532 
77       77   (8)      6 :  0.0153 0.9847 
78       78   (9)      6 :  0.0054 0.9946 
79       79   (8)      6 :  0.0303 0.9697 
80       80   (8)      6 :  0.1574 0.8426 
81       81   (8)      6 :  0.1829 0.8171 
82       82   (9)      6 :  0.0047 0.9953 
83       83   (9)      5 :  0.7006 0.2994 
84       84  (29)      7 :  0.8638 0.1362 
85       85   (8)      7 :  0.7865 0.2135 
86       86  (10)      7 :  0.7842 0.2158 
87       87   (8)      7 :  0.7609 0.2391 
88       88  (10)      7 :  0.7688 0.2312 
89       89  (25)      7 :  0.7040 0.2960 
90       90  (11)      7 :  0.9002 0.0998 
91       91  (18)      7 :  0.8462 0.1538 
92       92  (13)      7 :  0.9414 0.0586 
93       93  (10)      7 :  0.8206 0.1794 
94       94  (11)      7 :  0.8088 0.1912 
95       95   (7)      7 :  0.8245 0.1755 
96       96  (22)      7 :  0.9425 0.0575 
97       97   (5)      7 :  0.8420 0.1580 
