

-----------------------------------------------------------------
-----------------------------------------------------------------
CLUMPP by M. Jakobsson and N. A. Rosenberg (2007)
              Code by M. Jakobsson
           Version 1.1.2 (May 2009)
-----------------------------------------------------------------
-----------------------------------------------------------------


Parameter settings 
----------------------- Main parameters -------------------------
DATATYPE = 0
INDFILE = afra_2f_1470608212/clumpp_K7.ind
POPFILE = 
OUTFILE = afra_2f_1470608212/clumpp_K7.out
MISCFILE = afra_2f_1470608212/clumpp_K7.misc
K = 7
C = 97
R = 10
M = 2
W = 0
S = 2
- Additional options for the Greedy and LargeKGreedy algorithms -
GREEDY_OPTION = 2
REPEATS = 1000
PERMUTATIONFILE = 
----------------------- Optional outputs ------------------------
PRINT_PERMUTED_DATA = 2
PERMUTED_DATAFILE = afra_2f_1470608212/clumpp_K7_perm
PRINT_EVERY_PERM = 0
EVERY_PERMFILE = 
PRINT_RANDOM_INPUTORDERFILE = 0
RANDOM_INPUTORDERFILE = 
----------------------- Advanced options ------------------------
OVERRIDE_WARNINGS = 0
ORDER_BY_RUN = 1


In total, 1000 configurations of runs and clusters will be tested.

Running... 
----------------------------------
Best estimate of H'  Repeat number (of 1000)
0.733755828353296    1
0.739709488412654    2
0.739709488412654    3
0.739709488412654    22
0.739709488412654    702


Results 
----------------------------------
The highest value of H' is: 0.739709488412654

The list of permutation of the clusters that produces that
H' value is (each run is on a separate row)
1 2 3 4 5 6 7 
2 5 7 3 4 1 6 
4 3 2 5 7 1 6 
3 1 4 5 2 7 6 
7 2 5 1 4 6 3 
3 6 1 5 7 2 4 
7 1 6 3 4 5 2 
2 3 4 1 7 6 5 
3 4 7 6 5 2 1 
4 1 3 5 7 6 2 

The program finished in (days:hours:minutes:seconds)
0:0:25:46

