 1        1   (8)      1 :  0.6942 0.3011 0.0012 0.0016 0.0006 0.0013 
 2        2   (9)      1 :  0.3261 0.0492 0.0725 0.0034 0.0044 0.5445 
 3        3   (9)      1 :  0.1309 0.2612 0.0050 0.5060 0.0027 0.0942 
 4        4  (18)      1 :  0.2954 0.1125 0.0609 0.2006 0.0014 0.3292 
 5        5  (22)      1 :  0.0017 0.0018 0.0011 0.0071 0.0025 0.9858 
 6        6   (9)      1 :  0.1519 0.1381 0.4648 0.1577 0.0177 0.0697 
 7        7  (13)      1 :  0.5237 0.0431 0.0222 0.0042 0.0013 0.4055 
 8        8  (14)      1 :  0.2120 0.0463 0.1675 0.0108 0.0012 0.5623 
 9        9   (5)      1 :  0.2172 0.1819 0.1038 0.4571 0.0009 0.0391 
10       10  (10)      1 :  0.2111 0.0335 0.0123 0.1971 0.0019 0.5441 
11       11  (21)      1 :  0.1154 0.1797 0.4151 0.1799 0.0081 0.1018 
12       12   (7)      1 :  0.0691 0.1267 0.3724 0.2873 0.0411 0.1035 
13       13  (26)      1 :  0.0133 0.0083 0.0018 0.0122 0.0010 0.9634 
14       14   (8)      2 :  0.0040 0.0650 0.8432 0.0834 0.0010 0.0034 
15       15   (7)      2 :  0.0080 0.0853 0.6957 0.2075 0.0015 0.0020 
16       16   (7)      2 :  0.0264 0.4076 0.5288 0.0329 0.0010 0.0033 
17       17   (7)      2 :  0.0187 0.2226 0.4897 0.2273 0.0066 0.0351 
18       18  (13)      2 :  0.1293 0.2054 0.5312 0.1311 0.0010 0.0020 
19       19  (15)      2 :  0.0022 0.3108 0.4147 0.1119 0.0034 0.1570 
20       20   (6)      2 :  0.0191 0.1856 0.6439 0.1482 0.0020 0.0012 
21       21   (5)      2 :  0.0017 0.3110 0.5787 0.1059 0.0017 0.0010 
22       22   (8)      2 :  0.0031 0.0817 0.5056 0.4027 0.0023 0.0046 
23       23   (5)      2 :  0.0066 0.2742 0.5130 0.1863 0.0010 0.0189 
24       24  (12)      2 :  0.0022 0.3195 0.5522 0.1225 0.0010 0.0026 
25       25  (10)      2 :  0.0033 0.0465 0.9138 0.0062 0.0058 0.0244 
26       26  (10)      2 :  0.0011 0.1315 0.8641 0.0010 0.0010 0.0013 
27       27  (49)      2 :  0.0061 0.1280 0.7237 0.0672 0.0036 0.0714 
28       28  (20)      2 :  0.0038 0.3814 0.3612 0.2406 0.0010 0.0120 
29       29   (9)      3 :  0.8738 0.0304 0.0024 0.0080 0.0011 0.0843 
30       30   (8)      3 :  0.8904 0.0015 0.0010 0.0013 0.0009 0.1049 
31       31  (19)      3 :  0.5060 0.1027 0.0394 0.0072 0.0015 0.3432 
32       32  (13)      3 :  0.4188 0.1668 0.1550 0.1716 0.0144 0.0734 
33       33   (6)      3 :  0.2894 0.0701 0.0076 0.0115 0.0264 0.5950 
34       34  (10)      3 :  0.5783 0.0771 0.0601 0.0535 0.0021 0.2290 
35       35   (4)      3 :  0.1291 0.1224 0.0441 0.4519 0.0022 0.2503 
36       36  (17)      3 :  0.2948 0.0610 0.0020 0.3331 0.0066 0.3026 
37       37   (8)      3 :  0.1263 0.0161 0.0992 0.3175 0.0077 0.4333 
38       38   (9)      3 :  0.5220 0.0693 0.0092 0.2286 0.0028 0.1681 
39       39  (15)      3 :  0.6421 0.0358 0.0629 0.0642 0.0608 0.1342 
40       40  (15)      3 :  0.6376 0.0270 0.0019 0.0422 0.1672 0.1242 
41       41   (5)      4 :  0.0015 0.0039 0.8905 0.0024 0.0010 0.1007 
42       42   (8)      4 :  0.0041 0.1939 0.7279 0.0682 0.0035 0.0025 
43       43  (16)      4 :  0.0062 0.4374 0.4563 0.0940 0.0034 0.0027 
44       44  (33)      4 :  0.0409 0.2166 0.5737 0.0023 0.0065 0.1600 
45       45  (17)      4 :  0.0037 0.1612 0.7065 0.1221 0.0032 0.0033 
46       46  (14)      4 :  0.1103 0.3068 0.3463 0.1110 0.0031 0.1224 
47       47   (5)      4 :  0.0020 0.0471 0.9211 0.0098 0.0041 0.0159 
48       48  (24)      4 :  0.0030 0.2530 0.6213 0.0781 0.0060 0.0386 
49       49  (32)      4 :  0.0037 0.2256 0.5464 0.2183 0.0010 0.0050 
50       50  (24)      4 :  0.0163 0.1237 0.8460 0.0087 0.0019 0.0034 
51       51  (17)      4 :  0.0071 0.2448 0.6195 0.1205 0.0044 0.0036 
52       52   (5)      4 :  0.0027 0.1634 0.5648 0.0294 0.0010 0.2387 
53       53  (11)      4 :  0.0014 0.1561 0.6653 0.1214 0.0233 0.0325 
54       54   (9)      4 :  0.0395 0.1152 0.5723 0.0779 0.0057 0.1895 
55       55  (27)      5 :  0.0105 0.1908 0.3470 0.2617 0.1666 0.0234 
56       56  (15)      5 :  0.2867 0.0509 0.1800 0.0458 0.0016 0.4350 
57       57  (15)      5 :  0.0480 0.0444 0.0038 0.4923 0.0039 0.4077 
58       58   (5)      5 :  0.4718 0.0464 0.0010 0.0038 0.0016 0.4754 
59       59   (7)      5 :  0.0366 0.2077 0.0482 0.5878 0.0011 0.1186 
60       60   (9)      5 :  0.5087 0.2953 0.0803 0.0307 0.0278 0.0572 
61       61  (17)      5 :  0.1116 0.1352 0.1737 0.2713 0.0026 0.3056 
62       62  (10)      5 :  0.4360 0.1630 0.0423 0.2436 0.0066 0.1085 
63       63  (12)      5 :  0.0103 0.0613 0.0682 0.4454 0.1465 0.2683 
64       64  (16)      5 :  0.3345 0.1071 0.1716 0.2392 0.0607 0.0869 
65       65  (17)      5 :  0.0138 0.0473 0.0756 0.5491 0.0043 0.3099 
66       66  (15)      5 :  0.3412 0.1506 0.1305 0.2403 0.0207 0.1167 
67       67  (12)      5 :  0.0060 0.0161 0.0018 0.9702 0.0036 0.0023 
68       68   (8)      5 :  0.3156 0.2266 0.1200 0.3339 0.0011 0.0029 
69       69  (13)      5 :  0.2321 0.0788 0.0738 0.1326 0.1204 0.3622 
70       70   (8)      5 :  0.0192 0.0284 0.1462 0.3379 0.0035 0.4648 
71       71  (19)      6 :  0.0027 0.1195 0.7704 0.1018 0.0012 0.0044 
72       72   (6)      6 :  0.0012 0.0700 0.9238 0.0023 0.0010 0.0017 
73       73  (40)      6 :  0.0024 0.0379 0.8242 0.0063 0.0018 0.1274 
74       74  (25)      6 :  0.0030 0.1405 0.8465 0.0027 0.0010 0.0063 
75       75  (15)      6 :  0.0035 0.0066 0.9248 0.0050 0.0097 0.0504 
76       76  (36)      6 :  0.0662 0.1265 0.6715 0.1070 0.0082 0.0207 
77       77   (8)      6 :  0.0029 0.0162 0.8369 0.0055 0.1162 0.0223 
78       78   (9)      6 :  0.0027 0.0261 0.9581 0.0046 0.0036 0.0049 
79       79   (8)      6 :  0.0068 0.1645 0.7240 0.0832 0.0188 0.0027 
80       80   (8)      6 :  0.0731 0.1632 0.5734 0.1847 0.0032 0.0024 
81       81   (8)      6 :  0.0021 0.1146 0.6256 0.0610 0.1572 0.0395 
82       82   (9)      6 :  0.0023 0.0939 0.8809 0.0125 0.0069 0.0035 
83       83   (9)      5 :  0.1657 0.1489 0.0356 0.4314 0.0726 0.1458 
84       84  (29)      7 :  0.1116 0.0417 0.0053 0.1591 0.4775 0.2047 
85       85   (8)      7 :  0.0277 0.0286 0.0483 0.1933 0.5986 0.1035 
86       86  (10)      7 :  0.0114 0.0182 0.0125 0.1810 0.7722 0.0047 
87       87   (8)      7 :  0.0749 0.1224 0.0273 0.1314 0.6293 0.0146 
88       88  (10)      7 :  0.0043 0.0369 0.0524 0.0223 0.7592 0.1249 
89       89  (25)      7 :  0.0034 0.0465 0.0082 0.9184 0.0058 0.0177 
90       90  (11)      7 :  0.0024 0.0112 0.0020 0.2689 0.6958 0.0197 
91       91  (18)      7 :  0.2107 0.0618 0.0214 0.0070 0.6712 0.0279 
92       92  (13)      7 :  0.0037 0.1103 0.0021 0.1849 0.5445 0.1545 
93       93  (10)      7 :  0.0045 0.0064 0.0151 0.0055 0.9650 0.0035 
94       94  (11)      7 :  0.1681 0.0572 0.0039 0.5138 0.0035 0.2535 
95       95   (7)      7 :  0.0078 0.0522 0.0037 0.1359 0.7450 0.0553 
96       96  (22)      7 :  0.0057 0.0011 0.0013 0.0010 0.9896 0.0013 
97       97   (5)      7 :  0.0077 0.0219 0.0041 0.7197 0.2384 0.0082 
