

-----------------------------------------------------------------
-----------------------------------------------------------------
CLUMPP by M. Jakobsson and N. A. Rosenberg (2007)
              Code by M. Jakobsson
           Version 1.1.2 (May 2009)
-----------------------------------------------------------------
-----------------------------------------------------------------


Parameter settings 
----------------------- Main parameters -------------------------
DATATYPE = 0
INDFILE = afra_2f_1470608212/clumpp_K6.ind
POPFILE = 
OUTFILE = afra_2f_1470608212/clumpp_K6.out
MISCFILE = afra_2f_1470608212/clumpp_K6.misc
K = 6
C = 97
R = 10
M = 2
W = 0
S = 2
- Additional options for the Greedy and LargeKGreedy algorithms -
GREEDY_OPTION = 2
REPEATS = 1000
PERMUTATIONFILE = 
----------------------- Optional outputs ------------------------
PRINT_PERMUTED_DATA = 2
PERMUTED_DATAFILE = afra_2f_1470608212/clumpp_K6_perm
PRINT_EVERY_PERM = 0
EVERY_PERMFILE = 
PRINT_RANDOM_INPUTORDERFILE = 0
RANDOM_INPUTORDERFILE = 
----------------------- Advanced options ------------------------
OVERRIDE_WARNINGS = 0
ORDER_BY_RUN = 1


In total, 1000 configurations of runs and clusters will be tested.

Running... 
----------------------------------
Best estimate of H'  Repeat number (of 1000)
0.746774092404948    1
0.746774092404948    4
0.746774092404949    6
0.746774092404949    75


Results 
----------------------------------
The highest value of H' is: 0.746774092404949

The list of permutation of the clusters that produces that
H' value is (each run is on a separate row)
1 2 3 4 5 6 
6 2 5 4 3 1 
2 4 6 5 1 3 
3 4 1 5 2 6 
1 3 6 2 4 5 
5 1 6 3 4 2 
6 3 4 1 5 2 
1 2 6 3 5 4 
1 2 6 3 4 5 
1 4 6 3 2 5 

The program finished in (days:hours:minutes:seconds)
0:0:3:10

